<?xml version="1.0" encoding="UTF-8"?>
<testsuite name="com.example.uxn_api.web.device.controller.DeviceApiControllerTest" tests="2" skipped="0" failures="0" errors="0" timestamp="2023-05-23T01:11:31" hostname="NOTEBOOK-KWYEOM" time="0.043">
  <properties/>
  <testcase name="infoFromUser test" classname="com.example.uxn_api.web.device.controller.DeviceApiControllerTest" time="0.032"/>
  <testcase name="registration test" classname="com.example.uxn_api.web.device.controller.DeviceApiControllerTest" time="0.008"/>
  <system-out><![CDATA[2023-05-23 10:11:30.350  INFO 22408 --- [    Test worker] .b.t.a.w.s.WebMvcTestContextBootstrapper : Neither @ContextConfiguration nor @ContextHierarchy found for test class [com.example.uxn_api.web.device.controller.DeviceApiControllerTest], using SpringBootContextLoader
2023-05-23 10:11:30.351  INFO 22408 --- [    Test worker] o.s.t.c.support.AbstractContextLoader    : Could not detect default resource locations for test class [com.example.uxn_api.web.device.controller.DeviceApiControllerTest]: no resource found for suffixes {-context.xml, Context.groovy}.
2023-05-23 10:11:30.352  INFO 22408 --- [    Test worker] t.c.s.AnnotationConfigContextLoaderUtils : Could not detect default configuration classes for test class [com.example.uxn_api.web.device.controller.DeviceApiControllerTest]: DeviceApiControllerTest does not declare any static, non-private, non-final, nested classes annotated with @Configuration.
2023-05-23 10:11:30.365  INFO 22408 --- [    Test worker] .b.t.c.SpringBootTestContextBootstrapper : Found @SpringBootConfiguration com.example.uxn_api.UxnApiApplication for test class com.example.uxn_api.web.device.controller.DeviceApiControllerTest
2023-05-23 10:11:30.365  INFO 22408 --- [    Test worker] .b.t.a.w.s.WebMvcTestContextBootstrapper : Loaded default TestExecutionListener class names from location [META-INF/spring.factories]: [org.springframework.security.test.context.support.WithSecurityContextTestExecutionListener, org.springframework.security.test.context.support.ReactorContextTestExecutionListener, org.springframework.boot.test.autoconfigure.restdocs.RestDocsTestExecutionListener, org.springframework.boot.test.autoconfigure.web.client.MockRestServiceServerResetTestExecutionListener, org.springframework.boot.test.autoconfigure.web.servlet.MockMvcPrintOnlyOnFailureTestExecutionListener, org.springframework.boot.test.autoconfigure.web.servlet.WebDriverTestExecutionListener, org.springframework.boot.test.autoconfigure.webservices.client.MockWebServiceServerTestExecutionListener, org.springframework.boot.test.mock.mockito.MockitoTestExecutionListener, org.springframework.boot.test.mock.mockito.ResetMocksTestExecutionListener, org.springframework.test.context.web.ServletTestExecutionListener, org.springframework.test.context.support.DirtiesContextBeforeModesTestExecutionListener, org.springframework.test.context.event.ApplicationEventsTestExecutionListener, org.springframework.test.context.support.DependencyInjectionTestExecutionListener, org.springframework.test.context.support.DirtiesContextTestExecutionListener, org.springframework.test.context.transaction.TransactionalTestExecutionListener, org.springframework.test.context.jdbc.SqlScriptsTestExecutionListener, org.springframework.test.context.event.EventPublishingTestExecutionListener]
2023-05-23 10:11:30.366  INFO 22408 --- [    Test worker] .b.t.a.w.s.WebMvcTestContextBootstrapper : Using TestExecutionListeners: [org.springframework.test.context.web.ServletTestExecutionListener@573382bd, org.springframework.test.context.support.DirtiesContextBeforeModesTestExecutionListener@6668eae, org.springframework.test.context.event.ApplicationEventsTestExecutionListener@424874c2, org.springframework.boot.test.mock.mockito.MockitoTestExecutionListener@4c011e4, org.springframework.boot.test.autoconfigure.SpringBootDependencyInjectionTestExecutionListener@4f2d5dab, org.springframework.test.context.support.DirtiesContextTestExecutionListener@7d8ca91e, org.springframework.test.context.transaction.TransactionalTestExecutionListener@7ce32c09, org.springframework.test.context.jdbc.SqlScriptsTestExecutionListener@78a84d40, org.springframework.security.test.context.support.WithSecurityContextTestExecutionListener@5dcd97fb, org.springframework.test.context.event.EventPublishingTestExecutionListener@45110105, org.springframework.security.test.context.support.ReactorContextTestExecutionListener@2077eeca, org.springframework.boot.test.autoconfigure.restdocs.RestDocsTestExecutionListener@1a0f75c9, org.springframework.boot.test.autoconfigure.web.client.MockRestServiceServerResetTestExecutionListener@2b4c4b3c, org.springframework.boot.test.autoconfigure.web.servlet.MockMvcPrintOnlyOnFailureTestExecutionListener@66987e79, org.springframework.boot.test.autoconfigure.web.servlet.WebDriverTestExecutionListener@7986ddde, org.springframework.boot.test.autoconfigure.webservices.client.MockWebServiceServerTestExecutionListener@18465e1a, org.springframework.boot.test.mock.mockito.ResetMocksTestExecutionListener@511af385]

  .   ____          _            __ _ _
 /\\ / ___'_ __ _ _(_)_ __  __ _ \ \ \ \
( ( )\___ | '_ | '_| | '_ \/ _` | \ \ \ \
 \\/  ___)| |_)| | | | | || (_| |  ) ) ) )
  '  |____| .__|_| |_|_| |_\__, | / / / /
 =========|_|==============|___/=/_/_/_/
 :: Spring Boot ::                (v2.7.1)

2023-05-23 10:11:30.405  INFO 22408 --- [    Test worker] c.e.u.w.d.c.DeviceApiControllerTest      : Starting DeviceApiControllerTest using Java 11.0.16 on notebook-kwyeom with PID 22408 (started by tochi in D:\GIT_Source\T1x_agms_server_v2\uxn_api)
2023-05-23 10:11:30.405 DEBUG 22408 --- [    Test worker] c.e.u.w.d.c.DeviceApiControllerTest      : Running with Spring Boot v2.7.1, Spring v5.3.21
2023-05-23 10:11:30.406  INFO 22408 --- [    Test worker] c.e.u.w.d.c.DeviceApiControllerTest      : No active profile set, falling back to 1 default profile: "default"
2023-05-23 10:11:31.065  WARN 22408 --- [    Test worker] ion$DefaultTemplateResolverConfiguration : Cannot find template location: classpath:/templates/ (please add some templates or check your Thymeleaf configuration)
2023-05-23 10:11:31.156  WARN 22408 --- [    Test worker] .s.s.UserDetailsServiceAutoConfiguration : 

Using generated security password: b8e24ab7-05c6-4d8d-9861-2c33663b0bd0

This generated password is for development use only. Your security configuration must be updated before running your application in production.

2023-05-23 10:11:31.269  INFO 22408 --- [    Test worker] o.s.s.web.DefaultSecurityFilterChain     : Will secure any request with [org.springframework.security.web.session.DisableEncodeUrlFilter@2d717d9c, org.springframework.security.web.context.request.async.WebAsyncManagerIntegrationFilter@36bf2040, org.springframework.security.web.context.SecurityContextPersistenceFilter@47e7e284, org.springframework.security.web.header.HeaderWriterFilter@58b68d89, org.springframework.security.web.csrf.CsrfFilter@735b0646, org.springframework.security.web.authentication.logout.LogoutFilter@4ae3097b, org.springframework.security.web.authentication.UsernamePasswordAuthenticationFilter@a96c460, org.springframework.security.web.authentication.ui.DefaultLoginPageGeneratingFilter@3b127290, org.springframework.security.web.authentication.ui.DefaultLogoutPageGeneratingFilter@a364733, org.springframework.security.web.authentication.www.BasicAuthenticationFilter@37b784dc, org.springframework.security.web.savedrequest.RequestCacheAwareFilter@1643f60a, org.springframework.security.web.servletapi.SecurityContextHolderAwareRequestFilter@7af5eb8e, org.springframework.security.web.authentication.AnonymousAuthenticationFilter@1aca3cd, org.springframework.security.web.session.SessionManagementFilter@6c25b070, org.springframework.security.web.access.ExceptionTranslationFilter@387d210b, org.springframework.security.web.access.intercept.FilterSecurityInterceptor@6cfef57f]
2023-05-23 10:11:31.352  INFO 22408 --- [    Test worker] o.s.b.t.m.w.SpringBootMockServletContext : Initializing Spring TestDispatcherServlet ''
2023-05-23 10:11:31.352  INFO 22408 --- [    Test worker] o.s.t.web.servlet.TestDispatcherServlet  : Initializing Servlet ''
2023-05-23 10:11:31.353  INFO 22408 --- [    Test worker] o.s.t.web.servlet.TestDispatcherServlet  : Completed initialization in 0 ms
2023-05-23 10:11:31.377  INFO 22408 --- [    Test worker] c.e.u.w.d.c.DeviceApiControllerTest      : Started DeviceApiControllerTest in 1.008 seconds (JVM running for 14.534)

MockHttpServletRequest:
      HTTP Method = GET
      Request URI = /api/v1/diabetes/user-info/33
       Parameters = {}
          Headers = []
             Body = null
    Session Attrs = {SPRING_SECURITY_CONTEXT=SecurityContextImpl [Authentication=UsernamePasswordAuthenticationToken [Principal=org.springframework.security.core.userdetails.User [Username=user, Password=[PROTECTED], Enabled=true, AccountNonExpired=true, credentialsNonExpired=true, AccountNonLocked=true, Granted Authorities=[ROLE_USER]], Credentials=[PROTECTED], Authenticated=true, Details=null, Granted Authorities=[ROLE_USER]]]}

Handler:
             Type = com.example.uxn_api.web.device.controller.DeviceApiController
           Method = com.example.uxn_api.web.device.controller.DeviceApiController#infoFromUser(Long)

Async:
    Async started = false
     Async result = null

Resolved Exception:
             Type = null

ModelAndView:
        View name = null
             View = null
            Model = null

FlashMap:
       Attributes = null

MockHttpServletResponse:
           Status = 200
    Error message = null
          Headers = [Content-Type:"application/json", X-Content-Type-Options:"nosniff", X-XSS-Protection:"1; mode=block", Cache-Control:"no-cache, no-store, max-age=0, must-revalidate", Pragma:"no-cache", Expires:"0", X-Frame-Options:"DENY"]
     Content type = application/json
             Body = [{"userInfoToDiabetes":{"email":"user1234@gmail.com","user_name":"user"},"device_id":"device_id","diabetes_level":99.9}]
    Forwarded URL = null
   Redirected URL = null
          Cookies = []
]]></system-out>
  <system-err><![CDATA[]]></system-err>
</testsuite>
