<?xml version="1.0" encoding="UTF-8"?>
<testsuite name="com.example.uxn_api.web.report.controller.ReportApiControllerTest" tests="3" skipped="0" failures="0" errors="0" timestamp="2023-05-23T01:11:36" hostname="NOTEBOOK-KWYEOM" time="0.08">
  <properties/>
  <testcase name="getReportItemList test" classname="com.example.uxn_api.web.report.controller.ReportApiControllerTest" time="0.025"/>
  <testcase name="downloadCsv test" classname="com.example.uxn_api.web.report.controller.ReportApiControllerTest" time="0.024"/>
  <testcase name="getReport test" classname="com.example.uxn_api.web.report.controller.ReportApiControllerTest" time="0.028"/>
  <system-out><![CDATA[2023-05-23 10:11:35.580  INFO 22408 --- [    Test worker] .b.t.a.w.s.WebMvcTestContextBootstrapper : Neither @ContextConfiguration nor @ContextHierarchy found for test class [com.example.uxn_api.web.report.controller.ReportApiControllerTest], using SpringBootContextLoader
2023-05-23 10:11:35.581  INFO 22408 --- [    Test worker] o.s.t.c.support.AbstractContextLoader    : Could not detect default resource locations for test class [com.example.uxn_api.web.report.controller.ReportApiControllerTest]: no resource found for suffixes {-context.xml, Context.groovy}.
2023-05-23 10:11:35.581  INFO 22408 --- [    Test worker] t.c.s.AnnotationConfigContextLoaderUtils : Could not detect default configuration classes for test class [com.example.uxn_api.web.report.controller.ReportApiControllerTest]: ReportApiControllerTest does not declare any static, non-private, non-final, nested classes annotated with @Configuration.
2023-05-23 10:11:35.596  INFO 22408 --- [    Test worker] .b.t.c.SpringBootTestContextBootstrapper : Found @SpringBootConfiguration com.example.uxn_api.UxnApiApplication for test class com.example.uxn_api.web.report.controller.ReportApiControllerTest
2023-05-23 10:11:35.597  INFO 22408 --- [    Test worker] .b.t.a.w.s.WebMvcTestContextBootstrapper : Loaded default TestExecutionListener class names from location [META-INF/spring.factories]: [org.springframework.security.test.context.support.WithSecurityContextTestExecutionListener, org.springframework.security.test.context.support.ReactorContextTestExecutionListener, org.springframework.boot.test.autoconfigure.restdocs.RestDocsTestExecutionListener, org.springframework.boot.test.autoconfigure.web.client.MockRestServiceServerResetTestExecutionListener, org.springframework.boot.test.autoconfigure.web.servlet.MockMvcPrintOnlyOnFailureTestExecutionListener, org.springframework.boot.test.autoconfigure.web.servlet.WebDriverTestExecutionListener, org.springframework.boot.test.autoconfigure.webservices.client.MockWebServiceServerTestExecutionListener, org.springframework.boot.test.mock.mockito.MockitoTestExecutionListener, org.springframework.boot.test.mock.mockito.ResetMocksTestExecutionListener, org.springframework.test.context.web.ServletTestExecutionListener, org.springframework.test.context.support.DirtiesContextBeforeModesTestExecutionListener, org.springframework.test.context.event.ApplicationEventsTestExecutionListener, org.springframework.test.context.support.DependencyInjectionTestExecutionListener, org.springframework.test.context.support.DirtiesContextTestExecutionListener, org.springframework.test.context.transaction.TransactionalTestExecutionListener, org.springframework.test.context.jdbc.SqlScriptsTestExecutionListener, org.springframework.test.context.event.EventPublishingTestExecutionListener]
2023-05-23 10:11:35.598  INFO 22408 --- [    Test worker] .b.t.a.w.s.WebMvcTestContextBootstrapper : Using TestExecutionListeners: [org.springframework.test.context.web.ServletTestExecutionListener@48beada7, org.springframework.test.context.support.DirtiesContextBeforeModesTestExecutionListener@26ec98ee, org.springframework.test.context.event.ApplicationEventsTestExecutionListener@2c5d47cf, org.springframework.boot.test.mock.mockito.MockitoTestExecutionListener@7acfe67f, org.springframework.boot.test.autoconfigure.SpringBootDependencyInjectionTestExecutionListener@47a1bf14, org.springframework.test.context.support.DirtiesContextTestExecutionListener@54874e6, org.springframework.test.context.transaction.TransactionalTestExecutionListener@43ed38bf, org.springframework.test.context.jdbc.SqlScriptsTestExecutionListener@4694d2a3, org.springframework.security.test.context.support.WithSecurityContextTestExecutionListener@c878c7a, org.springframework.test.context.event.EventPublishingTestExecutionListener@4aae3648, org.springframework.security.test.context.support.ReactorContextTestExecutionListener@60acd762, org.springframework.boot.test.autoconfigure.restdocs.RestDocsTestExecutionListener@cd101e, org.springframework.boot.test.autoconfigure.web.client.MockRestServiceServerResetTestExecutionListener@3099a821, org.springframework.boot.test.autoconfigure.web.servlet.MockMvcPrintOnlyOnFailureTestExecutionListener@bbed40c, org.springframework.boot.test.autoconfigure.web.servlet.WebDriverTestExecutionListener@daf15de, org.springframework.boot.test.autoconfigure.webservices.client.MockWebServiceServerTestExecutionListener@658aa995, org.springframework.boot.test.mock.mockito.ResetMocksTestExecutionListener@182fcda5]

  .   ____          _            __ _ _
 /\\ / ___'_ __ _ _(_)_ __  __ _ \ \ \ \
( ( )\___ | '_ | '_| | '_ \/ _` | \ \ \ \
 \\/  ___)| |_)| | | | | || (_| |  ) ) ) )
  '  |____| .__|_| |_|_| |_\__, | / / / /
 =========|_|==============|___/=/_/_/_/
 :: Spring Boot ::                (v2.7.1)

2023-05-23 10:11:35.627  INFO 22408 --- [    Test worker] c.e.u.w.r.c.ReportApiControllerTest      : Starting ReportApiControllerTest using Java 11.0.16 on notebook-kwyeom with PID 22408 (started by tochi in D:\GIT_Source\T1x_agms_server_v2\uxn_api)
2023-05-23 10:11:35.628 DEBUG 22408 --- [    Test worker] c.e.u.w.r.c.ReportApiControllerTest      : Running with Spring Boot v2.7.1, Spring v5.3.21
2023-05-23 10:11:35.628  INFO 22408 --- [    Test worker] c.e.u.w.r.c.ReportApiControllerTest      : No active profile set, falling back to 1 default profile: "default"
2023-05-23 10:11:36.100  WARN 22408 --- [    Test worker] ion$DefaultTemplateResolverConfiguration : Cannot find template location: classpath:/templates/ (please add some templates or check your Thymeleaf configuration)
2023-05-23 10:11:36.178  WARN 22408 --- [    Test worker] .s.s.UserDetailsServiceAutoConfiguration : 

Using generated security password: 70ac1269-4cdb-416b-9cb0-251a0eec9151

This generated password is for development use only. Your security configuration must be updated before running your application in production.

2023-05-23 10:11:36.301  INFO 22408 --- [    Test worker] o.s.s.web.DefaultSecurityFilterChain     : Will secure any request with [org.springframework.security.web.session.DisableEncodeUrlFilter@5f45100a, org.springframework.security.web.context.request.async.WebAsyncManagerIntegrationFilter@5db98b75, org.springframework.security.web.context.SecurityContextPersistenceFilter@6ed2b6ac, org.springframework.security.web.header.HeaderWriterFilter@6ed54c0d, org.springframework.security.web.csrf.CsrfFilter@49a637e7, org.springframework.security.web.authentication.logout.LogoutFilter@1c036772, org.springframework.security.web.authentication.UsernamePasswordAuthenticationFilter@6b4ca166, org.springframework.security.web.authentication.ui.DefaultLoginPageGeneratingFilter@45188019, org.springframework.security.web.authentication.ui.DefaultLogoutPageGeneratingFilter@53705635, org.springframework.security.web.authentication.www.BasicAuthenticationFilter@246ba501, org.springframework.security.web.savedrequest.RequestCacheAwareFilter@a450c0e, org.springframework.security.web.servletapi.SecurityContextHolderAwareRequestFilter@4e349c6f, org.springframework.security.web.authentication.AnonymousAuthenticationFilter@2a4aa2f7, org.springframework.security.web.session.SessionManagementFilter@16b3b292, org.springframework.security.web.access.ExceptionTranslationFilter@51d6b4ac, org.springframework.security.web.access.intercept.FilterSecurityInterceptor@6fcdb669]
2023-05-23 10:11:36.358  INFO 22408 --- [    Test worker] o.s.b.t.m.w.SpringBootMockServletContext : Initializing Spring TestDispatcherServlet ''
2023-05-23 10:11:36.358  INFO 22408 --- [    Test worker] o.s.t.web.servlet.TestDispatcherServlet  : Initializing Servlet ''
2023-05-23 10:11:36.359  INFO 22408 --- [    Test worker] o.s.t.web.servlet.TestDispatcherServlet  : Completed initialization in 1 ms
2023-05-23 10:11:36.372  INFO 22408 --- [    Test worker] c.e.u.w.r.c.ReportApiControllerTest      : Started ReportApiControllerTest in 0.772 seconds (JVM running for 19.528)

MockHttpServletRequest:
      HTTP Method = GET
      Request URI = /api/v1/report/list/33
       Parameters = {page=[1], _csrf=[102639bd-6143-433c-85c3-83a8d1c9f8ac]}
          Headers = []
             Body = null
    Session Attrs = {SPRING_SECURITY_CONTEXT=SecurityContextImpl [Authentication=UsernamePasswordAuthenticationToken [Principal=org.springframework.security.core.userdetails.User [Username=user, Password=[PROTECTED], Enabled=true, AccountNonExpired=true, credentialsNonExpired=true, AccountNonLocked=true, Granted Authorities=[ROLE_USER]], Credentials=[PROTECTED], Authenticated=true, Details=null, Granted Authorities=[ROLE_USER]]]}

Handler:
             Type = com.example.uxn_api.web.report.controller.ReportApiController
           Method = com.example.uxn_api.web.report.controller.ReportApiController#getReportItemList(Long, String, String, String)

Async:
    Async started = false
     Async result = null

Resolved Exception:
             Type = null

ModelAndView:
        View name = null
             View = null
            Model = null

FlashMap:
       Attributes = null

MockHttpServletResponse:
           Status = 200
    Error message = null
          Headers = [Content-Type:"application/json", X-Content-Type-Options:"nosniff", X-XSS-Protection:"1; mode=block", Cache-Control:"no-cache, no-store, max-age=0, must-revalidate", Pragma:"no-cache", Expires:"0", X-Frame-Options:"DENY"]
     Content type = application/json
             Body = {"lastPage":0,"list":null}
    Forwarded URL = null
   Redirected URL = null
          Cookies = []

MockHttpServletRequest:
      HTTP Method = GET
      Request URI = /api/v1/report/csv/down/abc123@gmail.com
       Parameters = {startDate=[2023-05-20], endDate=[2023-05-23], _csrf=[81ad1234-c7cd-46d9-91f8-0f4f32ba18a9]}
          Headers = []
             Body = null
    Session Attrs = {SPRING_SECURITY_CONTEXT=SecurityContextImpl [Authentication=UsernamePasswordAuthenticationToken [Principal=org.springframework.security.core.userdetails.User [Username=user, Password=[PROTECTED], Enabled=true, AccountNonExpired=true, credentialsNonExpired=true, AccountNonLocked=true, Granted Authorities=[ROLE_USER]], Credentials=[PROTECTED], Authenticated=true, Details=null, Granted Authorities=[ROLE_USER]]]}

Handler:
             Type = com.example.uxn_api.web.report.controller.ReportApiController
           Method = com.example.uxn_api.web.report.controller.ReportApiController#downloadCsv(String, LocalDate, LocalDate, HttpServletResponse)

Async:
    Async started = false
     Async result = null

Resolved Exception:
             Type = null

ModelAndView:
        View name = null
             View = null
            Model = null

FlashMap:
       Attributes = null

MockHttpServletResponse:
           Status = 200
    Error message = null
          Headers = [Content-Type:"text/csv; charset=UTF-8", Content-Encoding:"UTF-8", Content-Disposition:"attachment;filename=result_abc123@gmail.com_2023-05-20_2023-05-23.csv", X-Content-Type-Options:"nosniff", X-XSS-Protection:"1; mode=block", Cache-Control:"no-cache, no-store, max-age=0, must-revalidate", Pragma:"no-cache", Expires:"0", X-Frame-Options:"DENY"]
     Content type = text/csv; charset=UTF-8
             Body = 
    Forwarded URL = null
   Redirected URL = null
          Cookies = []

MockHttpServletRequest:
      HTTP Method = GET
      Request URI = /api/v1/report/detail/33
       Parameters = {startDate=[2023-05-20], endDate=[2023-05-23], _csrf=[5f248826-a1be-44b2-9e97-57bf6f8e0d1d]}
          Headers = []
             Body = null
    Session Attrs = {SPRING_SECURITY_CONTEXT=SecurityContextImpl [Authentication=UsernamePasswordAuthenticationToken [Principal=org.springframework.security.core.userdetails.User [Username=user, Password=[PROTECTED], Enabled=true, AccountNonExpired=true, credentialsNonExpired=true, AccountNonLocked=true, Granted Authorities=[ROLE_USER]], Credentials=[PROTECTED], Authenticated=true, Details=null, Granted Authorities=[ROLE_USER]]]}

Handler:
             Type = com.example.uxn_api.web.report.controller.ReportApiController
           Method = com.example.uxn_api.web.report.controller.ReportApiController#getReport(Long, LocalDate, LocalDate)

Async:
    Async started = false
     Async result = null

Resolved Exception:
             Type = null

ModelAndView:
        View name = null
             View = null
            Model = null

FlashMap:
       Attributes = null

MockHttpServletResponse:
           Status = 200
    Error message = null
          Headers = [Content-Type:"application/json", X-Content-Type-Options:"nosniff", X-XSS-Protection:"1; mode=block", Cache-Control:"no-cache, no-store, max-age=0, must-revalidate", Pragma:"no-cache", Expires:"0", X-Frame-Options:"DENY"]
     Content type = application/json
             Body = {"startDateTime":null,"endDateTime":null,"startDate":"2023-05-20","endDate":"2023-05-23","dateRange":0,"wholeDataMinute":0,"wholeDataCount":0,"dataCount":0,"dataMinute":0,"sensorActivePercent":0.0,"sensorActivePercentString":null,"averageGlucose":0.0,"averageGlucoseString":null,"lowerGlucoseCount":0,"gmi":0.0,"gmiMol":0.0,"glucoseCV":0.0,"veryHighGlucoseCount":0,"veryHighGlucoseMinute":0,"veryHighGlucosePercent":0.0,"highGlucoseCount":0,"highGlucoseMinute":0,"highGlucosePercent":0.0,"targetGlucoseCount":0,"targetGlucoseMinute":0,"targetGlucosePercent":0.0,"lowGlucoseCount":0,"lowGlucoseMinute":0,"lowGlucosePercent":0.0,"veryLowGlucoseCount":0,"veryLowGlucoseMinute":0,"veryLowGlucosePercent":0.0,"profileGraphData":null,"dayGraphDataList":null,"importantPattern":null,"deviceInformations":null}
    Forwarded URL = null
   Redirected URL = null
          Cookies = []
]]></system-out>
  <system-err><![CDATA[]]></system-err>
</testsuite>
