<?xml version="1.0" encoding="UTF-8"?>
<testsuite name="com.example.uxn_api.web.user.controller.UserAccountUpdateControllerTest" tests="1" skipped="0" failures="0" errors="0" timestamp="2023-05-23T01:11:40" hostname="NOTEBOOK-KWYEOM" time="0.029">
  <properties/>
  <testcase name="updatePassword test" classname="com.example.uxn_api.web.user.controller.UserAccountUpdateControllerTest" time="0.029"/>
  <system-out><![CDATA[2023-05-23 10:11:39.451  INFO 22408 --- [    Test worker] .b.t.a.w.s.WebMvcTestContextBootstrapper : Neither @ContextConfiguration nor @ContextHierarchy found for test class [com.example.uxn_api.web.user.controller.UserAccountUpdateControllerTest], using SpringBootContextLoader
2023-05-23 10:11:39.452  INFO 22408 --- [    Test worker] o.s.t.c.support.AbstractContextLoader    : Could not detect default resource locations for test class [com.example.uxn_api.web.user.controller.UserAccountUpdateControllerTest]: no resource found for suffixes {-context.xml, Context.groovy}.
2023-05-23 10:11:39.452  INFO 22408 --- [    Test worker] t.c.s.AnnotationConfigContextLoaderUtils : Could not detect default configuration classes for test class [com.example.uxn_api.web.user.controller.UserAccountUpdateControllerTest]: UserAccountUpdateControllerTest does not declare any static, non-private, non-final, nested classes annotated with @Configuration.
2023-05-23 10:11:39.456  INFO 22408 --- [    Test worker] .b.t.c.SpringBootTestContextBootstrapper : Found @SpringBootConfiguration com.example.uxn_api.UxnApiApplication for test class com.example.uxn_api.web.user.controller.UserAccountUpdateControllerTest
2023-05-23 10:11:39.457  INFO 22408 --- [    Test worker] .b.t.a.w.s.WebMvcTestContextBootstrapper : Loaded default TestExecutionListener class names from location [META-INF/spring.factories]: [org.springframework.security.test.context.support.WithSecurityContextTestExecutionListener, org.springframework.security.test.context.support.ReactorContextTestExecutionListener, org.springframework.boot.test.autoconfigure.restdocs.RestDocsTestExecutionListener, org.springframework.boot.test.autoconfigure.web.client.MockRestServiceServerResetTestExecutionListener, org.springframework.boot.test.autoconfigure.web.servlet.MockMvcPrintOnlyOnFailureTestExecutionListener, org.springframework.boot.test.autoconfigure.web.servlet.WebDriverTestExecutionListener, org.springframework.boot.test.autoconfigure.webservices.client.MockWebServiceServerTestExecutionListener, org.springframework.boot.test.mock.mockito.MockitoTestExecutionListener, org.springframework.boot.test.mock.mockito.ResetMocksTestExecutionListener, org.springframework.test.context.web.ServletTestExecutionListener, org.springframework.test.context.support.DirtiesContextBeforeModesTestExecutionListener, org.springframework.test.context.event.ApplicationEventsTestExecutionListener, org.springframework.test.context.support.DependencyInjectionTestExecutionListener, org.springframework.test.context.support.DirtiesContextTestExecutionListener, org.springframework.test.context.transaction.TransactionalTestExecutionListener, org.springframework.test.context.jdbc.SqlScriptsTestExecutionListener, org.springframework.test.context.event.EventPublishingTestExecutionListener]
2023-05-23 10:11:39.458  INFO 22408 --- [    Test worker] .b.t.a.w.s.WebMvcTestContextBootstrapper : Using TestExecutionListeners: [org.springframework.test.context.web.ServletTestExecutionListener@44b5280f, org.springframework.test.context.support.DirtiesContextBeforeModesTestExecutionListener@5f754dbf, org.springframework.test.context.event.ApplicationEventsTestExecutionListener@299341ca, org.springframework.boot.test.mock.mockito.MockitoTestExecutionListener@1c1608ae, org.springframework.boot.test.autoconfigure.SpringBootDependencyInjectionTestExecutionListener@710eae73, org.springframework.test.context.support.DirtiesContextTestExecutionListener@4e31d58, org.springframework.test.context.transaction.TransactionalTestExecutionListener@37cd911f, org.springframework.test.context.jdbc.SqlScriptsTestExecutionListener@1b32ac30, org.springframework.security.test.context.support.WithSecurityContextTestExecutionListener@1fcbe413, org.springframework.test.context.event.EventPublishingTestExecutionListener@3de236f, org.springframework.security.test.context.support.ReactorContextTestExecutionListener@58401f62, org.springframework.boot.test.autoconfigure.restdocs.RestDocsTestExecutionListener@569d6b76, org.springframework.boot.test.autoconfigure.web.client.MockRestServiceServerResetTestExecutionListener@16b6e6ca, org.springframework.boot.test.autoconfigure.web.servlet.MockMvcPrintOnlyOnFailureTestExecutionListener@64017a28, org.springframework.boot.test.autoconfigure.web.servlet.WebDriverTestExecutionListener@3ce2c2c5, org.springframework.boot.test.autoconfigure.webservices.client.MockWebServiceServerTestExecutionListener@119d8f4, org.springframework.boot.test.mock.mockito.ResetMocksTestExecutionListener@2038eeab]

  .   ____          _            __ _ _
 /\\ / ___'_ __ _ _(_)_ __  __ _ \ \ \ \
( ( )\___ | '_ | '_| | '_ \/ _` | \ \ \ \
 \\/  ___)| |_)| | | | | || (_| |  ) ) ) )
  '  |____| .__|_| |_|_| |_\__, | / / / /
 =========|_|==============|___/=/_/_/_/
 :: Spring Boot ::                (v2.7.1)

2023-05-23 10:11:39.488  INFO 22408 --- [    Test worker] .u.w.u.c.UserAccountUpdateControllerTest : Starting UserAccountUpdateControllerTest using Java 11.0.16 on notebook-kwyeom with PID 22408 (started by tochi in D:\GIT_Source\T1x_agms_server_v2\uxn_api)
2023-05-23 10:11:39.488 DEBUG 22408 --- [    Test worker] .u.w.u.c.UserAccountUpdateControllerTest : Running with Spring Boot v2.7.1, Spring v5.3.21
2023-05-23 10:11:39.489  INFO 22408 --- [    Test worker] .u.w.u.c.UserAccountUpdateControllerTest : No active profile set, falling back to 1 default profile: "default"
2023-05-23 10:11:40.032  WARN 22408 --- [    Test worker] ion$DefaultTemplateResolverConfiguration : Cannot find template location: classpath:/templates/ (please add some templates or check your Thymeleaf configuration)
2023-05-23 10:11:40.123  WARN 22408 --- [    Test worker] .s.s.UserDetailsServiceAutoConfiguration : 

Using generated security password: eef52666-b0ed-46af-b6e8-35b0879fc449

This generated password is for development use only. Your security configuration must be updated before running your application in production.

2023-05-23 10:11:40.226  INFO 22408 --- [    Test worker] o.s.s.web.DefaultSecurityFilterChain     : Will secure any request with [org.springframework.security.web.session.DisableEncodeUrlFilter@2f2d3caf, org.springframework.security.web.context.request.async.WebAsyncManagerIntegrationFilter@3bb127a9, org.springframework.security.web.context.SecurityContextPersistenceFilter@236530a4, org.springframework.security.web.header.HeaderWriterFilter@b5eab1b, org.springframework.security.web.csrf.CsrfFilter@10b9de89, org.springframework.security.web.authentication.logout.LogoutFilter@7b5526d8, org.springframework.security.web.authentication.UsernamePasswordAuthenticationFilter@47ee72fd, org.springframework.security.web.authentication.ui.DefaultLoginPageGeneratingFilter@554ccf12, org.springframework.security.web.authentication.ui.DefaultLogoutPageGeneratingFilter@ffcc3b8, org.springframework.security.web.authentication.www.BasicAuthenticationFilter@65483308, org.springframework.security.web.savedrequest.RequestCacheAwareFilter@61a8afec, org.springframework.security.web.servletapi.SecurityContextHolderAwareRequestFilter@1fd0d6b1, org.springframework.security.web.authentication.AnonymousAuthenticationFilter@2b88613c, org.springframework.security.web.session.SessionManagementFilter@7d76e415, org.springframework.security.web.access.ExceptionTranslationFilter@362e9430, org.springframework.security.web.access.intercept.FilterSecurityInterceptor@6d7f2ee5]
2023-05-23 10:11:40.269  INFO 22408 --- [    Test worker] o.s.b.t.m.w.SpringBootMockServletContext : Initializing Spring TestDispatcherServlet ''
2023-05-23 10:11:40.269  INFO 22408 --- [    Test worker] o.s.t.web.servlet.TestDispatcherServlet  : Initializing Servlet ''
2023-05-23 10:11:40.270  INFO 22408 --- [    Test worker] o.s.t.web.servlet.TestDispatcherServlet  : Completed initialization in 1 ms
2023-05-23 10:11:40.292  INFO 22408 --- [    Test worker] .u.w.u.c.UserAccountUpdateControllerTest : Started UserAccountUpdateControllerTest in 0.831 seconds (JVM running for 23.448)

MockHttpServletRequest:
      HTTP Method = PATCH
      Request URI = /api/v1/user/account/password-update/user123@gmail.com
       Parameters = {_csrf=[181b450f-5706-4923-956b-e231f225ef4c]}
          Headers = [Content-Type:"application/json;charset=UTF-8", Content-Length:"58"]
             Body = {"userId":"userID","password":"uxn1234!@","token":"token"}
    Session Attrs = {SPRING_SECURITY_CONTEXT=SecurityContextImpl [Authentication=UsernamePasswordAuthenticationToken [Principal=org.springframework.security.core.userdetails.User [Username=user, Password=[PROTECTED], Enabled=true, AccountNonExpired=true, credentialsNonExpired=true, AccountNonLocked=true, Granted Authorities=[ROLE_USER]], Credentials=[PROTECTED], Authenticated=true, Details=null, Granted Authorities=[ROLE_USER]]]}

Handler:
             Type = com.example.uxn_api.web.user.controller.UserAccountUpdateController
           Method = com.example.uxn_api.web.user.controller.UserAccountUpdateController#updatePassword(String, ChangePasswordDto)

Async:
    Async started = false
     Async result = null

Resolved Exception:
             Type = null

ModelAndView:
        View name = null
             View = null
            Model = null

FlashMap:
       Attributes = null

MockHttpServletResponse:
           Status = 200
    Error message = null
          Headers = [X-Content-Type-Options:"nosniff", X-XSS-Protection:"1; mode=block", Cache-Control:"no-cache, no-store, max-age=0, must-revalidate", Pragma:"no-cache", Expires:"0", X-Frame-Options:"DENY"]
     Content type = null
             Body = 
    Forwarded URL = null
   Redirected URL = null
          Cookies = []
]]></system-out>
  <system-err><![CDATA[]]></system-err>
</testsuite>
