<?xml version="1.0" encoding="UTF-8"?>
<testsuite name="com.example.uxn_api.service.login.LoginAttemptServiceTest" tests="4" skipped="0" failures="0" errors="0" timestamp="2023-05-23T01:11:25" hostname="NOTEBOOK-KWYEOM" time="0.113">
  <properties/>
  <testcase name="loginFailed test" classname="com.example.uxn_api.service.login.LoginAttemptServiceTest" time="0.087"/>
  <testcase name="isBlocked test" classname="com.example.uxn_api.service.login.LoginAttemptServiceTest" time="0.002"/>
  <testcase name="updateBlocked test" classname="com.example.uxn_api.service.login.LoginAttemptServiceTest" time="0.02"/>
  <testcase name="loginSucceeded test" classname="com.example.uxn_api.service.login.LoginAttemptServiceTest" time="0.001"/>
  <system-out><![CDATA[10:11:25.243 [Test worker] DEBUG com.example.uxn_api.service.login.LoginAttemptService - login failed,id id/1
10:11:25.248 [Test worker] DEBUG com.example.uxn_api.service.login.LoginAttemptService - id idCache.get(key):0
]]></system-out>
  <system-err><![CDATA[]]></system-err>
</testsuite>
