<?xml version="1.0" encoding="UTF-8"?>
<testsuite name="com.example.uxn_api.service.login.TokenServiceTest" tests="2" skipped="0" failures="0" errors="0" timestamp="2023-05-23T01:11:25" hostname="NOTEBOOK-KWYEOM" time="0.014">
  <properties/>
  <testcase name="updateExpireTime test" classname="com.example.uxn_api.service.login.TokenServiceTest" time="0.002"/>
  <testcase name="saveToken test" classname="com.example.uxn_api.service.login.TokenServiceTest" time="0.012"/>
  <system-out><![CDATA[10:11:25.499 [Test worker] INFO com.example.uxn_api.service.login.TokenService - saveToken :user123@gmail.com / abfffadc-b883-4676-a916-652481e0fb94/refreshToken
]]></system-out>
  <system-err><![CDATA[]]></system-err>
</testsuite>
