<?xml version="1.0" encoding="UTF-8"?>
<testsuite name="com.example.uxn_api.web.report.controller.ReportApiControllerTest" tests="3" skipped="0" failures="0" errors="0" timestamp="2023-05-19T08:33:10" hostname="NOTEBOOK-KWYEOM" time="0.073">
  <properties/>
  <testcase name="getReportItemList test" classname="com.example.uxn_api.web.report.controller.ReportApiControllerTest" time="0.02"/>
  <testcase name="downloadCsv test" classname="com.example.uxn_api.web.report.controller.ReportApiControllerTest" time="0.022"/>
  <testcase name="getReport test" classname="com.example.uxn_api.web.report.controller.ReportApiControllerTest" time="0.028"/>
  <system-out><![CDATA[2023-05-19 17:33:09.183  INFO 30880 --- [    Test worker] .b.t.a.w.s.WebMvcTestContextBootstrapper : Neither @ContextConfiguration nor @ContextHierarchy found for test class [com.example.uxn_api.web.report.controller.ReportApiControllerTest], using SpringBootContextLoader
2023-05-19 17:33:09.184  INFO 30880 --- [    Test worker] o.s.t.c.support.AbstractContextLoader    : Could not detect default resource locations for test class [com.example.uxn_api.web.report.controller.ReportApiControllerTest]: no resource found for suffixes {-context.xml, Context.groovy}.
2023-05-19 17:33:09.184  INFO 30880 --- [    Test worker] t.c.s.AnnotationConfigContextLoaderUtils : Could not detect default configuration classes for test class [com.example.uxn_api.web.report.controller.ReportApiControllerTest]: ReportApiControllerTest does not declare any static, non-private, non-final, nested classes annotated with @Configuration.
2023-05-19 17:33:09.197  INFO 30880 --- [    Test worker] .b.t.c.SpringBootTestContextBootstrapper : Found @SpringBootConfiguration com.example.uxn_api.UxnApiApplication for test class com.example.uxn_api.web.report.controller.ReportApiControllerTest
2023-05-19 17:33:09.198  INFO 30880 --- [    Test worker] .b.t.a.w.s.WebMvcTestContextBootstrapper : Loaded default TestExecutionListener class names from location [META-INF/spring.factories]: [org.springframework.security.test.context.support.WithSecurityContextTestExecutionListener, org.springframework.security.test.context.support.ReactorContextTestExecutionListener, org.springframework.boot.test.autoconfigure.restdocs.RestDocsTestExecutionListener, org.springframework.boot.test.autoconfigure.web.client.MockRestServiceServerResetTestExecutionListener, org.springframework.boot.test.autoconfigure.web.servlet.MockMvcPrintOnlyOnFailureTestExecutionListener, org.springframework.boot.test.autoconfigure.web.servlet.WebDriverTestExecutionListener, org.springframework.boot.test.autoconfigure.webservices.client.MockWebServiceServerTestExecutionListener, org.springframework.boot.test.mock.mockito.MockitoTestExecutionListener, org.springframework.boot.test.mock.mockito.ResetMocksTestExecutionListener, org.springframework.test.context.web.ServletTestExecutionListener, org.springframework.test.context.support.DirtiesContextBeforeModesTestExecutionListener, org.springframework.test.context.event.ApplicationEventsTestExecutionListener, org.springframework.test.context.support.DependencyInjectionTestExecutionListener, org.springframework.test.context.support.DirtiesContextTestExecutionListener, org.springframework.test.context.transaction.TransactionalTestExecutionListener, org.springframework.test.context.jdbc.SqlScriptsTestExecutionListener, org.springframework.test.context.event.EventPublishingTestExecutionListener]
2023-05-19 17:33:09.200  INFO 30880 --- [    Test worker] .b.t.a.w.s.WebMvcTestContextBootstrapper : Using TestExecutionListeners: [org.springframework.test.context.web.ServletTestExecutionListener@122220a2, org.springframework.test.context.support.DirtiesContextBeforeModesTestExecutionListener@1705c3cf, org.springframework.test.context.event.ApplicationEventsTestExecutionListener@68915674, org.springframework.boot.test.mock.mockito.MockitoTestExecutionListener@7470b4d4, org.springframework.boot.test.autoconfigure.SpringBootDependencyInjectionTestExecutionListener@77d4bdc8, org.springframework.test.context.support.DirtiesContextTestExecutionListener@4e761346, org.springframework.test.context.transaction.TransactionalTestExecutionListener@2cb6de0a, org.springframework.test.context.jdbc.SqlScriptsTestExecutionListener@5d11195c, org.springframework.security.test.context.support.WithSecurityContextTestExecutionListener@ff9d5cb, org.springframework.test.context.event.EventPublishingTestExecutionListener@716b0b51, org.springframework.security.test.context.support.ReactorContextTestExecutionListener@6bb7ddf8, org.springframework.boot.test.autoconfigure.restdocs.RestDocsTestExecutionListener@3eb9f22b, org.springframework.boot.test.autoconfigure.web.client.MockRestServiceServerResetTestExecutionListener@7faf3fba, org.springframework.boot.test.autoconfigure.web.servlet.MockMvcPrintOnlyOnFailureTestExecutionListener@5637929d, org.springframework.boot.test.autoconfigure.web.servlet.WebDriverTestExecutionListener@3baddbe, org.springframework.boot.test.autoconfigure.webservices.client.MockWebServiceServerTestExecutionListener@72e34f48, org.springframework.boot.test.mock.mockito.ResetMocksTestExecutionListener@7437ec41]

  .   ____          _            __ _ _
 /\\ / ___'_ __ _ _(_)_ __  __ _ \ \ \ \
( ( )\___ | '_ | '_| | '_ \/ _` | \ \ \ \
 \\/  ___)| |_)| | | | | || (_| |  ) ) ) )
  '  |____| .__|_| |_|_| |_\__, | / / / /
 =========|_|==============|___/=/_/_/_/
 :: Spring Boot ::                (v2.7.1)

2023-05-19 17:33:09.234  INFO 30880 --- [    Test worker] c.e.u.w.r.c.ReportApiControllerTest      : Starting ReportApiControllerTest using Java 11.0.16 on notebook-kwyeom with PID 30880 (started by tochi in D:\GIT_Source\T1x_agms_server\uxn_api)
2023-05-19 17:33:09.234 DEBUG 30880 --- [    Test worker] c.e.u.w.r.c.ReportApiControllerTest      : Running with Spring Boot v2.7.1, Spring v5.3.21
2023-05-19 17:33:09.236  INFO 30880 --- [    Test worker] c.e.u.w.r.c.ReportApiControllerTest      : No active profile set, falling back to 1 default profile: "default"
2023-05-19 17:33:09.785  WARN 30880 --- [    Test worker] ion$DefaultTemplateResolverConfiguration : Cannot find template location: classpath:/templates/ (please add some templates or check your Thymeleaf configuration)
2023-05-19 17:33:09.868  WARN 30880 --- [    Test worker] .s.s.UserDetailsServiceAutoConfiguration : 

Using generated security password: d8fbcade-b964-444e-b27c-e40656bf9c04

This generated password is for development use only. Your security configuration must be updated before running your application in production.

2023-05-19 17:33:09.984  INFO 30880 --- [    Test worker] o.s.s.web.DefaultSecurityFilterChain     : Will secure any request with [org.springframework.security.web.session.DisableEncodeUrlFilter@5bbcc020, org.springframework.security.web.context.request.async.WebAsyncManagerIntegrationFilter@7b8214fc, org.springframework.security.web.context.SecurityContextPersistenceFilter@5585d454, org.springframework.security.web.header.HeaderWriterFilter@2ba1a81, org.springframework.security.web.csrf.CsrfFilter@1c635efe, org.springframework.security.web.authentication.logout.LogoutFilter@7bb1c625, org.springframework.security.web.authentication.UsernamePasswordAuthenticationFilter@7ead79f0, org.springframework.security.web.authentication.ui.DefaultLoginPageGeneratingFilter@a33d69d, org.springframework.security.web.authentication.ui.DefaultLogoutPageGeneratingFilter@6e758085, org.springframework.security.web.authentication.www.BasicAuthenticationFilter@25061c11, org.springframework.security.web.savedrequest.RequestCacheAwareFilter@34d7c06b, org.springframework.security.web.servletapi.SecurityContextHolderAwareRequestFilter@666baa62, org.springframework.security.web.authentication.AnonymousAuthenticationFilter@7b86efce, org.springframework.security.web.session.SessionManagementFilter@5397f476, org.springframework.security.web.access.ExceptionTranslationFilter@345abd22, org.springframework.security.web.access.intercept.FilterSecurityInterceptor@2c9181fa]
2023-05-19 17:33:10.038  INFO 30880 --- [    Test worker] o.s.b.t.m.w.SpringBootMockServletContext : Initializing Spring TestDispatcherServlet ''
2023-05-19 17:33:10.038  INFO 30880 --- [    Test worker] o.s.t.web.servlet.TestDispatcherServlet  : Initializing Servlet ''
2023-05-19 17:33:10.039  INFO 30880 --- [    Test worker] o.s.t.web.servlet.TestDispatcherServlet  : Completed initialization in 1 ms
2023-05-19 17:33:10.054  INFO 30880 --- [    Test worker] c.e.u.w.r.c.ReportApiControllerTest      : Started ReportApiControllerTest in 0.851 seconds (JVM running for 25.691)

MockHttpServletRequest:
      HTTP Method = GET
      Request URI = /api/v1/report/list/33
       Parameters = {page=[1], _csrf=[e1efd8ae-fa17-4a23-8fc5-3666a5ca5c05]}
          Headers = []
             Body = null
    Session Attrs = {SPRING_SECURITY_CONTEXT=SecurityContextImpl [Authentication=UsernamePasswordAuthenticationToken [Principal=org.springframework.security.core.userdetails.User [Username=user, Password=[PROTECTED], Enabled=true, AccountNonExpired=true, credentialsNonExpired=true, AccountNonLocked=true, Granted Authorities=[ROLE_USER]], Credentials=[PROTECTED], Authenticated=true, Details=null, Granted Authorities=[ROLE_USER]]]}

Handler:
             Type = com.example.uxn_api.web.report.controller.ReportApiController
           Method = com.example.uxn_api.web.report.controller.ReportApiController#getReportItemList(Long, String, String, String)

Async:
    Async started = false
     Async result = null

Resolved Exception:
             Type = null

ModelAndView:
        View name = null
             View = null
            Model = null

FlashMap:
       Attributes = null

MockHttpServletResponse:
           Status = 200
    Error message = null
          Headers = [Content-Type:"application/json", X-Content-Type-Options:"nosniff", X-XSS-Protection:"1; mode=block", Cache-Control:"no-cache, no-store, max-age=0, must-revalidate", Pragma:"no-cache", Expires:"0", X-Frame-Options:"DENY"]
     Content type = application/json
             Body = {"lastPage":0,"list":null}
    Forwarded URL = null
   Redirected URL = null
          Cookies = []

MockHttpServletRequest:
      HTTP Method = GET
      Request URI = /api/v1/report/csv/down/abc123@gmail.com
       Parameters = {startDate=[2023-05-16], endDate=[2023-05-19], _csrf=[31e92449-76fa-47b2-be74-a6f7880eb0c1]}
          Headers = []
             Body = null
    Session Attrs = {SPRING_SECURITY_CONTEXT=SecurityContextImpl [Authentication=UsernamePasswordAuthenticationToken [Principal=org.springframework.security.core.userdetails.User [Username=user, Password=[PROTECTED], Enabled=true, AccountNonExpired=true, credentialsNonExpired=true, AccountNonLocked=true, Granted Authorities=[ROLE_USER]], Credentials=[PROTECTED], Authenticated=true, Details=null, Granted Authorities=[ROLE_USER]]]}

Handler:
             Type = com.example.uxn_api.web.report.controller.ReportApiController
           Method = com.example.uxn_api.web.report.controller.ReportApiController#downloadCsv(String, LocalDate, LocalDate, HttpServletResponse)

Async:
    Async started = false
     Async result = null

Resolved Exception:
             Type = null

ModelAndView:
        View name = null
             View = null
            Model = null

FlashMap:
       Attributes = null

MockHttpServletResponse:
           Status = 200
    Error message = null
          Headers = [Content-Type:"text/csv; charset=UTF-8", Content-Encoding:"UTF-8", Content-Disposition:"attachment;filename=result_abc123@gmail.com_2023-05-16_2023-05-19.csv", X-Content-Type-Options:"nosniff", X-XSS-Protection:"1; mode=block", Cache-Control:"no-cache, no-store, max-age=0, must-revalidate", Pragma:"no-cache", Expires:"0", X-Frame-Options:"DENY"]
     Content type = text/csv; charset=UTF-8
             Body = 
    Forwarded URL = null
   Redirected URL = null
          Cookies = []

MockHttpServletRequest:
      HTTP Method = GET
      Request URI = /api/v1/report/detail/33
       Parameters = {startDate=[2023-05-16], endDate=[2023-05-19], _csrf=[b58826d6-27d2-401e-8b0c-d805a3ef7248]}
          Headers = []
             Body = null
    Session Attrs = {SPRING_SECURITY_CONTEXT=SecurityContextImpl [Authentication=UsernamePasswordAuthenticationToken [Principal=org.springframework.security.core.userdetails.User [Username=user, Password=[PROTECTED], Enabled=true, AccountNonExpired=true, credentialsNonExpired=true, AccountNonLocked=true, Granted Authorities=[ROLE_USER]], Credentials=[PROTECTED], Authenticated=true, Details=null, Granted Authorities=[ROLE_USER]]]}

Handler:
             Type = com.example.uxn_api.web.report.controller.ReportApiController
           Method = com.example.uxn_api.web.report.controller.ReportApiController#getReport(Long, LocalDate, LocalDate)

Async:
    Async started = false
     Async result = null

Resolved Exception:
             Type = null

ModelAndView:
        View name = null
             View = null
            Model = null

FlashMap:
       Attributes = null

MockHttpServletResponse:
           Status = 200
    Error message = null
          Headers = [Content-Type:"application/json", X-Content-Type-Options:"nosniff", X-XSS-Protection:"1; mode=block", Cache-Control:"no-cache, no-store, max-age=0, must-revalidate", Pragma:"no-cache", Expires:"0", X-Frame-Options:"DENY"]
     Content type = application/json
             Body = {"startDateTime":null,"endDateTime":null,"startDate":"2023-05-16","endDate":"2023-05-19","dateRange":0,"wholeDataMinute":0,"wholeDataCount":0,"dataCount":0,"dataMinute":0,"sensorActivePercent":0.0,"sensorActivePercentString":null,"averageGlucose":0.0,"averageGlucoseString":null,"lowerGlucoseCount":0,"gmi":0.0,"gmiMol":0.0,"glucoseCV":0.0,"veryHighGlucoseCount":0,"veryHighGlucoseMinute":0,"veryHighGlucosePercent":0.0,"highGlucoseCount":0,"highGlucoseMinute":0,"highGlucosePercent":0.0,"targetGlucoseCount":0,"targetGlucoseMinute":0,"targetGlucosePercent":0.0,"lowGlucoseCount":0,"lowGlucoseMinute":0,"lowGlucosePercent":0.0,"veryLowGlucoseCount":0,"veryLowGlucoseMinute":0,"veryLowGlucosePercent":0.0,"profileGraphData":null,"dayGraphDataList":null,"importantPattern":null,"deviceInformations":null}
    Forwarded URL = null
   Redirected URL = null
          Cookies = []
]]></system-out>
  <system-err><![CDATA[]]></system-err>
</testsuite>
