<?xml version="1.0" encoding="UTF-8"?>
<testsuite name="com.example.uxn_api.service.device.DeviceServiceTest" tests="5" skipped="0" failures="0" errors="0" timestamp="2023-05-19T08:32:51" hostname="NOTEBOOK-KWYEOM" time="0.053">
  <properties/>
  <testcase name="average test" classname="com.example.uxn_api.service.device.DeviceServiceTest" time="0.014"/>
  <testcase name="diabetesList test" classname="com.example.uxn_api.service.device.DeviceServiceTest" time="0.017"/>
  <testcase name="activatePercent test" classname="com.example.uxn_api.service.device.DeviceServiceTest" time="0.002"/>
  <testcase name="registration test" classname="com.example.uxn_api.service.device.DeviceServiceTest" time="0.007"/>
  <testcase name="diabetesInfo test" classname="com.example.uxn_api.service.device.DeviceServiceTest" time="0.007"/>
  <system-out><![CDATA[]]></system-out>
  <system-err><![CDATA[]]></system-err>
</testsuite>
