<?xml version="1.0" encoding="UTF-8"?>
<testsuite name="com.example.uxn_api.web.user.controller.UserAccountUpdateControllerTest" tests="1" skipped="0" failures="0" errors="0" timestamp="2023-05-19T08:33:14" hostname="NOTEBOOK-KWYEOM" time="0.016">
  <properties/>
  <testcase name="updatePassword test" classname="com.example.uxn_api.web.user.controller.UserAccountUpdateControllerTest" time="0.016"/>
  <system-out><![CDATA[2023-05-19 17:33:13.762  INFO 30880 --- [    Test worker] .b.t.a.w.s.WebMvcTestContextBootstrapper : Neither @ContextConfiguration nor @ContextHierarchy found for test class [com.example.uxn_api.web.user.controller.UserAccountUpdateControllerTest], using SpringBootContextLoader
2023-05-19 17:33:13.763  INFO 30880 --- [    Test worker] o.s.t.c.support.AbstractContextLoader    : Could not detect default resource locations for test class [com.example.uxn_api.web.user.controller.UserAccountUpdateControllerTest]: no resource found for suffixes {-context.xml, Context.groovy}.
2023-05-19 17:33:13.763  INFO 30880 --- [    Test worker] t.c.s.AnnotationConfigContextLoaderUtils : Could not detect default configuration classes for test class [com.example.uxn_api.web.user.controller.UserAccountUpdateControllerTest]: UserAccountUpdateControllerTest does not declare any static, non-private, non-final, nested classes annotated with @Configuration.
2023-05-19 17:33:13.768  INFO 30880 --- [    Test worker] .b.t.c.SpringBootTestContextBootstrapper : Found @SpringBootConfiguration com.example.uxn_api.UxnApiApplication for test class com.example.uxn_api.web.user.controller.UserAccountUpdateControllerTest
2023-05-19 17:33:13.768  INFO 30880 --- [    Test worker] .b.t.a.w.s.WebMvcTestContextBootstrapper : Loaded default TestExecutionListener class names from location [META-INF/spring.factories]: [org.springframework.security.test.context.support.WithSecurityContextTestExecutionListener, org.springframework.security.test.context.support.ReactorContextTestExecutionListener, org.springframework.boot.test.autoconfigure.restdocs.RestDocsTestExecutionListener, org.springframework.boot.test.autoconfigure.web.client.MockRestServiceServerResetTestExecutionListener, org.springframework.boot.test.autoconfigure.web.servlet.MockMvcPrintOnlyOnFailureTestExecutionListener, org.springframework.boot.test.autoconfigure.web.servlet.WebDriverTestExecutionListener, org.springframework.boot.test.autoconfigure.webservices.client.MockWebServiceServerTestExecutionListener, org.springframework.boot.test.mock.mockito.MockitoTestExecutionListener, org.springframework.boot.test.mock.mockito.ResetMocksTestExecutionListener, org.springframework.test.context.web.ServletTestExecutionListener, org.springframework.test.context.support.DirtiesContextBeforeModesTestExecutionListener, org.springframework.test.context.event.ApplicationEventsTestExecutionListener, org.springframework.test.context.support.DependencyInjectionTestExecutionListener, org.springframework.test.context.support.DirtiesContextTestExecutionListener, org.springframework.test.context.transaction.TransactionalTestExecutionListener, org.springframework.test.context.jdbc.SqlScriptsTestExecutionListener, org.springframework.test.context.event.EventPublishingTestExecutionListener]
2023-05-19 17:33:13.770  INFO 30880 --- [    Test worker] .b.t.a.w.s.WebMvcTestContextBootstrapper : Using TestExecutionListeners: [org.springframework.test.context.web.ServletTestExecutionListener@4d1eb567, org.springframework.test.context.support.DirtiesContextBeforeModesTestExecutionListener@57762b71, org.springframework.test.context.event.ApplicationEventsTestExecutionListener@6b968632, org.springframework.boot.test.mock.mockito.MockitoTestExecutionListener@155f1904, org.springframework.boot.test.autoconfigure.SpringBootDependencyInjectionTestExecutionListener@2d523345, org.springframework.test.context.support.DirtiesContextTestExecutionListener@4b19b83d, org.springframework.test.context.transaction.TransactionalTestExecutionListener@1461007a, org.springframework.test.context.jdbc.SqlScriptsTestExecutionListener@799bbccb, org.springframework.security.test.context.support.WithSecurityContextTestExecutionListener@45ef70a6, org.springframework.test.context.event.EventPublishingTestExecutionListener@43b1f076, org.springframework.security.test.context.support.ReactorContextTestExecutionListener@5f4f5aaa, org.springframework.boot.test.autoconfigure.restdocs.RestDocsTestExecutionListener@7b16c86c, org.springframework.boot.test.autoconfigure.web.client.MockRestServiceServerResetTestExecutionListener@4542ede8, org.springframework.boot.test.autoconfigure.web.servlet.MockMvcPrintOnlyOnFailureTestExecutionListener@93c9776, org.springframework.boot.test.autoconfigure.web.servlet.WebDriverTestExecutionListener@2c8306f1, org.springframework.boot.test.autoconfigure.webservices.client.MockWebServiceServerTestExecutionListener@611bfea5, org.springframework.boot.test.mock.mockito.ResetMocksTestExecutionListener@336462c3]

  .   ____          _            __ _ _
 /\\ / ___'_ __ _ _(_)_ __  __ _ \ \ \ \
( ( )\___ | '_ | '_| | '_ \/ _` | \ \ \ \
 \\/  ___)| |_)| | | | | || (_| |  ) ) ) )
  '  |____| .__|_| |_|_| |_\__, | / / / /
 =========|_|==============|___/=/_/_/_/
 :: Spring Boot ::                (v2.7.1)

2023-05-19 17:33:13.795  INFO 30880 --- [    Test worker] .u.w.u.c.UserAccountUpdateControllerTest : Starting UserAccountUpdateControllerTest using Java 11.0.16 on notebook-kwyeom with PID 30880 (started by tochi in D:\GIT_Source\T1x_agms_server\uxn_api)
2023-05-19 17:33:13.795 DEBUG 30880 --- [    Test worker] .u.w.u.c.UserAccountUpdateControllerTest : Running with Spring Boot v2.7.1, Spring v5.3.21
2023-05-19 17:33:13.795  INFO 30880 --- [    Test worker] .u.w.u.c.UserAccountUpdateControllerTest : No active profile set, falling back to 1 default profile: "default"
2023-05-19 17:33:14.411  WARN 30880 --- [    Test worker] ion$DefaultTemplateResolverConfiguration : Cannot find template location: classpath:/templates/ (please add some templates or check your Thymeleaf configuration)
2023-05-19 17:33:14.521  WARN 30880 --- [    Test worker] .s.s.UserDetailsServiceAutoConfiguration : 

Using generated security password: 6c034cb8-1a4b-425f-ab36-741950fbb4af

This generated password is for development use only. Your security configuration must be updated before running your application in production.

2023-05-19 17:33:14.645  INFO 30880 --- [    Test worker] o.s.s.web.DefaultSecurityFilterChain     : Will secure any request with [org.springframework.security.web.session.DisableEncodeUrlFilter@8eaa0c0, org.springframework.security.web.context.request.async.WebAsyncManagerIntegrationFilter@41021f51, org.springframework.security.web.context.SecurityContextPersistenceFilter@83e0f03, org.springframework.security.web.header.HeaderWriterFilter@b76805, org.springframework.security.web.csrf.CsrfFilter@421acb6c, org.springframework.security.web.authentication.logout.LogoutFilter@40f490ad, org.springframework.security.web.authentication.UsernamePasswordAuthenticationFilter@91a490, org.springframework.security.web.authentication.ui.DefaultLoginPageGeneratingFilter@4d5eca66, org.springframework.security.web.authentication.ui.DefaultLogoutPageGeneratingFilter@4c3a86c5, org.springframework.security.web.authentication.www.BasicAuthenticationFilter@9740423, org.springframework.security.web.savedrequest.RequestCacheAwareFilter@35081d3d, org.springframework.security.web.servletapi.SecurityContextHolderAwareRequestFilter@ec4bcd9, org.springframework.security.web.authentication.AnonymousAuthenticationFilter@65c6d67d, org.springframework.security.web.session.SessionManagementFilter@1cebf659, org.springframework.security.web.access.ExceptionTranslationFilter@490e90a1, org.springframework.security.web.access.intercept.FilterSecurityInterceptor@5999703]
2023-05-19 17:33:14.700  INFO 30880 --- [    Test worker] o.s.b.t.m.w.SpringBootMockServletContext : Initializing Spring TestDispatcherServlet ''
2023-05-19 17:33:14.701  INFO 30880 --- [    Test worker] o.s.t.web.servlet.TestDispatcherServlet  : Initializing Servlet ''
2023-05-19 17:33:14.702  INFO 30880 --- [    Test worker] o.s.t.web.servlet.TestDispatcherServlet  : Completed initialization in 1 ms
2023-05-19 17:33:14.716  INFO 30880 --- [    Test worker] .u.w.u.c.UserAccountUpdateControllerTest : Started UserAccountUpdateControllerTest in 0.945 seconds (JVM running for 30.354)

MockHttpServletRequest:
      HTTP Method = PATCH
      Request URI = /api/v1/user/account/password-update/user123@gmail.com
       Parameters = {_csrf=[a39e746b-3189-4137-a1f1-dc27fdac53e4]}
          Headers = [Content-Type:"application/json;charset=UTF-8", Content-Length:"58"]
             Body = {"userId":"userID","password":"uxn1234!@","token":"token"}
    Session Attrs = {SPRING_SECURITY_CONTEXT=SecurityContextImpl [Authentication=UsernamePasswordAuthenticationToken [Principal=org.springframework.security.core.userdetails.User [Username=user, Password=[PROTECTED], Enabled=true, AccountNonExpired=true, credentialsNonExpired=true, AccountNonLocked=true, Granted Authorities=[ROLE_USER]], Credentials=[PROTECTED], Authenticated=true, Details=null, Granted Authorities=[ROLE_USER]]]}

Handler:
             Type = com.example.uxn_api.web.user.controller.UserAccountUpdateController
           Method = com.example.uxn_api.web.user.controller.UserAccountUpdateController#updatePassword(String, ChangePasswordDto)

Async:
    Async started = false
     Async result = null

Resolved Exception:
             Type = null

ModelAndView:
        View name = null
             View = null
            Model = null

FlashMap:
       Attributes = null

MockHttpServletResponse:
           Status = 200
    Error message = null
          Headers = [X-Content-Type-Options:"nosniff", X-XSS-Protection:"1; mode=block", Cache-Control:"no-cache, no-store, max-age=0, must-revalidate", Pragma:"no-cache", Expires:"0", X-Frame-Options:"DENY"]
     Content type = null
             Body = 
    Forwarded URL = null
   Redirected URL = null
          Cookies = []
]]></system-out>
  <system-err><![CDATA[]]></system-err>
</testsuite>
