<?xml version="1.0" encoding="UTF-8"?>
<testsuite name="com.example.uxn_api.web.invite.InviteControllerTest" tests="1" skipped="0" failures="0" errors="0" timestamp="2023-05-23T01:11:33" hostname="NOTEBOOK-KWYEOM" time="0.023">
  <properties/>
  <testcase name="infoFromUser test" classname="com.example.uxn_api.web.invite.InviteControllerTest" time="0.023"/>
  <system-out><![CDATA[2023-05-23 10:11:32.534  INFO 22408 --- [    Test worker] .b.t.a.w.s.WebMvcTestContextBootstrapper : Neither @ContextConfiguration nor @ContextHierarchy found for test class [com.example.uxn_api.web.invite.InviteControllerTest], using SpringBootContextLoader
2023-05-23 10:11:32.535  INFO 22408 --- [    Test worker] o.s.t.c.support.AbstractContextLoader    : Could not detect default resource locations for test class [com.example.uxn_api.web.invite.InviteControllerTest]: no resource found for suffixes {-context.xml, Context.groovy}.
2023-05-23 10:11:32.535  INFO 22408 --- [    Test worker] t.c.s.AnnotationConfigContextLoaderUtils : Could not detect default configuration classes for test class [com.example.uxn_api.web.invite.InviteControllerTest]: InviteControllerTest does not declare any static, non-private, non-final, nested classes annotated with @Configuration.
2023-05-23 10:11:32.549  INFO 22408 --- [    Test worker] .b.t.c.SpringBootTestContextBootstrapper : Found @SpringBootConfiguration com.example.uxn_api.UxnApiApplication for test class com.example.uxn_api.web.invite.InviteControllerTest
2023-05-23 10:11:32.549  INFO 22408 --- [    Test worker] .b.t.a.w.s.WebMvcTestContextBootstrapper : Loaded default TestExecutionListener class names from location [META-INF/spring.factories]: [org.springframework.security.test.context.support.WithSecurityContextTestExecutionListener, org.springframework.security.test.context.support.ReactorContextTestExecutionListener, org.springframework.boot.test.autoconfigure.restdocs.RestDocsTestExecutionListener, org.springframework.boot.test.autoconfigure.web.client.MockRestServiceServerResetTestExecutionListener, org.springframework.boot.test.autoconfigure.web.servlet.MockMvcPrintOnlyOnFailureTestExecutionListener, org.springframework.boot.test.autoconfigure.web.servlet.WebDriverTestExecutionListener, org.springframework.boot.test.autoconfigure.webservices.client.MockWebServiceServerTestExecutionListener, org.springframework.boot.test.mock.mockito.MockitoTestExecutionListener, org.springframework.boot.test.mock.mockito.ResetMocksTestExecutionListener, org.springframework.test.context.web.ServletTestExecutionListener, org.springframework.test.context.support.DirtiesContextBeforeModesTestExecutionListener, org.springframework.test.context.event.ApplicationEventsTestExecutionListener, org.springframework.test.context.support.DependencyInjectionTestExecutionListener, org.springframework.test.context.support.DirtiesContextTestExecutionListener, org.springframework.test.context.transaction.TransactionalTestExecutionListener, org.springframework.test.context.jdbc.SqlScriptsTestExecutionListener, org.springframework.test.context.event.EventPublishingTestExecutionListener]
2023-05-23 10:11:32.550  INFO 22408 --- [    Test worker] .b.t.a.w.s.WebMvcTestContextBootstrapper : Using TestExecutionListeners: [org.springframework.test.context.web.ServletTestExecutionListener@6dfcc2aa, org.springframework.test.context.support.DirtiesContextBeforeModesTestExecutionListener@1e6df2fb, org.springframework.test.context.event.ApplicationEventsTestExecutionListener@55d811da, org.springframework.boot.test.mock.mockito.MockitoTestExecutionListener@734d846c, org.springframework.boot.test.autoconfigure.SpringBootDependencyInjectionTestExecutionListener@782fe13d, org.springframework.test.context.support.DirtiesContextTestExecutionListener@9243ee9, org.springframework.test.context.transaction.TransactionalTestExecutionListener@1c67b8d6, org.springframework.test.context.jdbc.SqlScriptsTestExecutionListener@39621d2, org.springframework.security.test.context.support.WithSecurityContextTestExecutionListener@4b70e94, org.springframework.test.context.event.EventPublishingTestExecutionListener@2cccab9d, org.springframework.security.test.context.support.ReactorContextTestExecutionListener@dcc17da, org.springframework.boot.test.autoconfigure.restdocs.RestDocsTestExecutionListener@3fe63f00, org.springframework.boot.test.autoconfigure.web.client.MockRestServiceServerResetTestExecutionListener@39945c6, org.springframework.boot.test.autoconfigure.web.servlet.MockMvcPrintOnlyOnFailureTestExecutionListener@4ac0966b, org.springframework.boot.test.autoconfigure.web.servlet.WebDriverTestExecutionListener@27df3a2e, org.springframework.boot.test.autoconfigure.webservices.client.MockWebServiceServerTestExecutionListener@294f0fea, org.springframework.boot.test.mock.mockito.ResetMocksTestExecutionListener@6031c870]

  .   ____          _            __ _ _
 /\\ / ___'_ __ _ _(_)_ __  __ _ \ \ \ \
( ( )\___ | '_ | '_| | '_ \/ _` | \ \ \ \
 \\/  ___)| |_)| | | | | || (_| |  ) ) ) )
  '  |____| .__|_| |_|_| |_\__, | / / / /
 =========|_|==============|___/=/_/_/_/
 :: Spring Boot ::                (v2.7.1)

2023-05-23 10:11:32.586  INFO 22408 --- [    Test worker] c.e.u.web.invite.InviteControllerTest    : Starting InviteControllerTest using Java 11.0.16 on notebook-kwyeom with PID 22408 (started by tochi in D:\GIT_Source\T1x_agms_server_v2\uxn_api)
2023-05-23 10:11:32.587 DEBUG 22408 --- [    Test worker] c.e.u.web.invite.InviteControllerTest    : Running with Spring Boot v2.7.1, Spring v5.3.21
2023-05-23 10:11:32.587  INFO 22408 --- [    Test worker] c.e.u.web.invite.InviteControllerTest    : No active profile set, falling back to 1 default profile: "default"
2023-05-23 10:11:33.113  WARN 22408 --- [    Test worker] ion$DefaultTemplateResolverConfiguration : Cannot find template location: classpath:/templates/ (please add some templates or check your Thymeleaf configuration)
2023-05-23 10:11:33.209  WARN 22408 --- [    Test worker] .s.s.UserDetailsServiceAutoConfiguration : 

Using generated security password: bd460e56-0fd4-41fa-a922-cc46b57ed386

This generated password is for development use only. Your security configuration must be updated before running your application in production.

2023-05-23 10:11:33.326  INFO 22408 --- [    Test worker] o.s.s.web.DefaultSecurityFilterChain     : Will secure any request with [org.springframework.security.web.session.DisableEncodeUrlFilter@cf500b5, org.springframework.security.web.context.request.async.WebAsyncManagerIntegrationFilter@e01a39e, org.springframework.security.web.context.SecurityContextPersistenceFilter@56031e75, org.springframework.security.web.header.HeaderWriterFilter@3f8b7737, org.springframework.security.web.csrf.CsrfFilter@7b1125b7, org.springframework.security.web.authentication.logout.LogoutFilter@7d07269a, org.springframework.security.web.authentication.UsernamePasswordAuthenticationFilter@21437608, org.springframework.security.web.authentication.ui.DefaultLoginPageGeneratingFilter@4daf30c2, org.springframework.security.web.authentication.ui.DefaultLogoutPageGeneratingFilter@34486760, org.springframework.security.web.authentication.www.BasicAuthenticationFilter@74cb54b1, org.springframework.security.web.savedrequest.RequestCacheAwareFilter@6023c97d, org.springframework.security.web.servletapi.SecurityContextHolderAwareRequestFilter@4752881, org.springframework.security.web.authentication.AnonymousAuthenticationFilter@1a88c384, org.springframework.security.web.session.SessionManagementFilter@244dabd6, org.springframework.security.web.access.ExceptionTranslationFilter@440e4313, org.springframework.security.web.access.intercept.FilterSecurityInterceptor@28154c71]
2023-05-23 10:11:33.369  INFO 22408 --- [    Test worker] o.s.b.t.m.w.SpringBootMockServletContext : Initializing Spring TestDispatcherServlet ''
2023-05-23 10:11:33.370  INFO 22408 --- [    Test worker] o.s.t.web.servlet.TestDispatcherServlet  : Initializing Servlet ''
2023-05-23 10:11:33.370  INFO 22408 --- [    Test worker] o.s.t.web.servlet.TestDispatcherServlet  : Completed initialization in 0 ms
2023-05-23 10:11:33.385  INFO 22408 --- [    Test worker] c.e.u.web.invite.InviteControllerTest    : Started InviteControllerTest in 0.832 seconds (JVM running for 16.542)
2023-05-23 10:11:33.400 DEBUG 22408 --- [    Test worker] c.e.uxn_api.web.invite.InviteController  : code:qxofXBu7
2023-05-23 10:11:33.400 DEBUG 22408 --- [    Test worker] c.e.uxn_api.web.invite.InviteController  : code exist:qxofXBu7
2023-05-23 10:11:33.401 DEBUG 22408 --- [    Test worker] c.e.uxn_api.web.invite.InviteController  : invite not null
2023-05-23 10:11:33.401 DEBUG 22408 --- [    Test worker] c.e.uxn_api.web.invite.InviteController  : staff not null
2023-05-23 10:11:33.402 DEBUG 22408 --- [    Test worker] c.e.uxn_api.web.invite.InviteController  : user not null

MockHttpServletRequest:
      HTTP Method = GET
      Request URI = /invited/qxofXBu7
       Parameters = {_csrf=[5d744aa3-7ea1-4de4-8d4f-b3864982802d]}
          Headers = []
             Body = null
    Session Attrs = {SPRING_SECURITY_CONTEXT=SecurityContextImpl [Authentication=UsernamePasswordAuthenticationToken [Principal=org.springframework.security.core.userdetails.User [Username=user, Password=[PROTECTED], Enabled=true, AccountNonExpired=true, credentialsNonExpired=true, AccountNonLocked=true, Granted Authorities=[ROLE_USER]], Credentials=[PROTECTED], Authenticated=true, Details=null, Granted Authorities=[ROLE_USER]]]}

Handler:
             Type = com.example.uxn_api.web.invite.InviteController
           Method = com.example.uxn_api.web.invite.InviteController#infoFromUser(String)

Async:
    Async started = false
     Async result = null

Resolved Exception:
             Type = null

ModelAndView:
        View name = redirect:https://agmscare.kr/alert?message=%EC%9D%98%EC%82%AC%EB%A5%BC+%EB%93%B1%EB%A1%9D%ED%95%98%EC%98%80%EC%8A%B5%EB%8B%88%EB%8B%A4.
             View = null
            Model = null

FlashMap:
       Attributes = null

MockHttpServletResponse:
           Status = 302
    Error message = null
          Headers = [Content-Language:"en", X-Content-Type-Options:"nosniff", X-XSS-Protection:"1; mode=block", Cache-Control:"no-cache, no-store, max-age=0, must-revalidate", Pragma:"no-cache", Expires:"0", X-Frame-Options:"DENY", Location:"https://agmscare.kr/alert?message=%EC%9D%98%EC%82%AC%EB%A5%BC+%EB%93%B1%EB%A1%9D%ED%95%98%EC%98%80%EC%8A%B5%EB%8B%88%EB%8B%A4."]
     Content type = null
             Body = 
    Forwarded URL = null
   Redirected URL = https://agmscare.kr/alert?message=%EC%9D%98%EC%82%AC%EB%A5%BC+%EB%93%B1%EB%A1%9D%ED%95%98%EC%98%80%EC%8A%B5%EB%8B%88%EB%8B%A4.
          Cookies = []
2023-05-23 10:11:33.406 DEBUG 22408 --- [    Test worker] c.e.uxn_api.web.invite.InviteController  : code:null
2023-05-23 10:11:33.407 DEBUG 22408 --- [    Test worker] c.e.uxn_api.web.invite.InviteController  : code exist:null

MockHttpServletRequest:
      HTTP Method = GET
      Request URI = /invited/null
       Parameters = {_csrf=[1735cbc9-6788-4567-8454-518713165792]}
          Headers = []
             Body = null
    Session Attrs = {SPRING_SECURITY_CONTEXT=SecurityContextImpl [Authentication=UsernamePasswordAuthenticationToken [Principal=org.springframework.security.core.userdetails.User [Username=user, Password=[PROTECTED], Enabled=true, AccountNonExpired=true, credentialsNonExpired=true, AccountNonLocked=true, Granted Authorities=[ROLE_USER]], Credentials=[PROTECTED], Authenticated=true, Details=null, Granted Authorities=[ROLE_USER]]]}

Handler:
             Type = com.example.uxn_api.web.invite.InviteController
           Method = com.example.uxn_api.web.invite.InviteController#infoFromUser(String)

Async:
    Async started = false
     Async result = null

Resolved Exception:
             Type = null

ModelAndView:
        View name = redirect:https://agmscare.kr/alert?message=%EC%9C%A0%ED%9A%A8%ED%95%98%EC%A7%80+%EC%95%8A%EC%9D%80+%EC%BD%94%EB%93%9C%EC%9E%85%EB%8B%88%EB%8B%A4.
             View = null
            Model = null

FlashMap:
       Attributes = null

MockHttpServletResponse:
           Status = 302
    Error message = null
          Headers = [Content-Language:"en", X-Content-Type-Options:"nosniff", X-XSS-Protection:"1; mode=block", Cache-Control:"no-cache, no-store, max-age=0, must-revalidate", Pragma:"no-cache", Expires:"0", X-Frame-Options:"DENY", Location:"https://agmscare.kr/alert?message=%EC%9C%A0%ED%9A%A8%ED%95%98%EC%A7%80+%EC%95%8A%EC%9D%80+%EC%BD%94%EB%93%9C%EC%9E%85%EB%8B%88%EB%8B%A4."]
     Content type = null
             Body = 
    Forwarded URL = null
   Redirected URL = https://agmscare.kr/alert?message=%EC%9C%A0%ED%9A%A8%ED%95%98%EC%A7%80+%EC%95%8A%EC%9D%80+%EC%BD%94%EB%93%9C%EC%9E%85%EB%8B%88%EB%8B%A4.
          Cookies = []
]]></system-out>
  <system-err><![CDATA[]]></system-err>
</testsuite>
