<?xml version="1.0" encoding="UTF-8"?>
<testsuite name="com.example.uxn_api.service.calibration.CalibrationServiceTest" tests="2" skipped="0" failures="0" errors="0" timestamp="2023-05-23T01:11:21" hostname="NOTEBOOK-KWYEOM" time="0.217">
  <properties/>
  <testcase name="calibration save test" classname="com.example.uxn_api.service.calibration.CalibrationServiceTest" time="0.202"/>
  <testcase name="calibration read test" classname="com.example.uxn_api.service.calibration.CalibrationServiceTest" time="0.014"/>
  <system-out><![CDATA[]]></system-out>
  <system-err><![CDATA[]]></system-err>
</testsuite>
