<?xml version="1.0" encoding="UTF-8"?>
<testsuite name="com.example.uxn_api.service.login.LogServiceTest" tests="1" skipped="0" failures="0" errors="0" timestamp="2023-05-23T01:11:25" hostname="NOTEBOOK-KWYEOM" time="0.007">
  <properties/>
  <testcase name="log test" classname="com.example.uxn_api.service.login.LogServiceTest" time="0.007"/>
  <system-out><![CDATA[]]></system-out>
  <system-err><![CDATA[]]></system-err>
</testsuite>
