<?xml version="1.0" encoding="UTF-8"?>
<testsuite name="com.example.uxn_api.web.staff.controller.StaffApiControllerTest" tests="9" skipped="0" failures="0" errors="0" timestamp="2023-05-23T01:11:37" hostname="NOTEBOOK-KWYEOM" time="0.158">
  <properties/>
  <testcase name="agpReport test" classname="com.example.uxn_api.web.staff.controller.StaffApiControllerTest" time="0.016"/>
  <testcase name="signUp test" classname="com.example.uxn_api.web.staff.controller.StaffApiControllerTest" time="0.023"/>
  <testcase name="staffDetail test" classname="com.example.uxn_api.web.staff.controller.StaffApiControllerTest" time="0.013"/>
  <testcase name="snapShot test" classname="com.example.uxn_api.web.staff.controller.StaffApiControllerTest" time="0.018"/>
  <testcase name="unReconizeUserList test" classname="com.example.uxn_api.web.staff.controller.StaffApiControllerTest" time="0.009"/>
  <testcase name="userDetail test" classname="com.example.uxn_api.web.staff.controller.StaffApiControllerTest" time="0.013"/>
  <testcase name="staffRegistrationUser test" classname="com.example.uxn_api.web.staff.controller.StaffApiControllerTest" time="0.037"/>
  <testcase name="userList test" classname="com.example.uxn_api.web.staff.controller.StaffApiControllerTest" time="0.01"/>
  <testcase name="searchUserName test" classname="com.example.uxn_api.web.staff.controller.StaffApiControllerTest" time="0.01"/>
  <system-out><![CDATA[2023-05-23 10:11:36.459  INFO 22408 --- [    Test worker] .b.t.a.w.s.WebMvcTestContextBootstrapper : Neither @ContextConfiguration nor @ContextHierarchy found for test class [com.example.uxn_api.web.staff.controller.StaffApiControllerTest], using SpringBootContextLoader
2023-05-23 10:11:36.460  INFO 22408 --- [    Test worker] o.s.t.c.support.AbstractContextLoader    : Could not detect default resource locations for test class [com.example.uxn_api.web.staff.controller.StaffApiControllerTest]: no resource found for suffixes {-context.xml, Context.groovy}.
2023-05-23 10:11:36.460  INFO 22408 --- [    Test worker] t.c.s.AnnotationConfigContextLoaderUtils : Could not detect default configuration classes for test class [com.example.uxn_api.web.staff.controller.StaffApiControllerTest]: StaffApiControllerTest does not declare any static, non-private, non-final, nested classes annotated with @Configuration.
2023-05-23 10:11:36.479  INFO 22408 --- [    Test worker] .b.t.c.SpringBootTestContextBootstrapper : Found @SpringBootConfiguration com.example.uxn_api.UxnApiApplication for test class com.example.uxn_api.web.staff.controller.StaffApiControllerTest
2023-05-23 10:11:36.480  INFO 22408 --- [    Test worker] .b.t.a.w.s.WebMvcTestContextBootstrapper : Loaded default TestExecutionListener class names from location [META-INF/spring.factories]: [org.springframework.security.test.context.support.WithSecurityContextTestExecutionListener, org.springframework.security.test.context.support.ReactorContextTestExecutionListener, org.springframework.boot.test.autoconfigure.restdocs.RestDocsTestExecutionListener, org.springframework.boot.test.autoconfigure.web.client.MockRestServiceServerResetTestExecutionListener, org.springframework.boot.test.autoconfigure.web.servlet.MockMvcPrintOnlyOnFailureTestExecutionListener, org.springframework.boot.test.autoconfigure.web.servlet.WebDriverTestExecutionListener, org.springframework.boot.test.autoconfigure.webservices.client.MockWebServiceServerTestExecutionListener, org.springframework.boot.test.mock.mockito.MockitoTestExecutionListener, org.springframework.boot.test.mock.mockito.ResetMocksTestExecutionListener, org.springframework.test.context.web.ServletTestExecutionListener, org.springframework.test.context.support.DirtiesContextBeforeModesTestExecutionListener, org.springframework.test.context.event.ApplicationEventsTestExecutionListener, org.springframework.test.context.support.DependencyInjectionTestExecutionListener, org.springframework.test.context.support.DirtiesContextTestExecutionListener, org.springframework.test.context.transaction.TransactionalTestExecutionListener, org.springframework.test.context.jdbc.SqlScriptsTestExecutionListener, org.springframework.test.context.event.EventPublishingTestExecutionListener]
2023-05-23 10:11:36.481  INFO 22408 --- [    Test worker] .b.t.a.w.s.WebMvcTestContextBootstrapper : Using TestExecutionListeners: [org.springframework.test.context.web.ServletTestExecutionListener@7edb6d86, org.springframework.test.context.support.DirtiesContextBeforeModesTestExecutionListener@45d4bd79, org.springframework.test.context.event.ApplicationEventsTestExecutionListener@2dfa9ff1, org.springframework.boot.test.mock.mockito.MockitoTestExecutionListener@48ef060d, org.springframework.boot.test.autoconfigure.SpringBootDependencyInjectionTestExecutionListener@6d7df5cb, org.springframework.test.context.support.DirtiesContextTestExecutionListener@da2a268, org.springframework.test.context.transaction.TransactionalTestExecutionListener@745eb13a, org.springframework.test.context.jdbc.SqlScriptsTestExecutionListener@44311ed2, org.springframework.security.test.context.support.WithSecurityContextTestExecutionListener@46e06832, org.springframework.test.context.event.EventPublishingTestExecutionListener@5e493364, org.springframework.security.test.context.support.ReactorContextTestExecutionListener@5f9f8ef6, org.springframework.boot.test.autoconfigure.restdocs.RestDocsTestExecutionListener@1394cc59, org.springframework.boot.test.autoconfigure.web.client.MockRestServiceServerResetTestExecutionListener@567087e1, org.springframework.boot.test.autoconfigure.web.servlet.MockMvcPrintOnlyOnFailureTestExecutionListener@41b55c58, org.springframework.boot.test.autoconfigure.web.servlet.WebDriverTestExecutionListener@62fe92a6, org.springframework.boot.test.autoconfigure.webservices.client.MockWebServiceServerTestExecutionListener@573d6ca4, org.springframework.boot.test.mock.mockito.ResetMocksTestExecutionListener@520a62d]

  .   ____          _            __ _ _
 /\\ / ___'_ __ _ _(_)_ __  __ _ \ \ \ \
( ( )\___ | '_ | '_| | '_ \/ _` | \ \ \ \
 \\/  ___)| |_)| | | | | || (_| |  ) ) ) )
  '  |____| .__|_| |_|_| |_\__, | / / / /
 =========|_|==============|___/=/_/_/_/
 :: Spring Boot ::                (v2.7.1)

2023-05-23 10:11:36.521  INFO 22408 --- [    Test worker] c.e.u.w.s.c.StaffApiControllerTest       : Starting StaffApiControllerTest using Java 11.0.16 on notebook-kwyeom with PID 22408 (started by tochi in D:\GIT_Source\T1x_agms_server_v2\uxn_api)
2023-05-23 10:11:36.522 DEBUG 22408 --- [    Test worker] c.e.u.w.s.c.StaffApiControllerTest       : Running with Spring Boot v2.7.1, Spring v5.3.21
2023-05-23 10:11:36.522  INFO 22408 --- [    Test worker] c.e.u.w.s.c.StaffApiControllerTest       : No active profile set, falling back to 1 default profile: "default"
2023-05-23 10:11:37.081  WARN 22408 --- [    Test worker] ion$DefaultTemplateResolverConfiguration : Cannot find template location: classpath:/templates/ (please add some templates or check your Thymeleaf configuration)
2023-05-23 10:11:37.172  WARN 22408 --- [    Test worker] .s.s.UserDetailsServiceAutoConfiguration : 

Using generated security password: 36038927-08ef-4bd6-9838-e6ae99663649

This generated password is for development use only. Your security configuration must be updated before running your application in production.

2023-05-23 10:11:37.257  INFO 22408 --- [    Test worker] o.s.s.web.DefaultSecurityFilterChain     : Will secure any request with [org.springframework.security.web.session.DisableEncodeUrlFilter@46e46077, org.springframework.security.web.context.request.async.WebAsyncManagerIntegrationFilter@2328b969, org.springframework.security.web.context.SecurityContextPersistenceFilter@6424c7b0, org.springframework.security.web.header.HeaderWriterFilter@6cc4ad22, org.springframework.security.web.csrf.CsrfFilter@47b7a2b1, org.springframework.security.web.authentication.logout.LogoutFilter@6fcaf3b9, org.springframework.security.web.authentication.UsernamePasswordAuthenticationFilter@66826ae8, org.springframework.security.web.authentication.ui.DefaultLoginPageGeneratingFilter@fd0e8be, org.springframework.security.web.authentication.ui.DefaultLogoutPageGeneratingFilter@560852ce, org.springframework.security.web.authentication.www.BasicAuthenticationFilter@605cf1c7, org.springframework.security.web.savedrequest.RequestCacheAwareFilter@3a531615, org.springframework.security.web.servletapi.SecurityContextHolderAwareRequestFilter@73b711c0, org.springframework.security.web.authentication.AnonymousAuthenticationFilter@51dd4301, org.springframework.security.web.session.SessionManagementFilter@1efc5cf4, org.springframework.security.web.access.ExceptionTranslationFilter@204fccc5, org.springframework.security.web.access.intercept.FilterSecurityInterceptor@46c38aa]
2023-05-23 10:11:37.301  INFO 22408 --- [    Test worker] o.s.b.t.m.w.SpringBootMockServletContext : Initializing Spring TestDispatcherServlet ''
2023-05-23 10:11:37.301  INFO 22408 --- [    Test worker] o.s.t.web.servlet.TestDispatcherServlet  : Initializing Servlet ''
2023-05-23 10:11:37.302  INFO 22408 --- [    Test worker] o.s.t.web.servlet.TestDispatcherServlet  : Completed initialization in 1 ms
2023-05-23 10:11:37.315  INFO 22408 --- [    Test worker] c.e.u.w.s.c.StaffApiControllerTest       : Started StaffApiControllerTest in 0.83 seconds (JVM running for 20.472)

MockHttpServletRequest:
      HTTP Method = GET
      Request URI = /api/v1/staff/agp-report/userName
       Parameters = {startDay=[27], endDay=[30], _csrf=[cdf66b7b-13e8-4d32-be8f-cbb3de8e3105]}
          Headers = []
             Body = null
    Session Attrs = {SPRING_SECURITY_CONTEXT=SecurityContextImpl [Authentication=UsernamePasswordAuthenticationToken [Principal=org.springframework.security.core.userdetails.User [Username=user, Password=[PROTECTED], Enabled=true, AccountNonExpired=true, credentialsNonExpired=true, AccountNonLocked=true, Granted Authorities=[ROLE_USER]], Credentials=[PROTECTED], Authenticated=true, Details=null, Granted Authorities=[ROLE_USER]]]}

Handler:
             Type = com.example.uxn_api.web.staff.controller.StaffApiController
           Method = com.example.uxn_api.web.staff.controller.StaffApiController#agpReport(String, String, String)

Async:
    Async started = false
     Async result = null

Resolved Exception:
             Type = null

ModelAndView:
        View name = null
             View = null
            Model = null

FlashMap:
       Attributes = null

MockHttpServletResponse:
           Status = 200
    Error message = null
          Headers = [Content-Type:"application/json", X-Content-Type-Options:"nosniff", X-XSS-Protection:"1; mode=block", Cache-Control:"no-cache, no-store, max-age=0, must-revalidate", Pragma:"no-cache", Expires:"0", X-Frame-Options:"DENY"]
     Content type = application/json
             Body = {"user_name":"userName","device_info_list":null,"five_percent":0,"twenty_five_percent":0,"fifty_percent":0,"seventy_five_percent":0,"ninety_five_percent":0}
    Forwarded URL = null
   Redirected URL = null
          Cookies = []

MockHttpServletRequest:
      HTTP Method = POST
      Request URI = /api/v1/staff/update
       Parameters = {_csrf=[743dcf97-3aa5-4250-aa7d-c4099c0e826c]}
          Headers = [Content-Type:"application/json;charset=UTF-8", Content-Length:"78"]
             Body = {"staffName":"staff","email":"staff123@gmail.com","phoneNumber":"02-123-4597"}
    Session Attrs = {SPRING_SECURITY_CONTEXT=SecurityContextImpl [Authentication=UsernamePasswordAuthenticationToken [Principal=org.springframework.security.core.userdetails.User [Username=user, Password=[PROTECTED], Enabled=true, AccountNonExpired=true, credentialsNonExpired=true, AccountNonLocked=true, Granted Authorities=[ROLE_USER]], Credentials=[PROTECTED], Authenticated=true, Details=null, Granted Authorities=[ROLE_USER]]]}

Handler:
             Type = com.example.uxn_api.web.staff.controller.StaffApiController
           Method = com.example.uxn_api.web.staff.controller.StaffApiController#signUp(StaffUpdateReqDto)

Async:
    Async started = false
     Async result = null

Resolved Exception:
             Type = null

ModelAndView:
        View name = null
             View = null
            Model = null

FlashMap:
       Attributes = null

MockHttpServletResponse:
           Status = 200
    Error message = null
          Headers = [Content-Type:"application/json", X-Content-Type-Options:"nosniff", X-XSS-Protection:"1; mode=block", Cache-Control:"no-cache, no-store, max-age=0, must-revalidate", Pragma:"no-cache", Expires:"0", X-Frame-Options:"DENY"]
     Content type = application/json
             Body = 111
    Forwarded URL = null
   Redirected URL = null
          Cookies = []

MockHttpServletRequest:
      HTTP Method = GET
      Request URI = /api/v1/staff/detail/33
       Parameters = {_csrf=[28355839-2033-42d9-9390-ec918bde48ed]}
          Headers = []
             Body = null
    Session Attrs = {SPRING_SECURITY_CONTEXT=SecurityContextImpl [Authentication=UsernamePasswordAuthenticationToken [Principal=org.springframework.security.core.userdetails.User [Username=user, Password=[PROTECTED], Enabled=true, AccountNonExpired=true, credentialsNonExpired=true, AccountNonLocked=true, Granted Authorities=[ROLE_USER]], Credentials=[PROTECTED], Authenticated=true, Details=null, Granted Authorities=[ROLE_USER]]]}

Handler:
             Type = com.example.uxn_api.web.staff.controller.StaffApiController
           Method = com.example.uxn_api.web.staff.controller.StaffApiController#staffDetail(Long)

Async:
    Async started = false
     Async result = null

Resolved Exception:
             Type = null

ModelAndView:
        View name = null
             View = null
            Model = null

FlashMap:
       Attributes = null

MockHttpServletResponse:
           Status = 200
    Error message = null
          Headers = [Content-Type:"application/json", X-Content-Type-Options:"nosniff", X-XSS-Protection:"1; mode=block", Cache-Control:"no-cache, no-store, max-age=0, must-revalidate", Pragma:"no-cache", Expires:"0", X-Frame-Options:"DENY"]
     Content type = application/json
             Body = {"idx":111,"hospital":null,"birth":null,"email":"staff123@gmail.com","recognize":false,"staff_name":"staff","phone_number":null,"approval_code":null}
    Forwarded URL = null
   Redirected URL = null
          Cookies = []

MockHttpServletRequest:
      HTTP Method = GET
      Request URI = /api/v1/staff/snap-shot/userName
       Parameters = {_csrf=[5d90e178-d1f2-4d1b-bd30-fe1b28a0f448]}
          Headers = []
             Body = null
    Session Attrs = {SPRING_SECURITY_CONTEXT=SecurityContextImpl [Authentication=UsernamePasswordAuthenticationToken [Principal=org.springframework.security.core.userdetails.User [Username=user, Password=[PROTECTED], Enabled=true, AccountNonExpired=true, credentialsNonExpired=true, AccountNonLocked=true, Granted Authorities=[ROLE_USER]], Credentials=[PROTECTED], Authenticated=true, Details=null, Granted Authorities=[ROLE_USER]]]}

Handler:
             Type = com.example.uxn_api.web.staff.controller.StaffApiController
           Method = com.example.uxn_api.web.staff.controller.StaffApiController#snapShot(String)

Async:
    Async started = false
     Async result = null

Resolved Exception:
             Type = null

ModelAndView:
        View name = null
             View = null
            Model = null

FlashMap:
       Attributes = null

MockHttpServletResponse:
           Status = 200
    Error message = null
          Headers = [Content-Type:"application/json", X-Content-Type-Options:"nosniff", X-XSS-Protection:"1; mode=block", Cache-Control:"no-cache, no-store, max-age=0, must-revalidate", Pragma:"no-cache", Expires:"0", X-Frame-Options:"DENY"]
     Content type = application/json
             Body = {"average":null,"lowBloodSugarDtoList":null,"timeActivateList":null,"timeActivate":null,"activateGraphDtoList":null,"user_idx":33,"user_name":"userName","user_email":null,"user_birth":null,"user_gender":null,"email_verify_date":null,"last_data_time":null,"device_id":null,"scan_average":0,"time_sensor_activate":0.0,"under_percent":0.0,"goal_percent":0.0,"excess_percent":0.0,"low_blood_sugar_count":null,"low_blood_sugar_duration":null}
    Forwarded URL = null
   Redirected URL = null
          Cookies = []

MockHttpServletRequest:
      HTTP Method = GET
      Request URI = /api/v1/staff/user-list/unreconize/33
       Parameters = {_csrf=[c22fb0b4-48bd-4ef6-85f1-6ee2e79e8614]}
          Headers = []
             Body = null
    Session Attrs = {SPRING_SECURITY_CONTEXT=SecurityContextImpl [Authentication=UsernamePasswordAuthenticationToken [Principal=org.springframework.security.core.userdetails.User [Username=user, Password=[PROTECTED], Enabled=true, AccountNonExpired=true, credentialsNonExpired=true, AccountNonLocked=true, Granted Authorities=[ROLE_USER]], Credentials=[PROTECTED], Authenticated=true, Details=null, Granted Authorities=[ROLE_USER]]]}

Handler:
             Type = com.example.uxn_api.web.staff.controller.StaffApiController
           Method = com.example.uxn_api.web.staff.controller.StaffApiController#unReconizeUserList(Long)

Async:
    Async started = false
     Async result = null

Resolved Exception:
             Type = null

ModelAndView:
        View name = null
             View = null
            Model = null

FlashMap:
       Attributes = null

MockHttpServletResponse:
           Status = 200
    Error message = null
          Headers = [Content-Type:"application/json", X-Content-Type-Options:"nosniff", X-XSS-Protection:"1; mode=block", Cache-Control:"no-cache, no-store, max-age=0, must-revalidate", Pragma:"no-cache", Expires:"0", X-Frame-Options:"DENY"]
     Content type = application/json
             Body = []
    Forwarded URL = null
   Redirected URL = null
          Cookies = []

MockHttpServletRequest:
      HTTP Method = GET
      Request URI = /api/v1/staff/user-detail/user
       Parameters = {_csrf=[685da9e5-befe-4343-9c26-7f832f817f6c]}
          Headers = []
             Body = null
    Session Attrs = {SPRING_SECURITY_CONTEXT=SecurityContextImpl [Authentication=UsernamePasswordAuthenticationToken [Principal=org.springframework.security.core.userdetails.User [Username=user, Password=[PROTECTED], Enabled=true, AccountNonExpired=true, credentialsNonExpired=true, AccountNonLocked=true, Granted Authorities=[ROLE_USER]], Credentials=[PROTECTED], Authenticated=true, Details=null, Granted Authorities=[ROLE_USER]]]}

Handler:
             Type = com.example.uxn_api.web.staff.controller.StaffApiController
           Method = com.example.uxn_api.web.staff.controller.StaffApiController#userDetail(String)

Async:
    Async started = false
     Async result = null

Resolved Exception:
             Type = null

ModelAndView:
        View name = null
             View = null
            Model = null

FlashMap:
       Attributes = null

MockHttpServletResponse:
           Status = 200
    Error message = null
          Headers = [Content-Type:"application/json", X-Content-Type-Options:"nosniff", X-XSS-Protection:"1; mode=block", Cache-Control:"no-cache, no-store, max-age=0, must-revalidate", Pragma:"no-cache", Expires:"0", X-Frame-Options:"DENY"]
     Content type = application/json
             Body = {"user_name":"user","diabetes_level":[99.99]}
    Forwarded URL = null
   Redirected URL = null
          Cookies = []
2023-05-23 10:11:37.423 DEBUG 22408 --- [    Test worker] c.e.u.w.s.controller.StaffApiController  : registration user start:null
2023-05-23 10:11:37.424 DEBUG 22408 --- [    Test worker] c.e.u.w.s.controller.StaffApiController  : staffRegistrationUser: code empty
2023-05-23 10:11:37.425 ERROR 22408 --- [    Test worker] c.e.u.web.error.CustomExceptionHandler   : LoginException :410

MockHttpServletRequest:
      HTTP Method = PUT
      Request URI = /api/v1/staff/registration/user
       Parameters = {_csrf=[36897e32-2676-430b-8051-eb46794ba955]}
          Headers = [Content-Type:"application/json;charset=UTF-8", Content-Length:"82"]
             Body = {"staffName":"staff","userEmail":"staff123@gmail.com","staffIdx":111,"userIdx":33}
    Session Attrs = {SPRING_SECURITY_CONTEXT=SecurityContextImpl [Authentication=UsernamePasswordAuthenticationToken [Principal=org.springframework.security.core.userdetails.User [Username=user, Password=[PROTECTED], Enabled=true, AccountNonExpired=true, credentialsNonExpired=true, AccountNonLocked=true, Granted Authorities=[ROLE_USER]], Credentials=[PROTECTED], Authenticated=true, Details=null, Granted Authorities=[ROLE_USER]]]}

Handler:
             Type = com.example.uxn_api.web.staff.controller.StaffApiController
           Method = com.example.uxn_api.web.staff.controller.StaffApiController#staffRegistrationUser(UserRegistrationDto)

Async:
    Async started = false
     Async result = null

Resolved Exception:
             Type = com.example.uxn_api.web.error.LoginException

ModelAndView:
        View name = null
             View = null
            Model = null

FlashMap:
       Attributes = null

MockHttpServletResponse:
           Status = 410
    Error message = null
          Headers = [Content-Type:"application/json", X-Content-Type-Options:"nosniff", X-XSS-Protection:"1; mode=block", Cache-Control:"no-cache, no-store, max-age=0, must-revalidate", Pragma:"no-cache", Expires:"0", X-Frame-Options:"DENY"]
     Content type = application/json
             Body = {"status":410,"message":"INPUT_CODE_EMPTY","code":"INPUT_CODE_EMPTY"}
    Forwarded URL = null
   Redirected URL = null
          Cookies = []
2023-05-23 10:11:37.432 DEBUG 22408 --- [    Test worker] c.e.u.w.s.controller.StaffApiController  : registration user start:testCode
2023-05-23 10:11:37.433 DEBUG 22408 --- [    Test worker] c.e.u.w.s.controller.StaffApiController  : staffRegistrationUser: staff not found
2023-05-23 10:11:37.434 ERROR 22408 --- [    Test worker] c.e.u.web.error.CustomExceptionHandler   : LoginException :411

MockHttpServletRequest:
      HTTP Method = PUT
      Request URI = /api/v1/staff/registration/user
       Parameters = {_csrf=[a4c49e84-48fe-47a1-b5dc-548603a38157]}
          Headers = [Content-Type:"application/json;charset=UTF-8", Content-Length:"100"]
             Body = {"staffName":"staff","userEmail":"staff123@gmail.com","staffIdx":111,"userIdx":33,"code":"testCode"}
    Session Attrs = {SPRING_SECURITY_CONTEXT=SecurityContextImpl [Authentication=UsernamePasswordAuthenticationToken [Principal=org.springframework.security.core.userdetails.User [Username=user, Password=[PROTECTED], Enabled=true, AccountNonExpired=true, credentialsNonExpired=true, AccountNonLocked=true, Granted Authorities=[ROLE_USER]], Credentials=[PROTECTED], Authenticated=true, Details=null, Granted Authorities=[ROLE_USER]]]}

Handler:
             Type = com.example.uxn_api.web.staff.controller.StaffApiController
           Method = com.example.uxn_api.web.staff.controller.StaffApiController#staffRegistrationUser(UserRegistrationDto)

Async:
    Async started = false
     Async result = null

Resolved Exception:
             Type = com.example.uxn_api.web.error.LoginException

ModelAndView:
        View name = null
             View = null
            Model = null

FlashMap:
       Attributes = null

MockHttpServletResponse:
           Status = 411
    Error message = null
          Headers = [Content-Type:"application/json", X-Content-Type-Options:"nosniff", X-XSS-Protection:"1; mode=block", Cache-Control:"no-cache, no-store, max-age=0, must-revalidate", Pragma:"no-cache", Expires:"0", X-Frame-Options:"DENY"]
     Content type = application/json
             Body = {"status":411,"message":"STAFF_NOT_FOUND","code":"STAFF_NOT_FOUND"}
    Forwarded URL = null
   Redirected URL = null
          Cookies = []
2023-05-23 10:11:37.438 DEBUG 22408 --- [    Test worker] c.e.u.w.s.controller.StaffApiController  : registration user start:testCode123
2023-05-23 10:11:37.439 DEBUG 22408 --- [    Test worker] c.e.u.w.s.controller.StaffApiController  : staffRegistrationUser: not equal approval code
2023-05-23 10:11:37.441 ERROR 22408 --- [    Test worker] c.e.u.web.error.CustomExceptionHandler   : LoginException :412

MockHttpServletRequest:
      HTTP Method = PUT
      Request URI = /api/v1/staff/registration/user
       Parameters = {_csrf=[9d2f8075-773a-4e9e-887f-d7a49594d459]}
          Headers = [Content-Type:"application/json;charset=UTF-8", Content-Length:"22"]
             Body = {"code":"testCode123"}
    Session Attrs = {SPRING_SECURITY_CONTEXT=SecurityContextImpl [Authentication=UsernamePasswordAuthenticationToken [Principal=org.springframework.security.core.userdetails.User [Username=user, Password=[PROTECTED], Enabled=true, AccountNonExpired=true, credentialsNonExpired=true, AccountNonLocked=true, Granted Authorities=[ROLE_USER]], Credentials=[PROTECTED], Authenticated=true, Details=null, Granted Authorities=[ROLE_USER]]]}

Handler:
             Type = com.example.uxn_api.web.staff.controller.StaffApiController
           Method = com.example.uxn_api.web.staff.controller.StaffApiController#staffRegistrationUser(UserRegistrationDto)

Async:
    Async started = false
     Async result = null

Resolved Exception:
             Type = com.example.uxn_api.web.error.LoginException

ModelAndView:
        View name = null
             View = null
            Model = null

FlashMap:
       Attributes = null

MockHttpServletResponse:
           Status = 412
    Error message = null
          Headers = [Content-Type:"application/json", X-Content-Type-Options:"nosniff", X-XSS-Protection:"1; mode=block", Cache-Control:"no-cache, no-store, max-age=0, must-revalidate", Pragma:"no-cache", Expires:"0", X-Frame-Options:"DENY"]
     Content type = application/json
             Body = {"status":412,"message":"INPUT_CODE_EMPTY","code":"INPUT_CODE_EMPTY"}
    Forwarded URL = null
   Redirected URL = null
          Cookies = []
2023-05-23 10:11:37.445 DEBUG 22408 --- [    Test worker] c.e.u.w.s.controller.StaffApiController  : registration user start:testCode

MockHttpServletRequest:
      HTTP Method = PUT
      Request URI = /api/v1/staff/registration/user
       Parameters = {_csrf=[29faa4b9-b446-4c44-a5eb-e98afe714cb0]}
          Headers = [Content-Type:"application/json;charset=UTF-8", Content-Length:"19"]
             Body = {"code":"testCode"}
    Session Attrs = {SPRING_SECURITY_CONTEXT=SecurityContextImpl [Authentication=UsernamePasswordAuthenticationToken [Principal=org.springframework.security.core.userdetails.User [Username=user, Password=[PROTECTED], Enabled=true, AccountNonExpired=true, credentialsNonExpired=true, AccountNonLocked=true, Granted Authorities=[ROLE_USER]], Credentials=[PROTECTED], Authenticated=true, Details=null, Granted Authorities=[ROLE_USER]]]}

Handler:
             Type = com.example.uxn_api.web.staff.controller.StaffApiController
           Method = com.example.uxn_api.web.staff.controller.StaffApiController#staffRegistrationUser(UserRegistrationDto)

Async:
    Async started = false
     Async result = null

Resolved Exception:
             Type = null

ModelAndView:
        View name = null
             View = null
            Model = null

FlashMap:
       Attributes = null

MockHttpServletResponse:
           Status = 200
    Error message = null
          Headers = [X-Content-Type-Options:"nosniff", X-XSS-Protection:"1; mode=block", Cache-Control:"no-cache, no-store, max-age=0, must-revalidate", Pragma:"no-cache", Expires:"0", X-Frame-Options:"DENY"]
     Content type = null
             Body = 
    Forwarded URL = null
   Redirected URL = null
          Cookies = []
2023-05-23 10:11:37.460  INFO 22408 --- [    Test worker] c.e.u.w.s.controller.StaffApiController  : list date : null

MockHttpServletRequest:
      HTTP Method = GET
      Request URI = /api/v1/staff/user-list/33
       Parameters = {_csrf=[cb2f2aa7-289c-461b-a9bb-c979e35862d5]}
          Headers = []
             Body = null
    Session Attrs = {SPRING_SECURITY_CONTEXT=SecurityContextImpl [Authentication=UsernamePasswordAuthenticationToken [Principal=org.springframework.security.core.userdetails.User [Username=user, Password=[PROTECTED], Enabled=true, AccountNonExpired=true, credentialsNonExpired=true, AccountNonLocked=true, Granted Authorities=[ROLE_USER]], Credentials=[PROTECTED], Authenticated=true, Details=null, Granted Authorities=[ROLE_USER]]]}

Handler:
             Type = com.example.uxn_api.web.staff.controller.StaffApiController
           Method = com.example.uxn_api.web.staff.controller.StaffApiController#userList(Long, String, String)

Async:
    Async started = false
     Async result = null

Resolved Exception:
             Type = null

ModelAndView:
        View name = null
             View = null
            Model = null

FlashMap:
       Attributes = null

MockHttpServletResponse:
           Status = 200
    Error message = null
          Headers = [Content-Type:"application/json", X-Content-Type-Options:"nosniff", X-XSS-Protection:"1; mode=block", Cache-Control:"no-cache, no-store, max-age=0, must-revalidate", Pragma:"no-cache", Expires:"0", X-Frame-Options:"DENY"]
     Content type = application/json
             Body = []
    Forwarded URL = null
   Redirected URL = null
          Cookies = []

MockHttpServletRequest:
      HTTP Method = GET
      Request URI = /api/v1/staff/search/userName
       Parameters = {_csrf=[1def793b-8928-48ec-b8d2-afa1b8ef4f29]}
          Headers = []
             Body = null
    Session Attrs = {SPRING_SECURITY_CONTEXT=SecurityContextImpl [Authentication=UsernamePasswordAuthenticationToken [Principal=org.springframework.security.core.userdetails.User [Username=user, Password=[PROTECTED], Enabled=true, AccountNonExpired=true, credentialsNonExpired=true, AccountNonLocked=true, Granted Authorities=[ROLE_USER]], Credentials=[PROTECTED], Authenticated=true, Details=null, Granted Authorities=[ROLE_USER]]]}

Handler:
             Type = com.example.uxn_api.web.staff.controller.StaffApiController
           Method = com.example.uxn_api.web.staff.controller.StaffApiController#searchUserName(String)

Async:
    Async started = false
     Async result = null

Resolved Exception:
             Type = null

ModelAndView:
        View name = null
             View = null
            Model = null

FlashMap:
       Attributes = null

MockHttpServletResponse:
           Status = 200
    Error message = null
          Headers = [Content-Type:"application/json", X-Content-Type-Options:"nosniff", X-XSS-Protection:"1; mode=block", Cache-Control:"no-cache, no-store, max-age=0, must-revalidate", Pragma:"no-cache", Expires:"0", X-Frame-Options:"DENY"]
     Content type = application/json
             Body = {"average":null,"lowBloodSugarDtoList":null,"timeActivateList":null,"timeActivate":null,"activateGraphDtoList":null,"user_idx":33,"user_name":"userName","user_email":null,"user_birth":null,"user_gender":null,"email_verify_date":null,"last_data_time":null,"device_id":null,"scan_average":0,"time_sensor_activate":0.0,"under_percent":0.0,"goal_percent":0.0,"excess_percent":0.0,"low_blood_sugar_count":null,"low_blood_sugar_duration":null}
    Forwarded URL = null
   Redirected URL = null
          Cookies = []
]]></system-out>
  <system-err><![CDATA[]]></system-err>
</testsuite>
