<?xml version="1.0" encoding="UTF-8"?>
<testsuite name="com.example.uxn_api.web.device.controller.DeviceApiControllerTest" tests="2" skipped="0" failures="0" errors="0" timestamp="2023-05-19T08:33:04" hostname="NOTEBOOK-KWYEOM" time="0.067">
  <properties/>
  <testcase name="infoFromUser test" classname="com.example.uxn_api.web.device.controller.DeviceApiControllerTest" time="0.053"/>
  <testcase name="registration test" classname="com.example.uxn_api.web.device.controller.DeviceApiControllerTest" time="0.011"/>
  <system-out><![CDATA[2023-05-19 17:33:02.754  INFO 30880 --- [    Test worker] .b.t.a.w.s.WebMvcTestContextBootstrapper : Neither @ContextConfiguration nor @ContextHierarchy found for test class [com.example.uxn_api.web.device.controller.DeviceApiControllerTest], using SpringBootContextLoader
2023-05-19 17:33:02.756  INFO 30880 --- [    Test worker] o.s.t.c.support.AbstractContextLoader    : Could not detect default resource locations for test class [com.example.uxn_api.web.device.controller.DeviceApiControllerTest]: no resource found for suffixes {-context.xml, Context.groovy}.
2023-05-19 17:33:02.756  INFO 30880 --- [    Test worker] t.c.s.AnnotationConfigContextLoaderUtils : Could not detect default configuration classes for test class [com.example.uxn_api.web.device.controller.DeviceApiControllerTest]: DeviceApiControllerTest does not declare any static, non-private, non-final, nested classes annotated with @Configuration.
2023-05-19 17:33:02.774  INFO 30880 --- [    Test worker] .b.t.c.SpringBootTestContextBootstrapper : Found @SpringBootConfiguration com.example.uxn_api.UxnApiApplication for test class com.example.uxn_api.web.device.controller.DeviceApiControllerTest
2023-05-19 17:33:02.775  INFO 30880 --- [    Test worker] .b.t.a.w.s.WebMvcTestContextBootstrapper : Loaded default TestExecutionListener class names from location [META-INF/spring.factories]: [org.springframework.security.test.context.support.WithSecurityContextTestExecutionListener, org.springframework.security.test.context.support.ReactorContextTestExecutionListener, org.springframework.boot.test.autoconfigure.restdocs.RestDocsTestExecutionListener, org.springframework.boot.test.autoconfigure.web.client.MockRestServiceServerResetTestExecutionListener, org.springframework.boot.test.autoconfigure.web.servlet.MockMvcPrintOnlyOnFailureTestExecutionListener, org.springframework.boot.test.autoconfigure.web.servlet.WebDriverTestExecutionListener, org.springframework.boot.test.autoconfigure.webservices.client.MockWebServiceServerTestExecutionListener, org.springframework.boot.test.mock.mockito.MockitoTestExecutionListener, org.springframework.boot.test.mock.mockito.ResetMocksTestExecutionListener, org.springframework.test.context.web.ServletTestExecutionListener, org.springframework.test.context.support.DirtiesContextBeforeModesTestExecutionListener, org.springframework.test.context.event.ApplicationEventsTestExecutionListener, org.springframework.test.context.support.DependencyInjectionTestExecutionListener, org.springframework.test.context.support.DirtiesContextTestExecutionListener, org.springframework.test.context.transaction.TransactionalTestExecutionListener, org.springframework.test.context.jdbc.SqlScriptsTestExecutionListener, org.springframework.test.context.event.EventPublishingTestExecutionListener]
2023-05-19 17:33:02.777  INFO 30880 --- [    Test worker] .b.t.a.w.s.WebMvcTestContextBootstrapper : Using TestExecutionListeners: [org.springframework.test.context.web.ServletTestExecutionListener@39ff2654, org.springframework.test.context.support.DirtiesContextBeforeModesTestExecutionListener@1177d887, org.springframework.test.context.event.ApplicationEventsTestExecutionListener@812c48d, org.springframework.boot.test.mock.mockito.MockitoTestExecutionListener@75016c1e, org.springframework.boot.test.autoconfigure.SpringBootDependencyInjectionTestExecutionListener@350c396c, org.springframework.test.context.support.DirtiesContextTestExecutionListener@1a106caa, org.springframework.test.context.transaction.TransactionalTestExecutionListener@438e5c9, org.springframework.test.context.jdbc.SqlScriptsTestExecutionListener@7aa708cc, org.springframework.security.test.context.support.WithSecurityContextTestExecutionListener@2e3499ad, org.springframework.test.context.event.EventPublishingTestExecutionListener@3758d5fd, org.springframework.security.test.context.support.ReactorContextTestExecutionListener@740d6872, org.springframework.boot.test.autoconfigure.restdocs.RestDocsTestExecutionListener@36aeef57, org.springframework.boot.test.autoconfigure.web.client.MockRestServiceServerResetTestExecutionListener@3cdde1de, org.springframework.boot.test.autoconfigure.web.servlet.MockMvcPrintOnlyOnFailureTestExecutionListener@4ddb3c85, org.springframework.boot.test.autoconfigure.web.servlet.WebDriverTestExecutionListener@528a83b4, org.springframework.boot.test.autoconfigure.webservices.client.MockWebServiceServerTestExecutionListener@131f0ae5, org.springframework.boot.test.mock.mockito.ResetMocksTestExecutionListener@409fca49]

  .   ____          _            __ _ _
 /\\ / ___'_ __ _ _(_)_ __  __ _ \ \ \ \
( ( )\___ | '_ | '_| | '_ \/ _` | \ \ \ \
 \\/  ___)| |_)| | | | | || (_| |  ) ) ) )
  '  |____| .__|_| |_|_| |_\__, | / / / /
 =========|_|==============|___/=/_/_/_/
 :: Spring Boot ::                (v2.7.1)

2023-05-19 17:33:02.831  INFO 30880 --- [    Test worker] c.e.u.w.d.c.DeviceApiControllerTest      : Starting DeviceApiControllerTest using Java 11.0.16 on notebook-kwyeom with PID 30880 (started by tochi in D:\GIT_Source\T1x_agms_server\uxn_api)
2023-05-19 17:33:02.831 DEBUG 30880 --- [    Test worker] c.e.u.w.d.c.DeviceApiControllerTest      : Running with Spring Boot v2.7.1, Spring v5.3.21
2023-05-19 17:33:02.833  INFO 30880 --- [    Test worker] c.e.u.w.d.c.DeviceApiControllerTest      : No active profile set, falling back to 1 default profile: "default"
2023-05-19 17:33:03.792  WARN 30880 --- [    Test worker] ion$DefaultTemplateResolverConfiguration : Cannot find template location: classpath:/templates/ (please add some templates or check your Thymeleaf configuration)
2023-05-19 17:33:03.950  WARN 30880 --- [    Test worker] .s.s.UserDetailsServiceAutoConfiguration : 

Using generated security password: 3c825210-36df-40d7-ad69-9ba141e3a578

This generated password is for development use only. Your security configuration must be updated before running your application in production.

2023-05-19 17:33:04.169  INFO 30880 --- [    Test worker] o.s.s.web.DefaultSecurityFilterChain     : Will secure any request with [org.springframework.security.web.session.DisableEncodeUrlFilter@4be4a158, org.springframework.security.web.context.request.async.WebAsyncManagerIntegrationFilter@2c16fca4, org.springframework.security.web.context.SecurityContextPersistenceFilter@3d004131, org.springframework.security.web.header.HeaderWriterFilter@4ed7c1ce, org.springframework.security.web.csrf.CsrfFilter@9657086, org.springframework.security.web.authentication.logout.LogoutFilter@46812738, org.springframework.security.web.authentication.UsernamePasswordAuthenticationFilter@38bc99f5, org.springframework.security.web.authentication.ui.DefaultLoginPageGeneratingFilter@7b839e80, org.springframework.security.web.authentication.ui.DefaultLogoutPageGeneratingFilter@70b9bbe2, org.springframework.security.web.authentication.www.BasicAuthenticationFilter@591c80e0, org.springframework.security.web.savedrequest.RequestCacheAwareFilter@bf138ee, org.springframework.security.web.servletapi.SecurityContextHolderAwareRequestFilter@7bd841ef, org.springframework.security.web.authentication.AnonymousAuthenticationFilter@4d1f3e95, org.springframework.security.web.session.SessionManagementFilter@1f43f31f, org.springframework.security.web.access.ExceptionTranslationFilter@5e0d0946, org.springframework.security.web.access.intercept.FilterSecurityInterceptor@39dbd9d1]
2023-05-19 17:33:04.359  INFO 30880 --- [    Test worker] o.s.b.t.m.w.SpringBootMockServletContext : Initializing Spring TestDispatcherServlet ''
2023-05-19 17:33:04.359  INFO 30880 --- [    Test worker] o.s.t.web.servlet.TestDispatcherServlet  : Initializing Servlet ''
2023-05-19 17:33:04.360  INFO 30880 --- [    Test worker] o.s.t.web.servlet.TestDispatcherServlet  : Completed initialization in 0 ms
2023-05-19 17:33:04.396  INFO 30880 --- [    Test worker] c.e.u.w.d.c.DeviceApiControllerTest      : Started DeviceApiControllerTest in 1.614 seconds (JVM running for 20.032)

MockHttpServletRequest:
      HTTP Method = GET
      Request URI = /api/v1/diabetes/user-info/33
       Parameters = {}
          Headers = []
             Body = null
    Session Attrs = {SPRING_SECURITY_CONTEXT=SecurityContextImpl [Authentication=UsernamePasswordAuthenticationToken [Principal=org.springframework.security.core.userdetails.User [Username=user, Password=[PROTECTED], Enabled=true, AccountNonExpired=true, credentialsNonExpired=true, AccountNonLocked=true, Granted Authorities=[ROLE_USER]], Credentials=[PROTECTED], Authenticated=true, Details=null, Granted Authorities=[ROLE_USER]]]}

Handler:
             Type = com.example.uxn_api.web.device.controller.DeviceApiController
           Method = com.example.uxn_api.web.device.controller.DeviceApiController#infoFromUser(Long)

Async:
    Async started = false
     Async result = null

Resolved Exception:
             Type = null

ModelAndView:
        View name = null
             View = null
            Model = null

FlashMap:
       Attributes = null

MockHttpServletResponse:
           Status = 200
    Error message = null
          Headers = [Content-Type:"application/json", X-Content-Type-Options:"nosniff", X-XSS-Protection:"1; mode=block", Cache-Control:"no-cache, no-store, max-age=0, must-revalidate", Pragma:"no-cache", Expires:"0", X-Frame-Options:"DENY"]
     Content type = application/json
             Body = [{"userInfoToDiabetes":{"email":"user1234@gmail.com","user_name":"user"},"device_id":"device_id","diabetes_level":99.9}]
    Forwarded URL = null
   Redirected URL = null
          Cookies = []
]]></system-out>
  <system-err><![CDATA[]]></system-err>
</testsuite>
