<?xml version="1.0" encoding="UTF-8"?>
<testsuite name="com.example.uxn_api.service.email.MailSendServiceTest" tests="2" skipped="0" failures="0" errors="0" timestamp="2023-05-19T08:32:51" hostname="NOTEBOOK-KWYEOM" time="3.858">
  <properties/>
  <testcase name="createKey()" classname="com.example.uxn_api.service.email.MailSendServiceTest" time="0.016"/>
  <testcase name="verificationMailSend()" classname="com.example.uxn_api.service.email.MailSendServiceTest" time="3.841"/>
  <system-out><![CDATA[17:32:52.046 [Test worker] DEBUG com.example.uxn_api.service.email.MailSendService - before transport
17:32:55.739 [Test worker] DEBUG com.example.uxn_api.service.email.MailSendService - 이메일 인증  메일 전송 완료 
]]></system-out>
  <system-err><![CDATA[]]></system-err>
</testsuite>
