<?xml version="1.0" encoding="UTF-8"?>
<testsuite name="com.example.uxn_api.web.login.controller.LoginApiControllerTest" tests="2" skipped="0" failures="0" errors="0" timestamp="2023-05-23T01:11:34" hostname="NOTEBOOK-KWYEOM" time="0.079">
  <properties/>
  <testcase name="login test" classname="com.example.uxn_api.web.login.controller.LoginApiControllerTest" time="0.017"/>
  <testcase name="login verify test" classname="com.example.uxn_api.web.login.controller.LoginApiControllerTest" time="0.06"/>
  <system-out><![CDATA[2023-05-23 10:11:33.416  INFO 22408 --- [    Test worker] .b.t.a.w.s.WebMvcTestContextBootstrapper : Neither @ContextConfiguration nor @ContextHierarchy found for test class [com.example.uxn_api.web.login.controller.LoginApiControllerTest], using SpringBootContextLoader
2023-05-23 10:11:33.417  INFO 22408 --- [    Test worker] o.s.t.c.support.AbstractContextLoader    : Could not detect default resource locations for test class [com.example.uxn_api.web.login.controller.LoginApiControllerTest]: no resource found for suffixes {-context.xml, Context.groovy}.
2023-05-23 10:11:33.417  INFO 22408 --- [    Test worker] t.c.s.AnnotationConfigContextLoaderUtils : Could not detect default configuration classes for test class [com.example.uxn_api.web.login.controller.LoginApiControllerTest]: LoginApiControllerTest does not declare any static, non-private, non-final, nested classes annotated with @Configuration.
2023-05-23 10:11:33.430  INFO 22408 --- [    Test worker] .b.t.c.SpringBootTestContextBootstrapper : Found @SpringBootConfiguration com.example.uxn_api.UxnApiApplication for test class com.example.uxn_api.web.login.controller.LoginApiControllerTest
2023-05-23 10:11:33.431  INFO 22408 --- [    Test worker] .b.t.a.w.s.WebMvcTestContextBootstrapper : Loaded default TestExecutionListener class names from location [META-INF/spring.factories]: [org.springframework.security.test.context.support.WithSecurityContextTestExecutionListener, org.springframework.security.test.context.support.ReactorContextTestExecutionListener, org.springframework.boot.test.autoconfigure.restdocs.RestDocsTestExecutionListener, org.springframework.boot.test.autoconfigure.web.client.MockRestServiceServerResetTestExecutionListener, org.springframework.boot.test.autoconfigure.web.servlet.MockMvcPrintOnlyOnFailureTestExecutionListener, org.springframework.boot.test.autoconfigure.web.servlet.WebDriverTestExecutionListener, org.springframework.boot.test.autoconfigure.webservices.client.MockWebServiceServerTestExecutionListener, org.springframework.boot.test.mock.mockito.MockitoTestExecutionListener, org.springframework.boot.test.mock.mockito.ResetMocksTestExecutionListener, org.springframework.test.context.web.ServletTestExecutionListener, org.springframework.test.context.support.DirtiesContextBeforeModesTestExecutionListener, org.springframework.test.context.event.ApplicationEventsTestExecutionListener, org.springframework.test.context.support.DependencyInjectionTestExecutionListener, org.springframework.test.context.support.DirtiesContextTestExecutionListener, org.springframework.test.context.transaction.TransactionalTestExecutionListener, org.springframework.test.context.jdbc.SqlScriptsTestExecutionListener, org.springframework.test.context.event.EventPublishingTestExecutionListener]
2023-05-23 10:11:33.432  INFO 22408 --- [    Test worker] .b.t.a.w.s.WebMvcTestContextBootstrapper : Using TestExecutionListeners: [org.springframework.test.context.web.ServletTestExecutionListener@718f8280, org.springframework.test.context.support.DirtiesContextBeforeModesTestExecutionListener@1e855278, org.springframework.test.context.event.ApplicationEventsTestExecutionListener@5010e026, org.springframework.boot.test.mock.mockito.MockitoTestExecutionListener@5003fab2, org.springframework.boot.test.autoconfigure.SpringBootDependencyInjectionTestExecutionListener@5d95f9b0, org.springframework.test.context.support.DirtiesContextTestExecutionListener@693766e8, org.springframework.test.context.transaction.TransactionalTestExecutionListener@3e71aa38, org.springframework.test.context.jdbc.SqlScriptsTestExecutionListener@7168112e, org.springframework.security.test.context.support.WithSecurityContextTestExecutionListener@3422eca, org.springframework.test.context.event.EventPublishingTestExecutionListener@5190186c, org.springframework.security.test.context.support.ReactorContextTestExecutionListener@6203580c, org.springframework.boot.test.autoconfigure.restdocs.RestDocsTestExecutionListener@5353c403, org.springframework.boot.test.autoconfigure.web.client.MockRestServiceServerResetTestExecutionListener@41f584dd, org.springframework.boot.test.autoconfigure.web.servlet.MockMvcPrintOnlyOnFailureTestExecutionListener@1077b7f7, org.springframework.boot.test.autoconfigure.web.servlet.WebDriverTestExecutionListener@684c4ecd, org.springframework.boot.test.autoconfigure.webservices.client.MockWebServiceServerTestExecutionListener@25f2fc1b, org.springframework.boot.test.mock.mockito.ResetMocksTestExecutionListener@484c4714]

  .   ____          _            __ _ _
 /\\ / ___'_ __ _ _(_)_ __  __ _ \ \ \ \
( ( )\___ | '_ | '_| | '_ \/ _` | \ \ \ \
 \\/  ___)| |_)| | | | | || (_| |  ) ) ) )
  '  |____| .__|_| |_|_| |_\__, | / / / /
 =========|_|==============|___/=/_/_/_/
 :: Spring Boot ::                (v2.7.1)

2023-05-23 10:11:33.463  INFO 22408 --- [    Test worker] c.e.u.w.l.c.LoginApiControllerTest       : Starting LoginApiControllerTest using Java 11.0.16 on notebook-kwyeom with PID 22408 (started by tochi in D:\GIT_Source\T1x_agms_server_v2\uxn_api)
2023-05-23 10:11:33.464 DEBUG 22408 --- [    Test worker] c.e.u.w.l.c.LoginApiControllerTest       : Running with Spring Boot v2.7.1, Spring v5.3.21
2023-05-23 10:11:33.464  INFO 22408 --- [    Test worker] c.e.u.w.l.c.LoginApiControllerTest       : No active profile set, falling back to 1 default profile: "default"
2023-05-23 10:11:33.976  WARN 22408 --- [    Test worker] ion$DefaultTemplateResolverConfiguration : Cannot find template location: classpath:/templates/ (please add some templates or check your Thymeleaf configuration)
2023-05-23 10:11:34.118  WARN 22408 --- [    Test worker] .s.s.UserDetailsServiceAutoConfiguration : 

Using generated security password: e183589c-e4cf-4610-8f60-6c1fd55d22a4

This generated password is for development use only. Your security configuration must be updated before running your application in production.

2023-05-23 10:11:34.225  INFO 22408 --- [    Test worker] o.s.s.web.DefaultSecurityFilterChain     : Will secure any request with [org.springframework.security.web.session.DisableEncodeUrlFilter@1907bfea, org.springframework.security.web.context.request.async.WebAsyncManagerIntegrationFilter@53b85fdb, org.springframework.security.web.context.SecurityContextPersistenceFilter@3ec333dc, org.springframework.security.web.header.HeaderWriterFilter@3e312371, org.springframework.security.web.csrf.CsrfFilter@64fda109, org.springframework.security.web.authentication.logout.LogoutFilter@74ceac0, org.springframework.security.web.authentication.UsernamePasswordAuthenticationFilter@4557cd06, org.springframework.security.web.authentication.ui.DefaultLoginPageGeneratingFilter@28493413, org.springframework.security.web.authentication.ui.DefaultLogoutPageGeneratingFilter@287c8757, org.springframework.security.web.authentication.www.BasicAuthenticationFilter@6453c078, org.springframework.security.web.savedrequest.RequestCacheAwareFilter@516b3390, org.springframework.security.web.servletapi.SecurityContextHolderAwareRequestFilter@6676b867, org.springframework.security.web.authentication.AnonymousAuthenticationFilter@52d6d220, org.springframework.security.web.session.SessionManagementFilter@37bf29cb, org.springframework.security.web.access.ExceptionTranslationFilter@64c170c4, org.springframework.security.web.access.intercept.FilterSecurityInterceptor@4701ae87]
2023-05-23 10:11:34.275  INFO 22408 --- [    Test worker] o.s.b.t.m.w.SpringBootMockServletContext : Initializing Spring TestDispatcherServlet ''
2023-05-23 10:11:34.276  INFO 22408 --- [    Test worker] o.s.t.web.servlet.TestDispatcherServlet  : Initializing Servlet ''
2023-05-23 10:11:34.276  INFO 22408 --- [    Test worker] o.s.t.web.servlet.TestDispatcherServlet  : Completed initialization in 0 ms
2023-05-23 10:11:34.288  INFO 22408 --- [    Test worker] c.e.u.w.l.c.LoginApiControllerTest       : Started LoginApiControllerTest in 0.853 seconds (JVM running for 17.444)
2023-05-23 10:11:34.304 DEBUG 22408 --- [    Test worker] c.e.u.w.l.controller.LoginApiController  : check pared here

MockHttpServletRequest:
      HTTP Method = POST
      Request URI = /api/v1/login
       Parameters = {_csrf=[d75c00db-3aa0-46af-80b4-051fd57d266c]}
          Headers = [Content-Type:"application/json;charset=UTF-8", Content-Length:"70"]
             Body = {"userId":"user","password":"uxn1234!@","refreshToken":"refreshToken"}
    Session Attrs = {SPRING_SECURITY_CONTEXT=SecurityContextImpl [Authentication=UsernamePasswordAuthenticationToken [Principal=org.springframework.security.core.userdetails.User [Username=user, Password=[PROTECTED], Enabled=true, AccountNonExpired=true, credentialsNonExpired=true, AccountNonLocked=true, Granted Authorities=[ROLE_USER]], Credentials=[PROTECTED], Authenticated=true, Details=null, Granted Authorities=[ROLE_USER]]]}

Handler:
             Type = com.example.uxn_api.web.login.controller.LoginApiController
           Method = com.example.uxn_api.web.login.controller.LoginApiController#login(LoginReqDto)

Async:
    Async started = false
     Async result = null

Resolved Exception:
             Type = null

ModelAndView:
        View name = null
             View = null
            Model = null

FlashMap:
       Attributes = null

MockHttpServletResponse:
           Status = 200
    Error message = null
          Headers = [X-Content-Type-Options:"nosniff", X-XSS-Protection:"1; mode=block", Cache-Control:"no-cache, no-store, max-age=0, must-revalidate", Pragma:"no-cache", Expires:"0", X-Frame-Options:"DENY"]
     Content type = null
             Body = 
    Forwarded URL = null
   Redirected URL = null
          Cookies = []
2023-05-23 10:11:34.320  INFO 22408 --- [    Test worker] c.e.u.w.l.controller.LoginApiController  : 컨트롤러

MockHttpServletRequest:
      HTTP Method = GET
      Request URI = /api/v1/login/verify
       Parameters = {_csrf=[1fef786a-f73c-482d-ae01-b5e123bb0ccd]}
          Headers = [Content-Type:"application/json;charset=UTF-8", Content-Length:"24"]
             Body = {"password":"uxn1234!@"}
    Session Attrs = {SPRING_SECURITY_CONTEXT=SecurityContextImpl [Authentication=UsernamePasswordAuthenticationToken [Principal=org.springframework.security.core.userdetails.User [Username=user, Password=[PROTECTED], Enabled=true, AccountNonExpired=true, credentialsNonExpired=true, AccountNonLocked=true, Granted Authorities=[ROLE_USER]], Credentials=[PROTECTED], Authenticated=true, Details=null, Granted Authorities=[ROLE_USER]]]}

Handler:
             Type = com.example.uxn_api.web.login.controller.LoginApiController
           Method = com.example.uxn_api.web.login.controller.LoginApiController#loginVerify(LoginReqDto)

Async:
    Async started = false
     Async result = null

Resolved Exception:
             Type = null

ModelAndView:
        View name = null
             View = null
            Model = null

FlashMap:
       Attributes = null

MockHttpServletResponse:
           Status = 200
    Error message = null
          Headers = [Content-Type:"application/json", X-Content-Type-Options:"nosniff", X-XSS-Protection:"1; mode=block", Cache-Control:"no-cache, no-store, max-age=0, must-revalidate", Pragma:"no-cache", Expires:"0", X-Frame-Options:"DENY"]
     Content type = application/json
             Body = {"password":"uxn1234!@","email":"abc123@gmail.com","idx":33,"emailVerifyCode":null,"role":null,"gender":null,"birth":null,"eventCheck":false,"emailVerifiedSuccess":false,"enabled":false,"errorCount":0,"accountLock":false,"scanCount":0,"emailVerifyStartTime":null,"willConfirmDate":null,"minGlucose":0,"maxGlucose":0,"authorities":null,"devices":null,"noteList":null,"accountNonLocked":false,"username":"user","credentialsNonExpired":false,"accountNonExpired":false}
    Forwarded URL = null
   Redirected URL = null
          Cookies = []
]]></system-out>
  <system-err><![CDATA[]]></system-err>
</testsuite>
