<?xml version="1.0" encoding="UTF-8"?>
<testsuite name="com.example.uxn_api.web.email.MailApiControllerTest" tests="5" skipped="0" failures="0" errors="0" timestamp="2023-05-23T01:11:32" hostname="NOTEBOOK-KWYEOM" time="0.184">
  <properties/>
  <testcase name="checkMail test" classname="com.example.uxn_api.web.email.MailApiControllerTest" time="0.036"/>
  <testcase name="confirmEmail test" classname="com.example.uxn_api.web.email.MailApiControllerTest" time="0.049"/>
  <testcase name="mailSend test" classname="com.example.uxn_api.web.email.MailApiControllerTest" time="0.03"/>
  <testcase name="mailSendForInvite test" classname="com.example.uxn_api.web.email.MailApiControllerTest" time="0.038"/>
  <testcase name="passwordLink test" classname="com.example.uxn_api.web.email.MailApiControllerTest" time="0.023"/>
  <system-out><![CDATA[2023-05-23 10:11:31.432  INFO 22408 --- [    Test worker] .b.t.a.w.s.WebMvcTestContextBootstrapper : Neither @ContextConfiguration nor @ContextHierarchy found for test class [com.example.uxn_api.web.email.MailApiControllerTest], using SpringBootContextLoader
2023-05-23 10:11:31.434  INFO 22408 --- [    Test worker] o.s.t.c.support.AbstractContextLoader    : Could not detect default resource locations for test class [com.example.uxn_api.web.email.MailApiControllerTest]: no resource found for suffixes {-context.xml, Context.groovy}.
2023-05-23 10:11:31.434  INFO 22408 --- [    Test worker] t.c.s.AnnotationConfigContextLoaderUtils : Could not detect default configuration classes for test class [com.example.uxn_api.web.email.MailApiControllerTest]: MailApiControllerTest does not declare any static, non-private, non-final, nested classes annotated with @Configuration.
2023-05-23 10:11:31.452  INFO 22408 --- [    Test worker] .b.t.c.SpringBootTestContextBootstrapper : Found @SpringBootConfiguration com.example.uxn_api.UxnApiApplication for test class com.example.uxn_api.web.email.MailApiControllerTest
2023-05-23 10:11:31.453  INFO 22408 --- [    Test worker] .b.t.a.w.s.WebMvcTestContextBootstrapper : Loaded default TestExecutionListener class names from location [META-INF/spring.factories]: [org.springframework.security.test.context.support.WithSecurityContextTestExecutionListener, org.springframework.security.test.context.support.ReactorContextTestExecutionListener, org.springframework.boot.test.autoconfigure.restdocs.RestDocsTestExecutionListener, org.springframework.boot.test.autoconfigure.web.client.MockRestServiceServerResetTestExecutionListener, org.springframework.boot.test.autoconfigure.web.servlet.MockMvcPrintOnlyOnFailureTestExecutionListener, org.springframework.boot.test.autoconfigure.web.servlet.WebDriverTestExecutionListener, org.springframework.boot.test.autoconfigure.webservices.client.MockWebServiceServerTestExecutionListener, org.springframework.boot.test.mock.mockito.MockitoTestExecutionListener, org.springframework.boot.test.mock.mockito.ResetMocksTestExecutionListener, org.springframework.test.context.web.ServletTestExecutionListener, org.springframework.test.context.support.DirtiesContextBeforeModesTestExecutionListener, org.springframework.test.context.event.ApplicationEventsTestExecutionListener, org.springframework.test.context.support.DependencyInjectionTestExecutionListener, org.springframework.test.context.support.DirtiesContextTestExecutionListener, org.springframework.test.context.transaction.TransactionalTestExecutionListener, org.springframework.test.context.jdbc.SqlScriptsTestExecutionListener, org.springframework.test.context.event.EventPublishingTestExecutionListener]
2023-05-23 10:11:31.455  INFO 22408 --- [    Test worker] .b.t.a.w.s.WebMvcTestContextBootstrapper : Using TestExecutionListeners: [org.springframework.test.context.web.ServletTestExecutionListener@7ec0437d, org.springframework.test.context.support.DirtiesContextBeforeModesTestExecutionListener@7c895f3a, org.springframework.test.context.event.ApplicationEventsTestExecutionListener@14df81b, org.springframework.boot.test.mock.mockito.MockitoTestExecutionListener@20595d1, org.springframework.boot.test.autoconfigure.SpringBootDependencyInjectionTestExecutionListener@7e22e547, org.springframework.test.context.support.DirtiesContextTestExecutionListener@48640536, org.springframework.test.context.transaction.TransactionalTestExecutionListener@2687b101, org.springframework.test.context.jdbc.SqlScriptsTestExecutionListener@802131d, org.springframework.security.test.context.support.WithSecurityContextTestExecutionListener@61e3d787, org.springframework.test.context.event.EventPublishingTestExecutionListener@9462338, org.springframework.security.test.context.support.ReactorContextTestExecutionListener@12d284a8, org.springframework.boot.test.autoconfigure.restdocs.RestDocsTestExecutionListener@ad0e714, org.springframework.boot.test.autoconfigure.web.client.MockRestServiceServerResetTestExecutionListener@75f04626, org.springframework.boot.test.autoconfigure.web.servlet.MockMvcPrintOnlyOnFailureTestExecutionListener@4d17e443, org.springframework.boot.test.autoconfigure.web.servlet.WebDriverTestExecutionListener@4b66de8d, org.springframework.boot.test.autoconfigure.webservices.client.MockWebServiceServerTestExecutionListener@468368b2, org.springframework.boot.test.mock.mockito.ResetMocksTestExecutionListener@3135c732]

  .   ____          _            __ _ _
 /\\ / ___'_ __ _ _(_)_ __  __ _ \ \ \ \
( ( )\___ | '_ | '_| | '_ \/ _` | \ \ \ \
 \\/  ___)| |_)| | | | | || (_| |  ) ) ) )
  '  |____| .__|_| |_|_| |_\__, | / / / /
 =========|_|==============|___/=/_/_/_/
 :: Spring Boot ::                (v2.7.1)

2023-05-23 10:11:31.507  INFO 22408 --- [    Test worker] c.e.u.web.email.MailApiControllerTest    : Starting MailApiControllerTest using Java 11.0.16 on notebook-kwyeom with PID 22408 (started by tochi in D:\GIT_Source\T1x_agms_server_v2\uxn_api)
2023-05-23 10:11:31.507 DEBUG 22408 --- [    Test worker] c.e.u.web.email.MailApiControllerTest    : Running with Spring Boot v2.7.1, Spring v5.3.21
2023-05-23 10:11:31.507  INFO 22408 --- [    Test worker] c.e.u.web.email.MailApiControllerTest    : No active profile set, falling back to 1 default profile: "default"
2023-05-23 10:11:32.086  WARN 22408 --- [    Test worker] ion$DefaultTemplateResolverConfiguration : Cannot find template location: classpath:/templates/ (please add some templates or check your Thymeleaf configuration)
2023-05-23 10:11:32.167  WARN 22408 --- [    Test worker] .s.s.UserDetailsServiceAutoConfiguration : 

Using generated security password: 001e0504-b67b-4925-9bf4-3210e8e29861

This generated password is for development use only. Your security configuration must be updated before running your application in production.

2023-05-23 10:11:32.276  INFO 22408 --- [    Test worker] o.s.s.web.DefaultSecurityFilterChain     : Will secure any request with [org.springframework.security.web.session.DisableEncodeUrlFilter@3654aa30, org.springframework.security.web.context.request.async.WebAsyncManagerIntegrationFilter@454fd1a9, org.springframework.security.web.context.SecurityContextPersistenceFilter@42677756, org.springframework.security.web.header.HeaderWriterFilter@4d9b9cc4, org.springframework.security.web.csrf.CsrfFilter@bd01803, org.springframework.security.web.authentication.logout.LogoutFilter@1788fb65, org.springframework.security.web.authentication.UsernamePasswordAuthenticationFilter@427363f6, org.springframework.security.web.authentication.ui.DefaultLoginPageGeneratingFilter@45e35bdc, org.springframework.security.web.authentication.ui.DefaultLogoutPageGeneratingFilter@1cfa6625, org.springframework.security.web.authentication.www.BasicAuthenticationFilter@99730cd, org.springframework.security.web.savedrequest.RequestCacheAwareFilter@7eaab9cd, org.springframework.security.web.servletapi.SecurityContextHolderAwareRequestFilter@6fc66760, org.springframework.security.web.authentication.AnonymousAuthenticationFilter@2c5b3c2f, org.springframework.security.web.session.SessionManagementFilter@49fc7e6a, org.springframework.security.web.access.ExceptionTranslationFilter@69cab760, org.springframework.security.web.access.intercept.FilterSecurityInterceptor@424635d6]
2023-05-23 10:11:32.325  INFO 22408 --- [    Test worker] o.s.b.t.m.w.SpringBootMockServletContext : Initializing Spring TestDispatcherServlet ''
2023-05-23 10:11:32.325  INFO 22408 --- [    Test worker] o.s.t.web.servlet.TestDispatcherServlet  : Initializing Servlet ''
2023-05-23 10:11:32.326  INFO 22408 --- [    Test worker] o.s.t.web.servlet.TestDispatcherServlet  : Completed initialization in 1 ms
2023-05-23 10:11:32.343  INFO 22408 --- [    Test worker] c.e.u.web.email.MailApiControllerTest    : Started MailApiControllerTest in 0.883 seconds (JVM running for 15.499)

MockHttpServletRequest:
      HTTP Method = GET
      Request URI = /api/v1/mail/check-mail/33/staff1234@gmail.com
       Parameters = {_csrf=[dbea42c1-cccf-4c3a-b847-5b2f6134effa]}
          Headers = []
             Body = null
    Session Attrs = {SPRING_SECURITY_CONTEXT=SecurityContextImpl [Authentication=UsernamePasswordAuthenticationToken [Principal=org.springframework.security.core.userdetails.User [Username=user, Password=[PROTECTED], Enabled=true, AccountNonExpired=true, credentialsNonExpired=true, AccountNonLocked=true, Granted Authorities=[ROLE_USER]], Credentials=[PROTECTED], Authenticated=true, Details=null, Granted Authorities=[ROLE_USER]]]}

Handler:
             Type = com.example.uxn_api.web.email.MailApiController
           Method = com.example.uxn_api.web.email.MailApiController#checkMail(Long, String)

Async:
    Async started = false
     Async result = null

Resolved Exception:
             Type = null

ModelAndView:
        View name = redirect:https://agmscare.kr/alert?message=null
             View = null
            Model = null

FlashMap:
       Attributes = null

MockHttpServletResponse:
           Status = 302
    Error message = null
          Headers = [Content-Language:"en", X-Content-Type-Options:"nosniff", X-XSS-Protection:"1; mode=block", Cache-Control:"no-cache, no-store, max-age=0, must-revalidate", Pragma:"no-cache", Expires:"0", X-Frame-Options:"DENY", Location:"https://agmscare.kr/alert?message=null"]
     Content type = null
             Body = 
    Forwarded URL = null
   Redirected URL = https://agmscare.kr/alert?message=null
          Cookies = []

MockHttpServletRequest:
      HTTP Method = GET
      Request URI = /api/v1/mail/confirm/staff1234@gmail.com/testCode
       Parameters = {_csrf=[62f8a62d-fbd3-4b7a-9ea2-3d1418dd42ca]}
          Headers = []
             Body = null
    Session Attrs = {SPRING_SECURITY_CONTEXT=SecurityContextImpl [Authentication=UsernamePasswordAuthenticationToken [Principal=org.springframework.security.core.userdetails.User [Username=user, Password=[PROTECTED], Enabled=true, AccountNonExpired=true, credentialsNonExpired=true, AccountNonLocked=true, Granted Authorities=[ROLE_USER]], Credentials=[PROTECTED], Authenticated=true, Details=null, Granted Authorities=[ROLE_USER]]]}

Handler:
             Type = com.example.uxn_api.web.email.MailApiController
           Method = com.example.uxn_api.web.email.MailApiController#confirmEmail(String, String)

Async:
    Async started = false
     Async result = null

Resolved Exception:
             Type = null

ModelAndView:
        View name = redirect:https://agmscare.kr/alert?message=%EA%B3%84%EC%A0%95+%EC%83%9D%EC%84%B1+%EC%9D%B8%EC%A6%9D%EC%9D%B4+%EC%99%84%EB%A3%8C+%EB%90%98%EC%97%88%EC%8A%B5%EB%8B%88%EB%8B%A4.
             View = null
            Model = null

FlashMap:
       Attributes = null

MockHttpServletResponse:
           Status = 302
    Error message = null
          Headers = [Content-Language:"en", X-Content-Type-Options:"nosniff", X-XSS-Protection:"1; mode=block", Cache-Control:"no-cache, no-store, max-age=0, must-revalidate", Pragma:"no-cache", Expires:"0", X-Frame-Options:"DENY", Location:"https://agmscare.kr/alert?message=%EA%B3%84%EC%A0%95+%EC%83%9D%EC%84%B1+%EC%9D%B8%EC%A6%9D%EC%9D%B4+%EC%99%84%EB%A3%8C+%EB%90%98%EC%97%88%EC%8A%B5%EB%8B%88%EB%8B%A4."]
     Content type = null
             Body = 
    Forwarded URL = null
   Redirected URL = https://agmscare.kr/alert?message=%EA%B3%84%EC%A0%95+%EC%83%9D%EC%84%B1+%EC%9D%B8%EC%A6%9D%EC%9D%B4+%EC%99%84%EB%A3%8C+%EB%90%98%EC%97%88%EC%8A%B5%EB%8B%88%EB%8B%A4.
          Cookies = []

MockHttpServletRequest:
      HTTP Method = GET
      Request URI = /api/v1/mail/confirm/staff1234@gmail.com/testCode
       Parameters = {_csrf=[2ca898a2-4e80-463a-ab30-90be1e9aa918]}
          Headers = []
             Body = null
    Session Attrs = {SPRING_SECURITY_CONTEXT=SecurityContextImpl [Authentication=UsernamePasswordAuthenticationToken [Principal=org.springframework.security.core.userdetails.User [Username=user, Password=[PROTECTED], Enabled=true, AccountNonExpired=true, credentialsNonExpired=true, AccountNonLocked=true, Granted Authorities=[ROLE_USER]], Credentials=[PROTECTED], Authenticated=true, Details=null, Granted Authorities=[ROLE_USER]]]}

Handler:
             Type = com.example.uxn_api.web.email.MailApiController
           Method = com.example.uxn_api.web.email.MailApiController#confirmEmail(String, String)

Async:
    Async started = false
     Async result = null

Resolved Exception:
             Type = null

ModelAndView:
        View name = redirect:https://agmscare.kr/alert?message=%EC%9D%B8%EC%A6%9D%EC%8B%9C%EA%B0%84%EC%9D%B4+%EC%B4%88%EA%B3%BC%EB%90%98%EC%97%88%EC%8A%B5%EB%8B%88%EB%8B%A4.+%EB%8B%A4%EC%8B%9C+%ED%9A%8C%EC%9B%90%EA%B0%80%EC%9E%85%EC%9D%84+%ED%95%B4+%EC%A3%BC%EC%8B%AD%EC%8B%9C%EC%98%A4.
             View = null
            Model = null

FlashMap:
       Attributes = null

MockHttpServletResponse:
           Status = 302
    Error message = null
          Headers = [Content-Language:"en", X-Content-Type-Options:"nosniff", X-XSS-Protection:"1; mode=block", Cache-Control:"no-cache, no-store, max-age=0, must-revalidate", Pragma:"no-cache", Expires:"0", X-Frame-Options:"DENY", Location:"https://agmscare.kr/alert?message=%EC%9D%B8%EC%A6%9D%EC%8B%9C%EA%B0%84%EC%9D%B4+%EC%B4%88%EA%B3%BC%EB%90%98%EC%97%88%EC%8A%B5%EB%8B%88%EB%8B%A4.+%EB%8B%A4%EC%8B%9C+%ED%9A%8C%EC%9B%90%EA%B0%80%EC%9E%85%EC%9D%84+%ED%95%B4+%EC%A3%BC%EC%8B%AD%EC%8B%9C%EC%98%A4."]
     Content type = null
             Body = 
    Forwarded URL = null
   Redirected URL = https://agmscare.kr/alert?message=%EC%9D%B8%EC%A6%9D%EC%8B%9C%EA%B0%84%EC%9D%B4+%EC%B4%88%EA%B3%BC%EB%90%98%EC%97%88%EC%8A%B5%EB%8B%88%EB%8B%A4.+%EB%8B%A4%EC%8B%9C+%ED%9A%8C%EC%9B%90%EA%B0%80%EC%9E%85%EC%9D%84+%ED%95%B4+%EC%A3%BC%EC%8B%AD%EC%8B%9C%EC%98%A4.
          Cookies = []

MockHttpServletRequest:
      HTTP Method = GET
      Request URI = /api/v1/mail/confirm/staff1234@gmail.com/testCode
       Parameters = {_csrf=[9d9d9335-91e6-4d53-87b6-e95e367770da]}
          Headers = []
             Body = null
    Session Attrs = {SPRING_SECURITY_CONTEXT=SecurityContextImpl [Authentication=UsernamePasswordAuthenticationToken [Principal=org.springframework.security.core.userdetails.User [Username=user, Password=[PROTECTED], Enabled=true, AccountNonExpired=true, credentialsNonExpired=true, AccountNonLocked=true, Granted Authorities=[ROLE_USER]], Credentials=[PROTECTED], Authenticated=true, Details=null, Granted Authorities=[ROLE_USER]]]}

Handler:
             Type = com.example.uxn_api.web.email.MailApiController
           Method = com.example.uxn_api.web.email.MailApiController#confirmEmail(String, String)

Async:
    Async started = false
     Async result = null

Resolved Exception:
             Type = null

ModelAndView:
        View name = redirect:https://agmscare.kr/alert?message=%EC%9D%B8%EC%A6%9D%EB%90%98%EC%97%88%EC%8A%B5%EB%8B%88%EB%8B%A4.
             View = null
            Model = null

FlashMap:
       Attributes = null

MockHttpServletResponse:
           Status = 302
    Error message = null
          Headers = [Content-Language:"en", X-Content-Type-Options:"nosniff", X-XSS-Protection:"1; mode=block", Cache-Control:"no-cache, no-store, max-age=0, must-revalidate", Pragma:"no-cache", Expires:"0", X-Frame-Options:"DENY", Location:"https://agmscare.kr/alert?message=%EC%9D%B8%EC%A6%9D%EB%90%98%EC%97%88%EC%8A%B5%EB%8B%88%EB%8B%A4."]
     Content type = null
             Body = 
    Forwarded URL = null
   Redirected URL = https://agmscare.kr/alert?message=%EC%9D%B8%EC%A6%9D%EB%90%98%EC%97%88%EC%8A%B5%EB%8B%88%EB%8B%A4.
          Cookies = []

MockHttpServletRequest:
      HTTP Method = GET
      Request URI = /api/v1/mail/confirm/staff1234@gmail.com/testCode
       Parameters = {_csrf=[abf3541f-74e0-4982-acd0-284b10e327c7]}
          Headers = []
             Body = null
    Session Attrs = {SPRING_SECURITY_CONTEXT=SecurityContextImpl [Authentication=UsernamePasswordAuthenticationToken [Principal=org.springframework.security.core.userdetails.User [Username=user, Password=[PROTECTED], Enabled=true, AccountNonExpired=true, credentialsNonExpired=true, AccountNonLocked=true, Granted Authorities=[ROLE_USER]], Credentials=[PROTECTED], Authenticated=true, Details=null, Granted Authorities=[ROLE_USER]]]}

Handler:
             Type = com.example.uxn_api.web.email.MailApiController
           Method = com.example.uxn_api.web.email.MailApiController#confirmEmail(String, String)

Async:
    Async started = false
     Async result = null

Resolved Exception:
             Type = null

ModelAndView:
        View name = redirect:https://agmscare.kr/alert?message=%EA%B3%84%EC%A0%95+%EC%83%9D%EC%84%B1+%EC%9D%B8%EC%A6%9D%EC%9D%B4+%EC%99%84%EB%A3%8C+%EB%90%98%EC%97%88%EC%8A%B5%EB%8B%88%EB%8B%A4.
             View = null
            Model = null

FlashMap:
       Attributes = null

MockHttpServletResponse:
           Status = 302
    Error message = null
          Headers = [Content-Language:"en", X-Content-Type-Options:"nosniff", X-XSS-Protection:"1; mode=block", Cache-Control:"no-cache, no-store, max-age=0, must-revalidate", Pragma:"no-cache", Expires:"0", X-Frame-Options:"DENY", Location:"https://agmscare.kr/alert?message=%EA%B3%84%EC%A0%95+%EC%83%9D%EC%84%B1+%EC%9D%B8%EC%A6%9D%EC%9D%B4+%EC%99%84%EB%A3%8C+%EB%90%98%EC%97%88%EC%8A%B5%EB%8B%88%EB%8B%A4."]
     Content type = null
             Body = 
    Forwarded URL = null
   Redirected URL = https://agmscare.kr/alert?message=%EA%B3%84%EC%A0%95+%EC%83%9D%EC%84%B1+%EC%9D%B8%EC%A6%9D%EC%9D%B4+%EC%99%84%EB%A3%8C+%EB%90%98%EC%97%88%EC%8A%B5%EB%8B%88%EB%8B%A4.
          Cookies = []

MockHttpServletRequest:
      HTTP Method = GET
      Request URI = /api/v1/mail/confirm/staff1234@gmail.com/testCode
       Parameters = {_csrf=[560f6be7-6f3e-463b-b4be-a71a516103fa]}
          Headers = []
             Body = null
    Session Attrs = {SPRING_SECURITY_CONTEXT=SecurityContextImpl [Authentication=UsernamePasswordAuthenticationToken [Principal=org.springframework.security.core.userdetails.User [Username=user, Password=[PROTECTED], Enabled=true, AccountNonExpired=true, credentialsNonExpired=true, AccountNonLocked=true, Granted Authorities=[ROLE_USER]], Credentials=[PROTECTED], Authenticated=true, Details=null, Granted Authorities=[ROLE_USER]]]}

Handler:
             Type = com.example.uxn_api.web.email.MailApiController
           Method = com.example.uxn_api.web.email.MailApiController#confirmEmail(String, String)

Async:
    Async started = false
     Async result = null

Resolved Exception:
             Type = null

ModelAndView:
        View name = redirect:https://agmscare.kr/alert?message=%EC%9D%B8%EC%A6%9D%EC%8B%9C%EA%B0%84%EC%9D%B4+%EC%B4%88%EA%B3%BC%EB%90%98%EC%97%88%EC%8A%B5%EB%8B%88%EB%8B%A4.+%EB%8B%A4%EC%8B%9C+%ED%9A%8C%EC%9B%90%EA%B0%80%EC%9E%85%EC%9D%84+%ED%95%B4+%EC%A3%BC%EC%8B%AD%EC%8B%9C%EC%98%A4.
             View = null
            Model = null

FlashMap:
       Attributes = null

MockHttpServletResponse:
           Status = 302
    Error message = null
          Headers = [Content-Language:"en", X-Content-Type-Options:"nosniff", X-XSS-Protection:"1; mode=block", Cache-Control:"no-cache, no-store, max-age=0, must-revalidate", Pragma:"no-cache", Expires:"0", X-Frame-Options:"DENY", Location:"https://agmscare.kr/alert?message=%EC%9D%B8%EC%A6%9D%EC%8B%9C%EA%B0%84%EC%9D%B4+%EC%B4%88%EA%B3%BC%EB%90%98%EC%97%88%EC%8A%B5%EB%8B%88%EB%8B%A4.+%EB%8B%A4%EC%8B%9C+%ED%9A%8C%EC%9B%90%EA%B0%80%EC%9E%85%EC%9D%84+%ED%95%B4+%EC%A3%BC%EC%8B%AD%EC%8B%9C%EC%98%A4."]
     Content type = null
             Body = 
    Forwarded URL = null
   Redirected URL = https://agmscare.kr/alert?message=%EC%9D%B8%EC%A6%9D%EC%8B%9C%EA%B0%84%EC%9D%B4+%EC%B4%88%EA%B3%BC%EB%90%98%EC%97%88%EC%8A%B5%EB%8B%88%EB%8B%A4.+%EB%8B%A4%EC%8B%9C+%ED%9A%8C%EC%9B%90%EA%B0%80%EC%9E%85%EC%9D%84+%ED%95%B4+%EC%A3%BC%EC%8B%AD%EC%8B%9C%EC%98%A4.
          Cookies = []

MockHttpServletRequest:
      HTTP Method = GET
      Request URI = /api/v1/mail/confirm/staff1234@gmail.com/testCode
       Parameters = {_csrf=[abf05cae-312c-44c2-91b1-98f9944dcc0e]}
          Headers = []
             Body = null
    Session Attrs = {SPRING_SECURITY_CONTEXT=SecurityContextImpl [Authentication=UsernamePasswordAuthenticationToken [Principal=org.springframework.security.core.userdetails.User [Username=user, Password=[PROTECTED], Enabled=true, AccountNonExpired=true, credentialsNonExpired=true, AccountNonLocked=true, Granted Authorities=[ROLE_USER]], Credentials=[PROTECTED], Authenticated=true, Details=null, Granted Authorities=[ROLE_USER]]]}

Handler:
             Type = com.example.uxn_api.web.email.MailApiController
           Method = com.example.uxn_api.web.email.MailApiController#confirmEmail(String, String)

Async:
    Async started = false
     Async result = null

Resolved Exception:
             Type = null

ModelAndView:
        View name = redirect:https://agmscare.kr/alert?message=%EC%9D%B8%EC%A6%9D%EB%90%98%EC%97%88%EC%8A%B5%EB%8B%88%EB%8B%A4.
             View = null
            Model = null

FlashMap:
       Attributes = null

MockHttpServletResponse:
           Status = 302
    Error message = null
          Headers = [Content-Language:"en", X-Content-Type-Options:"nosniff", X-XSS-Protection:"1; mode=block", Cache-Control:"no-cache, no-store, max-age=0, must-revalidate", Pragma:"no-cache", Expires:"0", X-Frame-Options:"DENY", Location:"https://agmscare.kr/alert?message=%EC%9D%B8%EC%A6%9D%EB%90%98%EC%97%88%EC%8A%B5%EB%8B%88%EB%8B%A4."]
     Content type = null
             Body = 
    Forwarded URL = null
   Redirected URL = https://agmscare.kr/alert?message=%EC%9D%B8%EC%A6%9D%EB%90%98%EC%97%88%EC%8A%B5%EB%8B%88%EB%8B%A4.
          Cookies = []

MockHttpServletRequest:
      HTTP Method = GET
      Request URI = /api/v1/mail/confirm/staff1234@gmail.com/testCode
       Parameters = {_csrf=[c1a1e378-d563-46d0-be35-ed6061a10759]}
          Headers = []
             Body = null
    Session Attrs = {SPRING_SECURITY_CONTEXT=SecurityContextImpl [Authentication=UsernamePasswordAuthenticationToken [Principal=org.springframework.security.core.userdetails.User [Username=user, Password=[PROTECTED], Enabled=true, AccountNonExpired=true, credentialsNonExpired=true, AccountNonLocked=true, Granted Authorities=[ROLE_USER]], Credentials=[PROTECTED], Authenticated=true, Details=null, Granted Authorities=[ROLE_USER]]]}

Handler:
             Type = com.example.uxn_api.web.email.MailApiController
           Method = com.example.uxn_api.web.email.MailApiController#confirmEmail(String, String)

Async:
    Async started = false
     Async result = null

Resolved Exception:
             Type = null

ModelAndView:
        View name = redirect:https://agmscare.kr/alert?message=%EC%9D%B8%EC%A6%9D%EC%9D%84+%ED%95%A0+%EC%88%98+%EC%97%86%EC%8A%B5%EB%8B%88%EB%8B%A4.
             View = null
            Model = null

FlashMap:
       Attributes = null

MockHttpServletResponse:
           Status = 302
    Error message = null
          Headers = [Content-Language:"en", X-Content-Type-Options:"nosniff", X-XSS-Protection:"1; mode=block", Cache-Control:"no-cache, no-store, max-age=0, must-revalidate", Pragma:"no-cache", Expires:"0", X-Frame-Options:"DENY", Location:"https://agmscare.kr/alert?message=%EC%9D%B8%EC%A6%9D%EC%9D%84+%ED%95%A0+%EC%88%98+%EC%97%86%EC%8A%B5%EB%8B%88%EB%8B%A4."]
     Content type = null
             Body = 
    Forwarded URL = null
   Redirected URL = https://agmscare.kr/alert?message=%EC%9D%B8%EC%A6%9D%EC%9D%84+%ED%95%A0+%EC%88%98+%EC%97%86%EC%8A%B5%EB%8B%88%EB%8B%A4.
          Cookies = []
이메일 : user1234@gmail.com
유저

MockHttpServletRequest:
      HTTP Method = PUT
      Request URI = /api/v1/mail/send
       Parameters = {email=[user1234@gmail.com], _csrf=[e2eb4951-aedc-4e63-b1b3-37429331daa0]}
          Headers = []
             Body = null
    Session Attrs = {SPRING_SECURITY_CONTEXT=SecurityContextImpl [Authentication=UsernamePasswordAuthenticationToken [Principal=org.springframework.security.core.userdetails.User [Username=user, Password=[PROTECTED], Enabled=true, AccountNonExpired=true, credentialsNonExpired=true, AccountNonLocked=true, Granted Authorities=[ROLE_USER]], Credentials=[PROTECTED], Authenticated=true, Details=null, Granted Authorities=[ROLE_USER]]]}

Handler:
             Type = com.example.uxn_api.web.email.MailApiController
           Method = com.example.uxn_api.web.email.MailApiController#mailSend(String)

Async:
    Async started = false
     Async result = null

Resolved Exception:
             Type = null

ModelAndView:
        View name = null
             View = null
            Model = null

FlashMap:
       Attributes = null

MockHttpServletResponse:
           Status = 200
    Error message = null
          Headers = [X-Content-Type-Options:"nosniff", X-XSS-Protection:"1; mode=block", Cache-Control:"no-cache, no-store, max-age=0, must-revalidate", Pragma:"no-cache", Expires:"0", X-Frame-Options:"DENY"]
     Content type = null
             Body = 
    Forwarded URL = null
   Redirected URL = null
          Cookies = []
이메일 : staff1234@gmail.com
스태프

MockHttpServletRequest:
      HTTP Method = PUT
      Request URI = /api/v1/mail/send
       Parameters = {email=[staff1234@gmail.com], _csrf=[a85e40a6-92ca-4e53-a72e-e876890b41ad]}
          Headers = []
             Body = null
    Session Attrs = {SPRING_SECURITY_CONTEXT=SecurityContextImpl [Authentication=UsernamePasswordAuthenticationToken [Principal=org.springframework.security.core.userdetails.User [Username=user, Password=[PROTECTED], Enabled=true, AccountNonExpired=true, credentialsNonExpired=true, AccountNonLocked=true, Granted Authorities=[ROLE_USER]], Credentials=[PROTECTED], Authenticated=true, Details=null, Granted Authorities=[ROLE_USER]]]}

Handler:
             Type = com.example.uxn_api.web.email.MailApiController
           Method = com.example.uxn_api.web.email.MailApiController#mailSend(String)

Async:
    Async started = false
     Async result = null

Resolved Exception:
             Type = null

ModelAndView:
        View name = null
             View = null
            Model = null

FlashMap:
       Attributes = null

MockHttpServletResponse:
           Status = 200
    Error message = null
          Headers = [X-Content-Type-Options:"nosniff", X-XSS-Protection:"1; mode=block", Cache-Control:"no-cache, no-store, max-age=0, must-revalidate", Pragma:"no-cache", Expires:"0", X-Frame-Options:"DENY"]
     Content type = null
             Body = 
    Forwarded URL = null
   Redirected URL = null
          Cookies = []
이메일 : staff1234@gmail.com
스태프

MockHttpServletRequest:
      HTTP Method = PUT
      Request URI = /api/v1/mail/send
       Parameters = {email=[staff1234@gmail.com], _csrf=[60f5a14f-4ce5-40e8-9b54-8c09be854510]}
          Headers = []
             Body = null
    Session Attrs = {SPRING_SECURITY_CONTEXT=SecurityContextImpl [Authentication=UsernamePasswordAuthenticationToken [Principal=org.springframework.security.core.userdetails.User [Username=user, Password=[PROTECTED], Enabled=true, AccountNonExpired=true, credentialsNonExpired=true, AccountNonLocked=true, Granted Authorities=[ROLE_USER]], Credentials=[PROTECTED], Authenticated=true, Details=null, Granted Authorities=[ROLE_USER]]]}

Handler:
             Type = com.example.uxn_api.web.email.MailApiController
           Method = com.example.uxn_api.web.email.MailApiController#mailSend(String)

Async:
    Async started = false
     Async result = null

Resolved Exception:
             Type = null

ModelAndView:
        View name = null
             View = null
            Model = null

FlashMap:
       Attributes = null

MockHttpServletResponse:
           Status = 200
    Error message = null
          Headers = [X-Content-Type-Options:"nosniff", X-XSS-Protection:"1; mode=block", Cache-Control:"no-cache, no-store, max-age=0, must-revalidate", Pragma:"no-cache", Expires:"0", X-Frame-Options:"DENY"]
     Content type = null
             Body = 
    Forwarded URL = null
   Redirected URL = null
          Cookies = []

MockHttpServletRequest:
      HTTP Method = PUT
      Request URI = /api/v1/mail/invite
       Parameters = {staffIdx=[111], staffEmail=[staff1234@gmail.com], email=[user1234@gmail.com], _csrf=[f7e78f3e-ee92-4c12-9a3b-c5d77ff43096]}
          Headers = []
             Body = null
    Session Attrs = {SPRING_SECURITY_CONTEXT=SecurityContextImpl [Authentication=UsernamePasswordAuthenticationToken [Principal=org.springframework.security.core.userdetails.User [Username=user, Password=[PROTECTED], Enabled=true, AccountNonExpired=true, credentialsNonExpired=true, AccountNonLocked=true, Granted Authorities=[ROLE_USER]], Credentials=[PROTECTED], Authenticated=true, Details=null, Granted Authorities=[ROLE_USER]]]}

Handler:
             Type = com.example.uxn_api.web.email.MailApiController
           Method = com.example.uxn_api.web.email.MailApiController#mailSendForInvite(Long, String, String)

Async:
    Async started = false
     Async result = null

Resolved Exception:
             Type = null

ModelAndView:
        View name = null
             View = null
            Model = null

FlashMap:
       Attributes = null

MockHttpServletResponse:
           Status = 200
    Error message = null
          Headers = [X-Content-Type-Options:"nosniff", X-XSS-Protection:"1; mode=block", Cache-Control:"no-cache, no-store, max-age=0, must-revalidate", Pragma:"no-cache", Expires:"0", X-Frame-Options:"DENY"]
     Content type = null
             Body = 
    Forwarded URL = null
   Redirected URL = null
          Cookies = []
2023-05-23 10:11:32.484 ERROR 22408 --- [    Test worker] c.e.u.web.error.CustomExceptionHandler   : LoginException :411

MockHttpServletRequest:
      HTTP Method = PUT
      Request URI = /api/v1/mail/invite
       Parameters = {staffIdx=[111], staffEmail=[staff1234@gmail.com], email=[user1234@gmail.com], _csrf=[25d916fe-6e03-4088-bb9d-6601009fb98d]}
          Headers = []
             Body = null
    Session Attrs = {SPRING_SECURITY_CONTEXT=SecurityContextImpl [Authentication=UsernamePasswordAuthenticationToken [Principal=org.springframework.security.core.userdetails.User [Username=user, Password=[PROTECTED], Enabled=true, AccountNonExpired=true, credentialsNonExpired=true, AccountNonLocked=true, Granted Authorities=[ROLE_USER]], Credentials=[PROTECTED], Authenticated=true, Details=null, Granted Authorities=[ROLE_USER]]]}

Handler:
             Type = com.example.uxn_api.web.email.MailApiController
           Method = com.example.uxn_api.web.email.MailApiController#mailSendForInvite(Long, String, String)

Async:
    Async started = false
     Async result = null

Resolved Exception:
             Type = com.example.uxn_api.web.error.LoginException

ModelAndView:
        View name = null
             View = null
            Model = null

FlashMap:
       Attributes = null

MockHttpServletResponse:
           Status = 411
    Error message = null
          Headers = [Content-Type:"application/json", X-Content-Type-Options:"nosniff", X-XSS-Protection:"1; mode=block", Cache-Control:"no-cache, no-store, max-age=0, must-revalidate", Pragma:"no-cache", Expires:"0", X-Frame-Options:"DENY"]
     Content type = application/json
             Body = {"status":411,"message":"STAFF_NOT_FOUND","code":"STAFF_NOT_FOUND"}
    Forwarded URL = null
   Redirected URL = null
          Cookies = []
2023-05-23 10:11:32.494 ERROR 22408 --- [    Test worker] c.e.u.web.error.CustomExceptionHandler   : LoginException :404

MockHttpServletRequest:
      HTTP Method = PUT
      Request URI = /api/v1/mail/invite
       Parameters = {staffIdx=[111], staffEmail=[staff1234@gmail.com], email=[user1234@gmail.com], _csrf=[3ce2ab25-8b72-4acb-9611-cc3cf31e2742]}
          Headers = []
             Body = null
    Session Attrs = {SPRING_SECURITY_CONTEXT=SecurityContextImpl [Authentication=UsernamePasswordAuthenticationToken [Principal=org.springframework.security.core.userdetails.User [Username=user, Password=[PROTECTED], Enabled=true, AccountNonExpired=true, credentialsNonExpired=true, AccountNonLocked=true, Granted Authorities=[ROLE_USER]], Credentials=[PROTECTED], Authenticated=true, Details=null, Granted Authorities=[ROLE_USER]]]}

Handler:
             Type = com.example.uxn_api.web.email.MailApiController
           Method = com.example.uxn_api.web.email.MailApiController#mailSendForInvite(Long, String, String)

Async:
    Async started = false
     Async result = null

Resolved Exception:
             Type = com.example.uxn_api.web.error.LoginException

ModelAndView:
        View name = null
             View = null
            Model = null

FlashMap:
       Attributes = null

MockHttpServletResponse:
           Status = 404
    Error message = null
          Headers = [Content-Type:"application/json", X-Content-Type-Options:"nosniff", X-XSS-Protection:"1; mode=block", Cache-Control:"no-cache, no-store, max-age=0, must-revalidate", Pragma:"no-cache", Expires:"0", X-Frame-Options:"DENY"]
     Content type = application/json
             Body = {"status":404,"message":"NOT_FOUND","code":"NOT_FOUND"}
    Forwarded URL = null
   Redirected URL = null
          Cookies = []
2023-05-23 10:11:32.500 ERROR 22408 --- [    Test worker] c.e.u.web.error.CustomExceptionHandler   : LoginException :411

MockHttpServletRequest:
      HTTP Method = PUT
      Request URI = /api/v1/mail/invite
       Parameters = {staffIdx=[111], staffEmail=[null], email=[user1234@gmail.com], _csrf=[b8882759-9172-4346-9066-59a01047b237]}
          Headers = []
             Body = null
    Session Attrs = {SPRING_SECURITY_CONTEXT=SecurityContextImpl [Authentication=UsernamePasswordAuthenticationToken [Principal=org.springframework.security.core.userdetails.User [Username=user, Password=[PROTECTED], Enabled=true, AccountNonExpired=true, credentialsNonExpired=true, AccountNonLocked=true, Granted Authorities=[ROLE_USER]], Credentials=[PROTECTED], Authenticated=true, Details=null, Granted Authorities=[ROLE_USER]]]}

Handler:
             Type = com.example.uxn_api.web.email.MailApiController
           Method = com.example.uxn_api.web.email.MailApiController#mailSendForInvite(Long, String, String)

Async:
    Async started = false
     Async result = null

Resolved Exception:
             Type = com.example.uxn_api.web.error.LoginException

ModelAndView:
        View name = null
             View = null
            Model = null

FlashMap:
       Attributes = null

MockHttpServletResponse:
           Status = 411
    Error message = null
          Headers = [Content-Type:"application/json", X-Content-Type-Options:"nosniff", X-XSS-Protection:"1; mode=block", Cache-Control:"no-cache, no-store, max-age=0, must-revalidate", Pragma:"no-cache", Expires:"0", X-Frame-Options:"DENY"]
     Content type = application/json
             Body = {"status":411,"message":"STAFF_NOT_FOUND","code":"STAFF_NOT_FOUND"}
    Forwarded URL = null
   Redirected URL = null
          Cookies = []
2023-05-23 10:11:32.513 DEBUG 22408 --- [    Test worker] c.e.uxn_api.web.email.MailApiController  : passwordLink 비밀번호 재설정 링크 전송 시작 

MockHttpServletRequest:
      HTTP Method = GET
      Request URI = /api/v1/mail/link
       Parameters = {email=[staff1234@gmail.com], _csrf=[12016b7f-e9d4-4027-b99e-7d2b06a9e890]}
          Headers = []
             Body = null
    Session Attrs = {SPRING_SECURITY_CONTEXT=SecurityContextImpl [Authentication=UsernamePasswordAuthenticationToken [Principal=org.springframework.security.core.userdetails.User [Username=user, Password=[PROTECTED], Enabled=true, AccountNonExpired=true, credentialsNonExpired=true, AccountNonLocked=true, Granted Authorities=[ROLE_USER]], Credentials=[PROTECTED], Authenticated=true, Details=null, Granted Authorities=[ROLE_USER]]]}

Handler:
             Type = com.example.uxn_api.web.email.MailApiController
           Method = com.example.uxn_api.web.email.MailApiController#passwordLink(String)

Async:
    Async started = false
     Async result = null

Resolved Exception:
             Type = null

ModelAndView:
        View name = null
             View = null
            Model = null

FlashMap:
       Attributes = null

MockHttpServletResponse:
           Status = 200
    Error message = null
          Headers = [X-Content-Type-Options:"nosniff", X-XSS-Protection:"1; mode=block", Cache-Control:"no-cache, no-store, max-age=0, must-revalidate", Pragma:"no-cache", Expires:"0", X-Frame-Options:"DENY"]
     Content type = null
             Body = 
    Forwarded URL = null
   Redirected URL = null
          Cookies = []
2023-05-23 10:11:32.518 DEBUG 22408 --- [    Test worker] c.e.uxn_api.web.email.MailApiController  : passwordLink 비밀번호 재설정 링크 전송 시작 
2023-05-23 10:11:32.520 ERROR 22408 --- [    Test worker] c.e.u.web.error.CustomExceptionHandler   : LoginException :404

MockHttpServletRequest:
      HTTP Method = GET
      Request URI = /api/v1/mail/link
       Parameters = {email=[staff1234@gmail.com], _csrf=[dfecb1b7-1e19-441c-a87f-ca18d95bb7f7]}
          Headers = []
             Body = null
    Session Attrs = {SPRING_SECURITY_CONTEXT=SecurityContextImpl [Authentication=UsernamePasswordAuthenticationToken [Principal=org.springframework.security.core.userdetails.User [Username=user, Password=[PROTECTED], Enabled=true, AccountNonExpired=true, credentialsNonExpired=true, AccountNonLocked=true, Granted Authorities=[ROLE_USER]], Credentials=[PROTECTED], Authenticated=true, Details=null, Granted Authorities=[ROLE_USER]]]}

Handler:
             Type = com.example.uxn_api.web.email.MailApiController
           Method = com.example.uxn_api.web.email.MailApiController#passwordLink(String)

Async:
    Async started = false
     Async result = null

Resolved Exception:
             Type = com.example.uxn_api.web.error.LoginException

ModelAndView:
        View name = null
             View = null
            Model = null

FlashMap:
       Attributes = null

MockHttpServletResponse:
           Status = 404
    Error message = null
          Headers = [Content-Type:"application/json", X-Content-Type-Options:"nosniff", X-XSS-Protection:"1; mode=block", Cache-Control:"no-cache, no-store, max-age=0, must-revalidate", Pragma:"no-cache", Expires:"0", X-Frame-Options:"DENY"]
     Content type = application/json
             Body = {"status":404,"message":"NOT_FOUND","code":"NOT_FOUND"}
    Forwarded URL = null
   Redirected URL = null
          Cookies = []
2023-05-23 10:11:32.524 DEBUG 22408 --- [    Test worker] c.e.uxn_api.web.email.MailApiController  : passwordLink 비밀번호 재설정 링크 전송 시작 

MockHttpServletRequest:
      HTTP Method = GET
      Request URI = /api/v1/mail/link
       Parameters = {email=[staff1234@gmail.com], _csrf=[0a2f97f1-4f10-4d2d-8102-090fc3b72406]}
          Headers = []
             Body = null
    Session Attrs = {SPRING_SECURITY_CONTEXT=SecurityContextImpl [Authentication=UsernamePasswordAuthenticationToken [Principal=org.springframework.security.core.userdetails.User [Username=user, Password=[PROTECTED], Enabled=true, AccountNonExpired=true, credentialsNonExpired=true, AccountNonLocked=true, Granted Authorities=[ROLE_USER]], Credentials=[PROTECTED], Authenticated=true, Details=null, Granted Authorities=[ROLE_USER]]]}

Handler:
             Type = com.example.uxn_api.web.email.MailApiController
           Method = com.example.uxn_api.web.email.MailApiController#passwordLink(String)

Async:
    Async started = false
     Async result = null

Resolved Exception:
             Type = null

ModelAndView:
        View name = null
             View = null
            Model = null

FlashMap:
       Attributes = null

MockHttpServletResponse:
           Status = 200
    Error message = null
          Headers = [X-Content-Type-Options:"nosniff", X-XSS-Protection:"1; mode=block", Cache-Control:"no-cache, no-store, max-age=0, must-revalidate", Pragma:"no-cache", Expires:"0", X-Frame-Options:"DENY"]
     Content type = null
             Body = 
    Forwarded URL = null
   Redirected URL = null
          Cookies = []
]]></system-out>
  <system-err><![CDATA[]]></system-err>
</testsuite>
