<?xml version="1.0" encoding="UTF-8"?>
<testsuite name="com.example.uxn_api.service.login.LoginAttemptServiceTest" tests="4" skipped="0" failures="0" errors="0" timestamp="2023-05-19T08:32:55" hostname="NOTEBOOK-KWYEOM" time="0.114">
  <properties/>
  <testcase name="loginFailed test" classname="com.example.uxn_api.service.login.LoginAttemptServiceTest" time="0.094"/>
  <testcase name="isBlocked test" classname="com.example.uxn_api.service.login.LoginAttemptServiceTest" time="0.002"/>
  <testcase name="updateBlocked test" classname="com.example.uxn_api.service.login.LoginAttemptServiceTest" time="0.016"/>
  <testcase name="loginSucceeded test" classname="com.example.uxn_api.service.login.LoginAttemptServiceTest" time="0.0"/>
  <system-out><![CDATA[17:32:55.984 [Test worker] DEBUG com.example.uxn_api.service.login.LoginAttemptService - login failed,id id/1
17:32:55.989 [Test worker] DEBUG com.example.uxn_api.service.login.LoginAttemptService - id idCache.get(key):0
]]></system-out>
  <system-err><![CDATA[]]></system-err>
</testsuite>
