<?xml version="1.0" encoding="UTF-8"?>
<testsuite name="com.example.uxn_api.web.note.controller.NoteApiControllerTest" tests="2" skipped="0" failures="0" errors="0" timestamp="2023-05-23T01:11:35" hostname="NOTEBOOK-KWYEOM" time="0.034">
  <properties/>
  <testcase name="note save test" classname="com.example.uxn_api.web.note.controller.NoteApiControllerTest" time="0.021"/>
  <testcase name="note read test" classname="com.example.uxn_api.web.note.controller.NoteApiControllerTest" time="0.012"/>
  <system-out><![CDATA[2023-05-23 10:11:34.375  INFO 22408 --- [    Test worker] .b.t.a.w.s.WebMvcTestContextBootstrapper : Neither @ContextConfiguration nor @ContextHierarchy found for test class [com.example.uxn_api.web.note.controller.NoteApiControllerTest], using SpringBootContextLoader
2023-05-23 10:11:34.377  INFO 22408 --- [    Test worker] o.s.t.c.support.AbstractContextLoader    : Could not detect default resource locations for test class [com.example.uxn_api.web.note.controller.NoteApiControllerTest]: no resource found for suffixes {-context.xml, Context.groovy}.
2023-05-23 10:11:34.377  INFO 22408 --- [    Test worker] t.c.s.AnnotationConfigContextLoaderUtils : Could not detect default configuration classes for test class [com.example.uxn_api.web.note.controller.NoteApiControllerTest]: NoteApiControllerTest does not declare any static, non-private, non-final, nested classes annotated with @Configuration.
2023-05-23 10:11:34.391  INFO 22408 --- [    Test worker] .b.t.c.SpringBootTestContextBootstrapper : Found @SpringBootConfiguration com.example.uxn_api.UxnApiApplication for test class com.example.uxn_api.web.note.controller.NoteApiControllerTest
2023-05-23 10:11:34.392  INFO 22408 --- [    Test worker] .b.t.a.w.s.WebMvcTestContextBootstrapper : Loaded default TestExecutionListener class names from location [META-INF/spring.factories]: [org.springframework.security.test.context.support.WithSecurityContextTestExecutionListener, org.springframework.security.test.context.support.ReactorContextTestExecutionListener, org.springframework.boot.test.autoconfigure.restdocs.RestDocsTestExecutionListener, org.springframework.boot.test.autoconfigure.web.client.MockRestServiceServerResetTestExecutionListener, org.springframework.boot.test.autoconfigure.web.servlet.MockMvcPrintOnlyOnFailureTestExecutionListener, org.springframework.boot.test.autoconfigure.web.servlet.WebDriverTestExecutionListener, org.springframework.boot.test.autoconfigure.webservices.client.MockWebServiceServerTestExecutionListener, org.springframework.boot.test.mock.mockito.MockitoTestExecutionListener, org.springframework.boot.test.mock.mockito.ResetMocksTestExecutionListener, org.springframework.test.context.web.ServletTestExecutionListener, org.springframework.test.context.support.DirtiesContextBeforeModesTestExecutionListener, org.springframework.test.context.event.ApplicationEventsTestExecutionListener, org.springframework.test.context.support.DependencyInjectionTestExecutionListener, org.springframework.test.context.support.DirtiesContextTestExecutionListener, org.springframework.test.context.transaction.TransactionalTestExecutionListener, org.springframework.test.context.jdbc.SqlScriptsTestExecutionListener, org.springframework.test.context.event.EventPublishingTestExecutionListener]
2023-05-23 10:11:34.393  INFO 22408 --- [    Test worker] .b.t.a.w.s.WebMvcTestContextBootstrapper : Using TestExecutionListeners: [org.springframework.test.context.web.ServletTestExecutionListener@1b81e55, org.springframework.test.context.support.DirtiesContextBeforeModesTestExecutionListener@78fa857c, org.springframework.test.context.event.ApplicationEventsTestExecutionListener@f1557, org.springframework.boot.test.mock.mockito.MockitoTestExecutionListener@1be87c7a, org.springframework.boot.test.autoconfigure.SpringBootDependencyInjectionTestExecutionListener@5a6393e4, org.springframework.test.context.support.DirtiesContextTestExecutionListener@761e2cb1, org.springframework.test.context.transaction.TransactionalTestExecutionListener@ec33a88, org.springframework.test.context.jdbc.SqlScriptsTestExecutionListener@56108c86, org.springframework.security.test.context.support.WithSecurityContextTestExecutionListener@10aac913, org.springframework.test.context.event.EventPublishingTestExecutionListener@17d61413, org.springframework.security.test.context.support.ReactorContextTestExecutionListener@567b1b, org.springframework.boot.test.autoconfigure.restdocs.RestDocsTestExecutionListener@52f0a32b, org.springframework.boot.test.autoconfigure.web.client.MockRestServiceServerResetTestExecutionListener@14541a37, org.springframework.boot.test.autoconfigure.web.servlet.MockMvcPrintOnlyOnFailureTestExecutionListener@3385e222, org.springframework.boot.test.autoconfigure.web.servlet.WebDriverTestExecutionListener@38d9ea, org.springframework.boot.test.autoconfigure.webservices.client.MockWebServiceServerTestExecutionListener@5706db3d, org.springframework.boot.test.mock.mockito.ResetMocksTestExecutionListener@6337f648]

  .   ____          _            __ _ _
 /\\ / ___'_ __ _ _(_)_ __  __ _ \ \ \ \
( ( )\___ | '_ | '_| | '_ \/ _` | \ \ \ \
 \\/  ___)| |_)| | | | | || (_| |  ) ) ) )
  '  |____| .__|_| |_|_| |_\__, | / / / /
 =========|_|==============|___/=/_/_/_/
 :: Spring Boot ::                (v2.7.1)

2023-05-23 10:11:34.427  INFO 22408 --- [    Test worker] c.e.u.w.n.c.NoteApiControllerTest        : Starting NoteApiControllerTest using Java 11.0.16 on notebook-kwyeom with PID 22408 (started by tochi in D:\GIT_Source\T1x_agms_server_v2\uxn_api)
2023-05-23 10:11:34.428 DEBUG 22408 --- [    Test worker] c.e.u.w.n.c.NoteApiControllerTest        : Running with Spring Boot v2.7.1, Spring v5.3.21
2023-05-23 10:11:34.428  INFO 22408 --- [    Test worker] c.e.u.w.n.c.NoteApiControllerTest        : No active profile set, falling back to 1 default profile: "default"
2023-05-23 10:11:35.232  WARN 22408 --- [    Test worker] ion$DefaultTemplateResolverConfiguration : Cannot find template location: classpath:/templates/ (please add some templates or check your Thymeleaf configuration)
2023-05-23 10:11:35.354  WARN 22408 --- [    Test worker] .s.s.UserDetailsServiceAutoConfiguration : 

Using generated security password: 68c2c62a-01ae-426c-97be-90878f3273a0

This generated password is for development use only. Your security configuration must be updated before running your application in production.

2023-05-23 10:11:35.471  INFO 22408 --- [    Test worker] o.s.s.web.DefaultSecurityFilterChain     : Will secure any request with [org.springframework.security.web.session.DisableEncodeUrlFilter@1946c5e7, org.springframework.security.web.context.request.async.WebAsyncManagerIntegrationFilter@5788e9ce, org.springframework.security.web.context.SecurityContextPersistenceFilter@9cf0df3, org.springframework.security.web.header.HeaderWriterFilter@1baf4afd, org.springframework.security.web.csrf.CsrfFilter@37928baf, org.springframework.security.web.authentication.logout.LogoutFilter@1671bbc1, org.springframework.security.web.authentication.UsernamePasswordAuthenticationFilter@736f2875, org.springframework.security.web.authentication.ui.DefaultLoginPageGeneratingFilter@19a81070, org.springframework.security.web.authentication.ui.DefaultLogoutPageGeneratingFilter@5d2e4fca, org.springframework.security.web.authentication.www.BasicAuthenticationFilter@6cdf4825, org.springframework.security.web.savedrequest.RequestCacheAwareFilter@4b06ae0b, org.springframework.security.web.servletapi.SecurityContextHolderAwareRequestFilter@2a9fed34, org.springframework.security.web.authentication.AnonymousAuthenticationFilter@4ba6aa2a, org.springframework.security.web.session.SessionManagementFilter@2aa334fb, org.springframework.security.web.access.ExceptionTranslationFilter@6544f9f8, org.springframework.security.web.access.intercept.FilterSecurityInterceptor@207ddfae]
2023-05-23 10:11:35.528  INFO 22408 --- [    Test worker] o.s.b.t.m.w.SpringBootMockServletContext : Initializing Spring TestDispatcherServlet ''
2023-05-23 10:11:35.528  INFO 22408 --- [    Test worker] o.s.t.web.servlet.TestDispatcherServlet  : Initializing Servlet ''
2023-05-23 10:11:35.529  INFO 22408 --- [    Test worker] o.s.t.web.servlet.TestDispatcherServlet  : Completed initialization in 0 ms
2023-05-23 10:11:35.541  INFO 22408 --- [    Test worker] c.e.u.w.n.c.NoteApiControllerTest        : Started NoteApiControllerTest in 1.145 seconds (JVM running for 18.697)

MockHttpServletRequest:
      HTTP Method = POST
      Request URI = /api/v1/note/save
       Parameters = {_csrf=[072cd7b3-27dd-441a-9560-08d4db8108ec]}
          Headers = [Content-Type:"application/json;charset=UTF-8", Content-Length:"90"]
             Body = {"title":"event","contents":"lunch","createData":"2022-11-03 09:28:59:000000","userid":33}
    Session Attrs = {SPRING_SECURITY_CONTEXT=SecurityContextImpl [Authentication=UsernamePasswordAuthenticationToken [Principal=org.springframework.security.core.userdetails.User [Username=user, Password=[PROTECTED], Enabled=true, AccountNonExpired=true, credentialsNonExpired=true, AccountNonLocked=true, Granted Authorities=[ROLE_USER]], Credentials=[PROTECTED], Authenticated=true, Details=null, Granted Authorities=[ROLE_USER]]]}

Handler:
             Type = com.example.uxn_api.web.note.controller.NoteApiController
           Method = com.example.uxn_api.web.note.controller.NoteApiController#save(NoteSaveReqDto)

Async:
    Async started = false
     Async result = null

Resolved Exception:
             Type = null

ModelAndView:
        View name = null
             View = null
            Model = null

FlashMap:
       Attributes = null

MockHttpServletResponse:
           Status = 200
    Error message = null
          Headers = [Content-Type:"application/json", X-Content-Type-Options:"nosniff", X-XSS-Protection:"1; mode=block", Cache-Control:"no-cache, no-store, max-age=0, must-revalidate", Pragma:"no-cache", Expires:"0", X-Frame-Options:"DENY"]
     Content type = application/json
             Body = {"title":"event","contents":"lunch","createData":"2022-11-03 09:28:59:000000","userid":33}
    Forwarded URL = null
   Redirected URL = null
          Cookies = []

MockHttpServletRequest:
      HTTP Method = GET
      Request URI = /api/v1/note/read/33
       Parameters = {}
          Headers = []
             Body = null
    Session Attrs = {org.springframework.security.web.csrf.HttpSessionCsrfTokenRepository.CSRF_TOKEN=org.springframework.security.web.csrf.DefaultCsrfToken@4925ab39, SPRING_SECURITY_CONTEXT=SecurityContextImpl [Authentication=UsernamePasswordAuthenticationToken [Principal=org.springframework.security.core.userdetails.User [Username=user, Password=[PROTECTED], Enabled=true, AccountNonExpired=true, credentialsNonExpired=true, AccountNonLocked=true, Granted Authorities=[ROLE_USER]], Credentials=[PROTECTED], Authenticated=true, Details=null, Granted Authorities=[ROLE_USER]]]}

Handler:
             Type = com.example.uxn_api.web.note.controller.NoteApiController
           Method = com.example.uxn_api.web.note.controller.NoteApiController#read(Long)

Async:
    Async started = false
     Async result = null

Resolved Exception:
             Type = null

ModelAndView:
        View name = null
             View = null
            Model = null

FlashMap:
       Attributes = null

MockHttpServletResponse:
           Status = 200
    Error message = null
          Headers = [Content-Type:"application/json", X-Content-Type-Options:"nosniff", X-XSS-Protection:"1; mode=block", Cache-Control:"no-cache, no-store, max-age=0, must-revalidate", Pragma:"no-cache", Expires:"0", X-Frame-Options:"DENY"]
     Content type = application/json
             Body = {"title":"event","contents":"lunch","createdDateTime":null}
    Forwarded URL = null
   Redirected URL = null
          Cookies = []
]]></system-out>
  <system-err><![CDATA[]]></system-err>
</testsuite>
