<?xml version="1.0" encoding="UTF-8"?>
<testsuite name="com.example.uxn_api.service.device.DeviceServiceTest" tests="5" skipped="0" failures="0" errors="0" timestamp="2023-05-23T01:11:21" hostname="NOTEBOOK-KWYEOM" time="0.046">
  <properties/>
  <testcase name="average test" classname="com.example.uxn_api.service.device.DeviceServiceTest" time="0.01"/>
  <testcase name="diabetesList test" classname="com.example.uxn_api.service.device.DeviceServiceTest" time="0.018"/>
  <testcase name="activatePercent test" classname="com.example.uxn_api.service.device.DeviceServiceTest" time="0.002"/>
  <testcase name="registration test" classname="com.example.uxn_api.service.device.DeviceServiceTest" time="0.006"/>
  <testcase name="diabetesInfo test" classname="com.example.uxn_api.service.device.DeviceServiceTest" time="0.006"/>
  <system-out><![CDATA[]]></system-out>
  <system-err><![CDATA[]]></system-err>
</testsuite>
