<?xml version="1.0" encoding="UTF-8"?>
<testsuite name="com.example.uxn_api.service.email.MailSendServiceTest" tests="2" skipped="0" failures="0" errors="0" timestamp="2023-05-23T01:11:21" hostname="NOTEBOOK-KWYEOM" time="3.244">
  <properties/>
  <testcase name="createKey()" classname="com.example.uxn_api.service.email.MailSendServiceTest" time="0.013"/>
  <testcase name="verificationMailSend()" classname="com.example.uxn_api.service.email.MailSendServiceTest" time="3.23"/>
  <system-out><![CDATA[10:11:21.889 [Test worker] DEBUG com.example.uxn_api.service.email.MailSendService - before transport
10:11:24.989 [Test worker] DEBUG com.example.uxn_api.service.email.MailSendService - 이메일 인증  메일 전송 완료 
]]></system-out>
  <system-err><![CDATA[]]></system-err>
</testsuite>
