<?xml version="1.0" encoding="UTF-8"?>
<testsuite name="com.example.uxn_api.web.note.controller.NoteApiControllerTest" tests="2" skipped="0" failures="0" errors="0" timestamp="2023-05-19T08:33:09" hostname="NOTEBOOK-KWYEOM" time="0.036">
  <properties/>
  <testcase name="note save test" classname="com.example.uxn_api.web.note.controller.NoteApiControllerTest" time="0.021"/>
  <testcase name="note read test" classname="com.example.uxn_api.web.note.controller.NoteApiControllerTest" time="0.014"/>
  <system-out><![CDATA[2023-05-19 17:33:08.113  INFO 30880 --- [    Test worker] .b.t.a.w.s.WebMvcTestContextBootstrapper : Neither @ContextConfiguration nor @ContextHierarchy found for test class [com.example.uxn_api.web.note.controller.NoteApiControllerTest], using SpringBootContextLoader
2023-05-19 17:33:08.114  INFO 30880 --- [    Test worker] o.s.t.c.support.AbstractContextLoader    : Could not detect default resource locations for test class [com.example.uxn_api.web.note.controller.NoteApiControllerTest]: no resource found for suffixes {-context.xml, Context.groovy}.
2023-05-19 17:33:08.115  INFO 30880 --- [    Test worker] t.c.s.AnnotationConfigContextLoaderUtils : Could not detect default configuration classes for test class [com.example.uxn_api.web.note.controller.NoteApiControllerTest]: NoteApiControllerTest does not declare any static, non-private, non-final, nested classes annotated with @Configuration.
2023-05-19 17:33:08.130  INFO 30880 --- [    Test worker] .b.t.c.SpringBootTestContextBootstrapper : Found @SpringBootConfiguration com.example.uxn_api.UxnApiApplication for test class com.example.uxn_api.web.note.controller.NoteApiControllerTest
2023-05-19 17:33:08.131  INFO 30880 --- [    Test worker] .b.t.a.w.s.WebMvcTestContextBootstrapper : Loaded default TestExecutionListener class names from location [META-INF/spring.factories]: [org.springframework.security.test.context.support.WithSecurityContextTestExecutionListener, org.springframework.security.test.context.support.ReactorContextTestExecutionListener, org.springframework.boot.test.autoconfigure.restdocs.RestDocsTestExecutionListener, org.springframework.boot.test.autoconfigure.web.client.MockRestServiceServerResetTestExecutionListener, org.springframework.boot.test.autoconfigure.web.servlet.MockMvcPrintOnlyOnFailureTestExecutionListener, org.springframework.boot.test.autoconfigure.web.servlet.WebDriverTestExecutionListener, org.springframework.boot.test.autoconfigure.webservices.client.MockWebServiceServerTestExecutionListener, org.springframework.boot.test.mock.mockito.MockitoTestExecutionListener, org.springframework.boot.test.mock.mockito.ResetMocksTestExecutionListener, org.springframework.test.context.web.ServletTestExecutionListener, org.springframework.test.context.support.DirtiesContextBeforeModesTestExecutionListener, org.springframework.test.context.event.ApplicationEventsTestExecutionListener, org.springframework.test.context.support.DependencyInjectionTestExecutionListener, org.springframework.test.context.support.DirtiesContextTestExecutionListener, org.springframework.test.context.transaction.TransactionalTestExecutionListener, org.springframework.test.context.jdbc.SqlScriptsTestExecutionListener, org.springframework.test.context.event.EventPublishingTestExecutionListener]
2023-05-19 17:33:08.132  INFO 30880 --- [    Test worker] .b.t.a.w.s.WebMvcTestContextBootstrapper : Using TestExecutionListeners: [org.springframework.test.context.web.ServletTestExecutionListener@2502b85b, org.springframework.test.context.support.DirtiesContextBeforeModesTestExecutionListener@464375e8, org.springframework.test.context.event.ApplicationEventsTestExecutionListener@250829e0, org.springframework.boot.test.mock.mockito.MockitoTestExecutionListener@4dd30240, org.springframework.boot.test.autoconfigure.SpringBootDependencyInjectionTestExecutionListener@7d23abc1, org.springframework.test.context.support.DirtiesContextTestExecutionListener@20127db8, org.springframework.test.context.transaction.TransactionalTestExecutionListener@44310773, org.springframework.test.context.jdbc.SqlScriptsTestExecutionListener@1125dcb7, org.springframework.security.test.context.support.WithSecurityContextTestExecutionListener@713800f1, org.springframework.test.context.event.EventPublishingTestExecutionListener@42f44cd3, org.springframework.security.test.context.support.ReactorContextTestExecutionListener@eb2d161, org.springframework.boot.test.autoconfigure.restdocs.RestDocsTestExecutionListener@314d7464, org.springframework.boot.test.autoconfigure.web.client.MockRestServiceServerResetTestExecutionListener@c3c534, org.springframework.boot.test.autoconfigure.web.servlet.MockMvcPrintOnlyOnFailureTestExecutionListener@60b1932b, org.springframework.boot.test.autoconfigure.web.servlet.WebDriverTestExecutionListener@78107f85, org.springframework.boot.test.autoconfigure.webservices.client.MockWebServiceServerTestExecutionListener@22a4dab7, org.springframework.boot.test.mock.mockito.ResetMocksTestExecutionListener@3cd041b2]

  .   ____          _            __ _ _
 /\\ / ___'_ __ _ _(_)_ __  __ _ \ \ \ \
( ( )\___ | '_ | '_| | '_ \/ _` | \ \ \ \
 \\/  ___)| |_)| | | | | || (_| |  ) ) ) )
  '  |____| .__|_| |_|_| |_\__, | / / / /
 =========|_|==============|___/=/_/_/_/
 :: Spring Boot ::                (v2.7.1)

2023-05-19 17:33:08.170  INFO 30880 --- [    Test worker] c.e.u.w.n.c.NoteApiControllerTest        : Starting NoteApiControllerTest using Java 11.0.16 on notebook-kwyeom with PID 30880 (started by tochi in D:\GIT_Source\T1x_agms_server\uxn_api)
2023-05-19 17:33:08.170 DEBUG 30880 --- [    Test worker] c.e.u.w.n.c.NoteApiControllerTest        : Running with Spring Boot v2.7.1, Spring v5.3.21
2023-05-19 17:33:08.170  INFO 30880 --- [    Test worker] c.e.u.w.n.c.NoteApiControllerTest        : No active profile set, falling back to 1 default profile: "default"
2023-05-19 17:33:08.842  WARN 30880 --- [    Test worker] ion$DefaultTemplateResolverConfiguration : Cannot find template location: classpath:/templates/ (please add some templates or check your Thymeleaf configuration)
2023-05-19 17:33:08.933  WARN 30880 --- [    Test worker] .s.s.UserDetailsServiceAutoConfiguration : 

Using generated security password: 6e9abdd2-4a54-4abf-a401-1c5825a94965

This generated password is for development use only. Your security configuration must be updated before running your application in production.

2023-05-19 17:33:09.059  INFO 30880 --- [    Test worker] o.s.s.web.DefaultSecurityFilterChain     : Will secure any request with [org.springframework.security.web.session.DisableEncodeUrlFilter@2a08e3b, org.springframework.security.web.context.request.async.WebAsyncManagerIntegrationFilter@3bd096e1, org.springframework.security.web.context.SecurityContextPersistenceFilter@258ef93e, org.springframework.security.web.header.HeaderWriterFilter@b219dfb, org.springframework.security.web.csrf.CsrfFilter@18108c5e, org.springframework.security.web.authentication.logout.LogoutFilter@463e6a81, org.springframework.security.web.authentication.UsernamePasswordAuthenticationFilter@4acbd949, org.springframework.security.web.authentication.ui.DefaultLoginPageGeneratingFilter@70b321be, org.springframework.security.web.authentication.ui.DefaultLogoutPageGeneratingFilter@2fc50143, org.springframework.security.web.authentication.www.BasicAuthenticationFilter@7614cb65, org.springframework.security.web.savedrequest.RequestCacheAwareFilter@4925ab39, org.springframework.security.web.servletapi.SecurityContextHolderAwareRequestFilter@4eec29a3, org.springframework.security.web.authentication.AnonymousAuthenticationFilter@7f5aa83d, org.springframework.security.web.session.SessionManagementFilter@39e0e020, org.springframework.security.web.access.ExceptionTranslationFilter@398ab9b7, org.springframework.security.web.access.intercept.FilterSecurityInterceptor@2403b94f]
2023-05-19 17:33:09.124  INFO 30880 --- [    Test worker] o.s.b.t.m.w.SpringBootMockServletContext : Initializing Spring TestDispatcherServlet ''
2023-05-19 17:33:09.125  INFO 30880 --- [    Test worker] o.s.t.web.servlet.TestDispatcherServlet  : Initializing Servlet ''
2023-05-19 17:33:09.125  INFO 30880 --- [    Test worker] o.s.t.web.servlet.TestDispatcherServlet  : Completed initialization in 0 ms
2023-05-19 17:33:09.139  INFO 30880 --- [    Test worker] c.e.u.w.n.c.NoteApiControllerTest        : Started NoteApiControllerTest in 1.004 seconds (JVM running for 24.775)

MockHttpServletRequest:
      HTTP Method = POST
      Request URI = /api/v1/note/save
       Parameters = {_csrf=[1493f8aa-0eaa-4c5c-a175-68c17ae53684]}
          Headers = [Content-Type:"application/json;charset=UTF-8", Content-Length:"90"]
             Body = {"title":"event","contents":"lunch","createData":"2022-11-03 09:28:59:000000","userid":33}
    Session Attrs = {SPRING_SECURITY_CONTEXT=SecurityContextImpl [Authentication=UsernamePasswordAuthenticationToken [Principal=org.springframework.security.core.userdetails.User [Username=user, Password=[PROTECTED], Enabled=true, AccountNonExpired=true, credentialsNonExpired=true, AccountNonLocked=true, Granted Authorities=[ROLE_USER]], Credentials=[PROTECTED], Authenticated=true, Details=null, Granted Authorities=[ROLE_USER]]]}

Handler:
             Type = com.example.uxn_api.web.note.controller.NoteApiController
           Method = com.example.uxn_api.web.note.controller.NoteApiController#save(NoteSaveReqDto)

Async:
    Async started = false
     Async result = null

Resolved Exception:
             Type = null

ModelAndView:
        View name = null
             View = null
            Model = null

FlashMap:
       Attributes = null

MockHttpServletResponse:
           Status = 200
    Error message = null
          Headers = [Content-Type:"application/json", X-Content-Type-Options:"nosniff", X-XSS-Protection:"1; mode=block", Cache-Control:"no-cache, no-store, max-age=0, must-revalidate", Pragma:"no-cache", Expires:"0", X-Frame-Options:"DENY"]
     Content type = application/json
             Body = {"title":"event","contents":"lunch","createData":"2022-11-03 09:28:59:000000","userid":33}
    Forwarded URL = null
   Redirected URL = null
          Cookies = []

MockHttpServletRequest:
      HTTP Method = GET
      Request URI = /api/v1/note/read/33
       Parameters = {}
          Headers = []
             Body = null
    Session Attrs = {org.springframework.security.web.csrf.HttpSessionCsrfTokenRepository.CSRF_TOKEN=org.springframework.security.web.csrf.DefaultCsrfToken@e072359, SPRING_SECURITY_CONTEXT=SecurityContextImpl [Authentication=UsernamePasswordAuthenticationToken [Principal=org.springframework.security.core.userdetails.User [Username=user, Password=[PROTECTED], Enabled=true, AccountNonExpired=true, credentialsNonExpired=true, AccountNonLocked=true, Granted Authorities=[ROLE_USER]], Credentials=[PROTECTED], Authenticated=true, Details=null, Granted Authorities=[ROLE_USER]]]}

Handler:
             Type = com.example.uxn_api.web.note.controller.NoteApiController
           Method = com.example.uxn_api.web.note.controller.NoteApiController#read(Long)

Async:
    Async started = false
     Async result = null

Resolved Exception:
             Type = null

ModelAndView:
        View name = null
             View = null
            Model = null

FlashMap:
       Attributes = null

MockHttpServletResponse:
           Status = 200
    Error message = null
          Headers = [Content-Type:"application/json", X-Content-Type-Options:"nosniff", X-XSS-Protection:"1; mode=block", Cache-Control:"no-cache, no-store, max-age=0, must-revalidate", Pragma:"no-cache", Expires:"0", X-Frame-Options:"DENY"]
     Content type = application/json
             Body = {"title":"event","contents":"lunch","createdDateTime":null}
    Forwarded URL = null
   Redirected URL = null
          Cookies = []
]]></system-out>
  <system-err><![CDATA[]]></system-err>
</testsuite>
