<?xml version="1.0" encoding="UTF-8"?>
<testsuite name="com.example.uxn_api.web.user.controller.StaffInfoApiControllerTest" tests="8" skipped="0" failures="0" errors="0" timestamp="2023-05-23T01:11:39" hostname="NOTEBOOK-KWYEOM" time="0.111">
  <properties/>
  <testcase name="unRecognizeList test" classname="com.example.uxn_api.web.user.controller.StaffInfoApiControllerTest" time="0.023"/>
  <testcase name="recognize test" classname="com.example.uxn_api.web.user.controller.StaffInfoApiControllerTest" time="0.011"/>
  <testcase name="staffInfoResponse test" classname="com.example.uxn_api.web.user.controller.StaffInfoApiControllerTest" time="0.013"/>
  <testcase name="userRegist test" classname="com.example.uxn_api.web.user.controller.StaffInfoApiControllerTest" time="0.013"/>
  <testcase name="staffList test" classname="com.example.uxn_api.web.user.controller.StaffInfoApiControllerTest" time="0.012"/>
  <testcase name="userRemoveRegist test" classname="com.example.uxn_api.web.user.controller.StaffInfoApiControllerTest" time="0.01"/>
  <testcase name="sendLink test" classname="com.example.uxn_api.web.user.controller.StaffInfoApiControllerTest" time="0.011"/>
  <testcase name="staffInfoResDto test" classname="com.example.uxn_api.web.user.controller.StaffInfoApiControllerTest" time="0.01"/>
  <system-out><![CDATA[2023-05-23 10:11:38.530  INFO 22408 --- [    Test worker] .b.t.a.w.s.WebMvcTestContextBootstrapper : Neither @ContextConfiguration nor @ContextHierarchy found for test class [com.example.uxn_api.web.user.controller.StaffInfoApiControllerTest], using SpringBootContextLoader
2023-05-23 10:11:38.532  INFO 22408 --- [    Test worker] o.s.t.c.support.AbstractContextLoader    : Could not detect default resource locations for test class [com.example.uxn_api.web.user.controller.StaffInfoApiControllerTest]: no resource found for suffixes {-context.xml, Context.groovy}.
2023-05-23 10:11:38.532  INFO 22408 --- [    Test worker] t.c.s.AnnotationConfigContextLoaderUtils : Could not detect default configuration classes for test class [com.example.uxn_api.web.user.controller.StaffInfoApiControllerTest]: StaffInfoApiControllerTest does not declare any static, non-private, non-final, nested classes annotated with @Configuration.
2023-05-23 10:11:38.537  INFO 22408 --- [    Test worker] .b.t.c.SpringBootTestContextBootstrapper : Found @SpringBootConfiguration com.example.uxn_api.UxnApiApplication for test class com.example.uxn_api.web.user.controller.StaffInfoApiControllerTest
2023-05-23 10:11:38.538  INFO 22408 --- [    Test worker] .b.t.a.w.s.WebMvcTestContextBootstrapper : Loaded default TestExecutionListener class names from location [META-INF/spring.factories]: [org.springframework.security.test.context.support.WithSecurityContextTestExecutionListener, org.springframework.security.test.context.support.ReactorContextTestExecutionListener, org.springframework.boot.test.autoconfigure.restdocs.RestDocsTestExecutionListener, org.springframework.boot.test.autoconfigure.web.client.MockRestServiceServerResetTestExecutionListener, org.springframework.boot.test.autoconfigure.web.servlet.MockMvcPrintOnlyOnFailureTestExecutionListener, org.springframework.boot.test.autoconfigure.web.servlet.WebDriverTestExecutionListener, org.springframework.boot.test.autoconfigure.webservices.client.MockWebServiceServerTestExecutionListener, org.springframework.boot.test.mock.mockito.MockitoTestExecutionListener, org.springframework.boot.test.mock.mockito.ResetMocksTestExecutionListener, org.springframework.test.context.web.ServletTestExecutionListener, org.springframework.test.context.support.DirtiesContextBeforeModesTestExecutionListener, org.springframework.test.context.event.ApplicationEventsTestExecutionListener, org.springframework.test.context.support.DependencyInjectionTestExecutionListener, org.springframework.test.context.support.DirtiesContextTestExecutionListener, org.springframework.test.context.transaction.TransactionalTestExecutionListener, org.springframework.test.context.jdbc.SqlScriptsTestExecutionListener, org.springframework.test.context.event.EventPublishingTestExecutionListener]
2023-05-23 10:11:38.539  INFO 22408 --- [    Test worker] .b.t.a.w.s.WebMvcTestContextBootstrapper : Using TestExecutionListeners: [org.springframework.test.context.web.ServletTestExecutionListener@552bab01, org.springframework.test.context.support.DirtiesContextBeforeModesTestExecutionListener@48b4d2ee, org.springframework.test.context.event.ApplicationEventsTestExecutionListener@5643a097, org.springframework.boot.test.mock.mockito.MockitoTestExecutionListener@538572ce, org.springframework.boot.test.autoconfigure.SpringBootDependencyInjectionTestExecutionListener@5bfea81c, org.springframework.test.context.support.DirtiesContextTestExecutionListener@3533222f, org.springframework.test.context.transaction.TransactionalTestExecutionListener@7e3f6b06, org.springframework.test.context.jdbc.SqlScriptsTestExecutionListener@654650d, org.springframework.security.test.context.support.WithSecurityContextTestExecutionListener@28448393, org.springframework.test.context.event.EventPublishingTestExecutionListener@44afeee, org.springframework.security.test.context.support.ReactorContextTestExecutionListener@128c23a, org.springframework.boot.test.autoconfigure.restdocs.RestDocsTestExecutionListener@2471b31f, org.springframework.boot.test.autoconfigure.web.client.MockRestServiceServerResetTestExecutionListener@2825f419, org.springframework.boot.test.autoconfigure.web.servlet.MockMvcPrintOnlyOnFailureTestExecutionListener@7bcbc27d, org.springframework.boot.test.autoconfigure.web.servlet.WebDriverTestExecutionListener@3cb5e62c, org.springframework.boot.test.autoconfigure.webservices.client.MockWebServiceServerTestExecutionListener@15f543ee, org.springframework.boot.test.mock.mockito.ResetMocksTestExecutionListener@1277e875]

  .   ____          _            __ _ _
 /\\ / ___'_ __ _ _(_)_ __  __ _ \ \ \ \
( ( )\___ | '_ | '_| | '_ \/ _` | \ \ \ \
 \\/  ___)| |_)| | | | | || (_| |  ) ) ) )
  '  |____| .__|_| |_|_| |_\__, | / / / /
 =========|_|==============|___/=/_/_/_/
 :: Spring Boot ::                (v2.7.1)

2023-05-23 10:11:38.566  INFO 22408 --- [    Test worker] c.e.u.w.u.c.StaffInfoApiControllerTest   : Starting StaffInfoApiControllerTest using Java 11.0.16 on notebook-kwyeom with PID 22408 (started by tochi in D:\GIT_Source\T1x_agms_server_v2\uxn_api)
2023-05-23 10:11:38.567 DEBUG 22408 --- [    Test worker] c.e.u.w.u.c.StaffInfoApiControllerTest   : Running with Spring Boot v2.7.1, Spring v5.3.21
2023-05-23 10:11:38.567  INFO 22408 --- [    Test worker] c.e.u.w.u.c.StaffInfoApiControllerTest   : No active profile set, falling back to 1 default profile: "default"
2023-05-23 10:11:39.020  WARN 22408 --- [    Test worker] ion$DefaultTemplateResolverConfiguration : Cannot find template location: classpath:/templates/ (please add some templates or check your Thymeleaf configuration)
2023-05-23 10:11:39.113  WARN 22408 --- [    Test worker] .s.s.UserDetailsServiceAutoConfiguration : 

Using generated security password: d59b3f1b-eb9d-4a11-a864-2ffaeb8086dc

This generated password is for development use only. Your security configuration must be updated before running your application in production.

2023-05-23 10:11:39.273  INFO 22408 --- [    Test worker] o.s.s.web.DefaultSecurityFilterChain     : Will secure any request with [org.springframework.security.web.session.DisableEncodeUrlFilter@64703038, org.springframework.security.web.context.request.async.WebAsyncManagerIntegrationFilter@7933e697, org.springframework.security.web.context.SecurityContextPersistenceFilter@18d6ccf, org.springframework.security.web.header.HeaderWriterFilter@68ab6d78, org.springframework.security.web.csrf.CsrfFilter@4635704a, org.springframework.security.web.authentication.logout.LogoutFilter@5c5d940a, org.springframework.security.web.authentication.UsernamePasswordAuthenticationFilter@d4e007f, org.springframework.security.web.authentication.ui.DefaultLoginPageGeneratingFilter@73bc48e0, org.springframework.security.web.authentication.ui.DefaultLogoutPageGeneratingFilter@4034c36, org.springframework.security.web.authentication.www.BasicAuthenticationFilter@203d9a6d, org.springframework.security.web.savedrequest.RequestCacheAwareFilter@13facbea, org.springframework.security.web.servletapi.SecurityContextHolderAwareRequestFilter@2089b440, org.springframework.security.web.authentication.AnonymousAuthenticationFilter@48a14029, org.springframework.security.web.session.SessionManagementFilter@6c57e62f, org.springframework.security.web.access.ExceptionTranslationFilter@d73e2c6, org.springframework.security.web.access.intercept.FilterSecurityInterceptor@64bf2c25]
2023-05-23 10:11:39.318  INFO 22408 --- [    Test worker] o.s.b.t.m.w.SpringBootMockServletContext : Initializing Spring TestDispatcherServlet ''
2023-05-23 10:11:39.318  INFO 22408 --- [    Test worker] o.s.t.web.servlet.TestDispatcherServlet  : Initializing Servlet ''
2023-05-23 10:11:39.319  INFO 22408 --- [    Test worker] o.s.t.web.servlet.TestDispatcherServlet  : Completed initialization in 1 ms
2023-05-23 10:11:39.334  INFO 22408 --- [    Test worker] c.e.u.w.u.c.StaffInfoApiControllerTest   : Started StaffInfoApiControllerTest in 0.793 seconds (JVM running for 22.491)

MockHttpServletRequest:
      HTTP Method = GET
      Request URI = /api/v1/user/staff-info/un-recognize/list/111
       Parameters = {_csrf=[a6d3885b-90ba-4db5-96dc-304c028a8ef1]}
          Headers = []
             Body = null
    Session Attrs = {SPRING_SECURITY_CONTEXT=SecurityContextImpl [Authentication=UsernamePasswordAuthenticationToken [Principal=org.springframework.security.core.userdetails.User [Username=user, Password=[PROTECTED], Enabled=true, AccountNonExpired=true, credentialsNonExpired=true, AccountNonLocked=true, Granted Authorities=[ROLE_USER]], Credentials=[PROTECTED], Authenticated=true, Details=null, Granted Authorities=[ROLE_USER]]]}

Handler:
             Type = com.example.uxn_api.web.user.controller.StaffInfoApiController
           Method = com.example.uxn_api.web.user.controller.StaffInfoApiController#unRecognizeList(Long)

Async:
    Async started = false
     Async result = null

Resolved Exception:
             Type = null

ModelAndView:
        View name = null
             View = null
            Model = null

FlashMap:
       Attributes = null

MockHttpServletResponse:
           Status = 200
    Error message = null
          Headers = [Content-Type:"application/json", X-Content-Type-Options:"nosniff", X-XSS-Protection:"1; mode=block", Cache-Control:"no-cache, no-store, max-age=0, must-revalidate", Pragma:"no-cache", Expires:"0", X-Frame-Options:"DENY"]
     Content type = application/json
             Body = [{"idx":111,"name":"user","birth":null,"email":"user123@gmail.com"}]
    Forwarded URL = null
   Redirected URL = null
          Cookies = []

MockHttpServletRequest:
      HTTP Method = GET
      Request URI = /api/v1/user/staff-info/recognize/33/111
       Parameters = {_csrf=[08d234e7-d08d-4eff-96ad-d8a914aca921]}
          Headers = []
             Body = null
    Session Attrs = {SPRING_SECURITY_CONTEXT=SecurityContextImpl [Authentication=UsernamePasswordAuthenticationToken [Principal=org.springframework.security.core.userdetails.User [Username=user, Password=[PROTECTED], Enabled=true, AccountNonExpired=true, credentialsNonExpired=true, AccountNonLocked=true, Granted Authorities=[ROLE_USER]], Credentials=[PROTECTED], Authenticated=true, Details=null, Granted Authorities=[ROLE_USER]]]}

Handler:
             Type = com.example.uxn_api.web.user.controller.StaffInfoApiController
           Method = com.example.uxn_api.web.user.controller.StaffInfoApiController#recognize(Long, Long)

Async:
    Async started = false
     Async result = null

Resolved Exception:
             Type = null

ModelAndView:
        View name = null
             View = null
            Model = null

FlashMap:
       Attributes = null

MockHttpServletResponse:
           Status = 200
    Error message = null
          Headers = [X-Content-Type-Options:"nosniff", X-XSS-Protection:"1; mode=block", Cache-Control:"no-cache, no-store, max-age=0, must-revalidate", Pragma:"no-cache", Expires:"0", X-Frame-Options:"DENY"]
     Content type = null
             Body = 
    Forwarded URL = null
   Redirected URL = null
          Cookies = []

MockHttpServletRequest:
      HTTP Method = GET
      Request URI = /api/v1/user/staff-info/detail/111
       Parameters = {_csrf=[82af31bb-1f45-45a3-a707-6b6e28b480c8]}
          Headers = []
             Body = null
    Session Attrs = {SPRING_SECURITY_CONTEXT=SecurityContextImpl [Authentication=UsernamePasswordAuthenticationToken [Principal=org.springframework.security.core.userdetails.User [Username=user, Password=[PROTECTED], Enabled=true, AccountNonExpired=true, credentialsNonExpired=true, AccountNonLocked=true, Granted Authorities=[ROLE_USER]], Credentials=[PROTECTED], Authenticated=true, Details=null, Granted Authorities=[ROLE_USER]]]}

Handler:
             Type = com.example.uxn_api.web.user.controller.StaffInfoApiController
           Method = com.example.uxn_api.web.user.controller.StaffInfoApiController#staffInfoResponse(Long)

Async:
    Async started = false
     Async result = null

Resolved Exception:
             Type = null

ModelAndView:
        View name = null
             View = null
            Model = null

FlashMap:
       Attributes = null

MockHttpServletResponse:
           Status = 200
    Error message = null
          Headers = [Content-Type:"application/json", X-Content-Type-Options:"nosniff", X-XSS-Protection:"1; mode=block", Cache-Control:"no-cache, no-store, max-age=0, must-revalidate", Pragma:"no-cache", Expires:"0", X-Frame-Options:"DENY"]
     Content type = application/json
             Body = {"idx":111,"hospital":null,"birth":null,"email":"staff123@gmail.com","recognize":false,"staff_name":"staff","phone_number":null,"approval_code":null}
    Forwarded URL = null
   Redirected URL = null
          Cookies = []

MockHttpServletRequest:
      HTTP Method = PUT
      Request URI = /api/v1/user/staff-info/registration
       Parameters = {_csrf=[ba1120bd-941a-479e-975b-1888b4da7827]}
          Headers = [Content-Type:"application/json;charset=UTF-8", Content-Length:"15"]
             Body = {"code":"code"}
    Session Attrs = {SPRING_SECURITY_CONTEXT=SecurityContextImpl [Authentication=UsernamePasswordAuthenticationToken [Principal=org.springframework.security.core.userdetails.User [Username=user, Password=[PROTECTED], Enabled=true, AccountNonExpired=true, credentialsNonExpired=true, AccountNonLocked=true, Granted Authorities=[ROLE_USER]], Credentials=[PROTECTED], Authenticated=true, Details=null, Granted Authorities=[ROLE_USER]]]}

Handler:
             Type = com.example.uxn_api.web.user.controller.StaffInfoApiController
           Method = com.example.uxn_api.web.user.controller.StaffInfoApiController#userRegist(UserRegistrationDto)

Async:
    Async started = false
     Async result = null

Resolved Exception:
             Type = null

ModelAndView:
        View name = null
             View = null
            Model = null

FlashMap:
       Attributes = null

MockHttpServletResponse:
           Status = 200
    Error message = null
          Headers = [Content-Type:"application/json", X-Content-Type-Options:"nosniff", X-XSS-Protection:"1; mode=block", Cache-Control:"no-cache, no-store, max-age=0, must-revalidate", Pragma:"no-cache", Expires:"0", X-Frame-Options:"DENY"]
     Content type = application/json
             Body = {"code":"code","staff_name":null,"user_email":null,"staff_idx":null,"user_idx":null}
    Forwarded URL = null
   Redirected URL = null
          Cookies = []
2023-05-23 10:11:39.408 DEBUG 22408 --- [    Test worker] c.e.u.w.u.c.StaffInfoApiController       : staff list :

MockHttpServletRequest:
      HTTP Method = GET
      Request URI = /api/v1/user/staff-info/list
       Parameters = {_csrf=[12d10652-1c56-4808-ad9c-4e6e5707d1ba]}
          Headers = []
             Body = null
    Session Attrs = {SPRING_SECURITY_CONTEXT=SecurityContextImpl [Authentication=UsernamePasswordAuthenticationToken [Principal=org.springframework.security.core.userdetails.User [Username=user, Password=[PROTECTED], Enabled=true, AccountNonExpired=true, credentialsNonExpired=true, AccountNonLocked=true, Granted Authorities=[ROLE_USER]], Credentials=[PROTECTED], Authenticated=true, Details=null, Granted Authorities=[ROLE_USER]]]}

Handler:
             Type = com.example.uxn_api.web.user.controller.StaffInfoApiController
           Method = com.example.uxn_api.web.user.controller.StaffInfoApiController#staffList()

Async:
    Async started = false
     Async result = null

Resolved Exception:
             Type = null

ModelAndView:
        View name = null
             View = null
            Model = null

FlashMap:
       Attributes = null

MockHttpServletResponse:
           Status = 200
    Error message = null
          Headers = [Content-Type:"application/json", X-Content-Type-Options:"nosniff", X-XSS-Protection:"1; mode=block", Cache-Control:"no-cache, no-store, max-age=0, must-revalidate", Pragma:"no-cache", Expires:"0", X-Frame-Options:"DENY"]
     Content type = application/json
             Body = [{"idx":111,"hospital":null,"email":"abc123@gmail.com","staff_name":"staff"}]
    Forwarded URL = null
   Redirected URL = null
          Cookies = []

MockHttpServletRequest:
      HTTP Method = PUT
      Request URI = /api/v1/user/staff-info/remove/registration
       Parameters = {_csrf=[6f5391bc-b99e-4cec-976d-708b4ed63aa3]}
          Headers = [Content-Type:"application/json;charset=UTF-8", Content-Length:"94"]
             Body = {"staffName":"staff","userEmail":"abc123@gmail.com","staffIdx":123,"userIdx":33,"code":"code"}
    Session Attrs = {SPRING_SECURITY_CONTEXT=SecurityContextImpl [Authentication=UsernamePasswordAuthenticationToken [Principal=org.springframework.security.core.userdetails.User [Username=user, Password=[PROTECTED], Enabled=true, AccountNonExpired=true, credentialsNonExpired=true, AccountNonLocked=true, Granted Authorities=[ROLE_USER]], Credentials=[PROTECTED], Authenticated=true, Details=null, Granted Authorities=[ROLE_USER]]]}

Handler:
             Type = com.example.uxn_api.web.user.controller.StaffInfoApiController
           Method = com.example.uxn_api.web.user.controller.StaffInfoApiController#userRemoveRegist(UserRegistrationDto)

Async:
    Async started = false
     Async result = null

Resolved Exception:
             Type = null

ModelAndView:
        View name = null
             View = null
            Model = null

FlashMap:
       Attributes = null

MockHttpServletResponse:
           Status = 200
    Error message = null
          Headers = [X-Content-Type-Options:"nosniff", X-XSS-Protection:"1; mode=block", Cache-Control:"no-cache, no-store, max-age=0, must-revalidate", Pragma:"no-cache", Expires:"0", X-Frame-Options:"DENY"]
     Content type = null
             Body = 
    Forwarded URL = null
   Redirected URL = null
          Cookies = []
2023-05-23 10:11:39.433 DEBUG 22408 --- [    Test worker] c.e.u.w.u.c.StaffInfoApiController       : 이메일 확인 :staff123@gmail.com
2023-05-23 10:11:39.434 DEBUG 22408 --- [    Test worker] c.e.u.w.u.c.StaffInfoApiController       : idx 확인 :111

MockHttpServletRequest:
      HTTP Method = GET
      Request URI = /api/v1/user/staff-info/send-mail/111
       Parameters = {email=[staff123@gmail.com], userIdx=[111L], _csrf=[554192db-2a81-46e1-bd17-0c05eb33f1f2]}
          Headers = []
             Body = null
    Session Attrs = {SPRING_SECURITY_CONTEXT=SecurityContextImpl [Authentication=UsernamePasswordAuthenticationToken [Principal=org.springframework.security.core.userdetails.User [Username=user, Password=[PROTECTED], Enabled=true, AccountNonExpired=true, credentialsNonExpired=true, AccountNonLocked=true, Granted Authorities=[ROLE_USER]], Credentials=[PROTECTED], Authenticated=true, Details=null, Granted Authorities=[ROLE_USER]]]}

Handler:
             Type = com.example.uxn_api.web.user.controller.StaffInfoApiController
           Method = com.example.uxn_api.web.user.controller.StaffInfoApiController#sendLink(String, Long)

Async:
    Async started = false
     Async result = null

Resolved Exception:
             Type = null

ModelAndView:
        View name = null
             View = null
            Model = null

FlashMap:
       Attributes = null

MockHttpServletResponse:
           Status = 200
    Error message = null
          Headers = [X-Content-Type-Options:"nosniff", X-XSS-Protection:"1; mode=block", Cache-Control:"no-cache, no-store, max-age=0, must-revalidate", Pragma:"no-cache", Expires:"0", X-Frame-Options:"DENY"]
     Content type = null
             Body = 
    Forwarded URL = null
   Redirected URL = null
          Cookies = []

MockHttpServletRequest:
      HTTP Method = GET
      Request URI = /api/v1/user/staff-info/staff-detail/111
       Parameters = {_csrf=[6f05869b-08f4-4864-b438-043c1c1a42f2]}
          Headers = []
             Body = null
    Session Attrs = {SPRING_SECURITY_CONTEXT=SecurityContextImpl [Authentication=UsernamePasswordAuthenticationToken [Principal=org.springframework.security.core.userdetails.User [Username=user, Password=[PROTECTED], Enabled=true, AccountNonExpired=true, credentialsNonExpired=true, AccountNonLocked=true, Granted Authorities=[ROLE_USER]], Credentials=[PROTECTED], Authenticated=true, Details=null, Granted Authorities=[ROLE_USER]]]}

Handler:
             Type = com.example.uxn_api.web.user.controller.StaffInfoApiController
           Method = com.example.uxn_api.web.user.controller.StaffInfoApiController#staffInfoResDto(Long)

Async:
    Async started = false
     Async result = null

Resolved Exception:
             Type = null

ModelAndView:
        View name = null
             View = null
            Model = null

FlashMap:
       Attributes = null

MockHttpServletResponse:
           Status = 200
    Error message = null
          Headers = [Content-Type:"application/json", X-Content-Type-Options:"nosniff", X-XSS-Protection:"1; mode=block", Cache-Control:"no-cache, no-store, max-age=0, must-revalidate", Pragma:"no-cache", Expires:"0", X-Frame-Options:"DENY"]
     Content type = application/json
             Body = [{"idx":111,"hospital":null,"birth":null,"email":"staff123@gmail.com","recognize":false,"staff_name":"staff","phone_number":null,"approval_code":null}]
    Forwarded URL = null
   Redirected URL = null
          Cookies = []
]]></system-out>
  <system-err><![CDATA[]]></system-err>
</testsuite>
