<?xml version="1.0" encoding="UTF-8"?>
<testsuite name="com.example.uxn_api.web.staff.controller.StaffApiControllerTest" tests="9" skipped="0" failures="0" errors="0" timestamp="2023-05-19T08:33:11" hostname="NOTEBOOK-KWYEOM" time="0.154">
  <properties/>
  <testcase name="agpReport test" classname="com.example.uxn_api.web.staff.controller.StaffApiControllerTest" time="0.018"/>
  <testcase name="signUp test" classname="com.example.uxn_api.web.staff.controller.StaffApiControllerTest" time="0.026"/>
  <testcase name="staffDetail test" classname="com.example.uxn_api.web.staff.controller.StaffApiControllerTest" time="0.012"/>
  <testcase name="snapShot test" classname="com.example.uxn_api.web.staff.controller.StaffApiControllerTest" time="0.017"/>
  <testcase name="unReconizeUserList test" classname="com.example.uxn_api.web.staff.controller.StaffApiControllerTest" time="0.01"/>
  <testcase name="userDetail test" classname="com.example.uxn_api.web.staff.controller.StaffApiControllerTest" time="0.011"/>
  <testcase name="staffRegistrationUser test" classname="com.example.uxn_api.web.staff.controller.StaffApiControllerTest" time="0.033"/>
  <testcase name="userList test" classname="com.example.uxn_api.web.staff.controller.StaffApiControllerTest" time="0.01"/>
  <testcase name="searchUserName test" classname="com.example.uxn_api.web.staff.controller.StaffApiControllerTest" time="0.008"/>
  <system-out><![CDATA[2023-05-19 17:33:10.133  INFO 30880 --- [    Test worker] .b.t.a.w.s.WebMvcTestContextBootstrapper : Neither @ContextConfiguration nor @ContextHierarchy found for test class [com.example.uxn_api.web.staff.controller.StaffApiControllerTest], using SpringBootContextLoader
2023-05-19 17:33:10.134  INFO 30880 --- [    Test worker] o.s.t.c.support.AbstractContextLoader    : Could not detect default resource locations for test class [com.example.uxn_api.web.staff.controller.StaffApiControllerTest]: no resource found for suffixes {-context.xml, Context.groovy}.
2023-05-19 17:33:10.134  INFO 30880 --- [    Test worker] t.c.s.AnnotationConfigContextLoaderUtils : Could not detect default configuration classes for test class [com.example.uxn_api.web.staff.controller.StaffApiControllerTest]: StaffApiControllerTest does not declare any static, non-private, non-final, nested classes annotated with @Configuration.
2023-05-19 17:33:10.153  INFO 30880 --- [    Test worker] .b.t.c.SpringBootTestContextBootstrapper : Found @SpringBootConfiguration com.example.uxn_api.UxnApiApplication for test class com.example.uxn_api.web.staff.controller.StaffApiControllerTest
2023-05-19 17:33:10.154  INFO 30880 --- [    Test worker] .b.t.a.w.s.WebMvcTestContextBootstrapper : Loaded default TestExecutionListener class names from location [META-INF/spring.factories]: [org.springframework.security.test.context.support.WithSecurityContextTestExecutionListener, org.springframework.security.test.context.support.ReactorContextTestExecutionListener, org.springframework.boot.test.autoconfigure.restdocs.RestDocsTestExecutionListener, org.springframework.boot.test.autoconfigure.web.client.MockRestServiceServerResetTestExecutionListener, org.springframework.boot.test.autoconfigure.web.servlet.MockMvcPrintOnlyOnFailureTestExecutionListener, org.springframework.boot.test.autoconfigure.web.servlet.WebDriverTestExecutionListener, org.springframework.boot.test.autoconfigure.webservices.client.MockWebServiceServerTestExecutionListener, org.springframework.boot.test.mock.mockito.MockitoTestExecutionListener, org.springframework.boot.test.mock.mockito.ResetMocksTestExecutionListener, org.springframework.test.context.web.ServletTestExecutionListener, org.springframework.test.context.support.DirtiesContextBeforeModesTestExecutionListener, org.springframework.test.context.event.ApplicationEventsTestExecutionListener, org.springframework.test.context.support.DependencyInjectionTestExecutionListener, org.springframework.test.context.support.DirtiesContextTestExecutionListener, org.springframework.test.context.transaction.TransactionalTestExecutionListener, org.springframework.test.context.jdbc.SqlScriptsTestExecutionListener, org.springframework.test.context.event.EventPublishingTestExecutionListener]
2023-05-19 17:33:10.155  INFO 30880 --- [    Test worker] .b.t.a.w.s.WebMvcTestContextBootstrapper : Using TestExecutionListeners: [org.springframework.test.context.web.ServletTestExecutionListener@49a37382, org.springframework.test.context.support.DirtiesContextBeforeModesTestExecutionListener@adc3f6b, org.springframework.test.context.event.ApplicationEventsTestExecutionListener@477d6382, org.springframework.boot.test.mock.mockito.MockitoTestExecutionListener@4c8ce6c7, org.springframework.boot.test.autoconfigure.SpringBootDependencyInjectionTestExecutionListener@1e61a3b7, org.springframework.test.context.support.DirtiesContextTestExecutionListener@75ade077, org.springframework.test.context.transaction.TransactionalTestExecutionListener@5960ec33, org.springframework.test.context.jdbc.SqlScriptsTestExecutionListener@72718306, org.springframework.security.test.context.support.WithSecurityContextTestExecutionListener@611efae4, org.springframework.test.context.event.EventPublishingTestExecutionListener@7b2a10e8, org.springframework.security.test.context.support.ReactorContextTestExecutionListener@25756aca, org.springframework.boot.test.autoconfigure.restdocs.RestDocsTestExecutionListener@5b62b4d1, org.springframework.boot.test.autoconfigure.web.client.MockRestServiceServerResetTestExecutionListener@4dbdac83, org.springframework.boot.test.autoconfigure.web.servlet.MockMvcPrintOnlyOnFailureTestExecutionListener@663b588c, org.springframework.boot.test.autoconfigure.web.servlet.WebDriverTestExecutionListener@68964dbb, org.springframework.boot.test.autoconfigure.webservices.client.MockWebServiceServerTestExecutionListener@261ca844, org.springframework.boot.test.mock.mockito.ResetMocksTestExecutionListener@665d1b0]

  .   ____          _            __ _ _
 /\\ / ___'_ __ _ _(_)_ __  __ _ \ \ \ \
( ( )\___ | '_ | '_| | '_ \/ _` | \ \ \ \
 \\/  ___)| |_)| | | | | || (_| |  ) ) ) )
  '  |____| .__|_| |_|_| |_\__, | / / / /
 =========|_|==============|___/=/_/_/_/
 :: Spring Boot ::                (v2.7.1)

2023-05-19 17:33:10.191  INFO 30880 --- [    Test worker] c.e.u.w.s.c.StaffApiControllerTest       : Starting StaffApiControllerTest using Java 11.0.16 on notebook-kwyeom with PID 30880 (started by tochi in D:\GIT_Source\T1x_agms_server\uxn_api)
2023-05-19 17:33:10.192 DEBUG 30880 --- [    Test worker] c.e.u.w.s.c.StaffApiControllerTest       : Running with Spring Boot v2.7.1, Spring v5.3.21
2023-05-19 17:33:10.192  INFO 30880 --- [    Test worker] c.e.u.w.s.c.StaffApiControllerTest       : No active profile set, falling back to 1 default profile: "default"
2023-05-19 17:33:10.923  WARN 30880 --- [    Test worker] ion$DefaultTemplateResolverConfiguration : Cannot find template location: classpath:/templates/ (please add some templates or check your Thymeleaf configuration)
2023-05-19 17:33:11.017  WARN 30880 --- [    Test worker] .s.s.UserDetailsServiceAutoConfiguration : 

Using generated security password: c76a8a5d-dc28-42de-9644-42152eeb4982

This generated password is for development use only. Your security configuration must be updated before running your application in production.

2023-05-19 17:33:11.140  INFO 30880 --- [    Test worker] o.s.s.web.DefaultSecurityFilterChain     : Will secure any request with [org.springframework.security.web.session.DisableEncodeUrlFilter@676bf28e, org.springframework.security.web.context.request.async.WebAsyncManagerIntegrationFilter@2f51f26f, org.springframework.security.web.context.SecurityContextPersistenceFilter@1da71bfa, org.springframework.security.web.header.HeaderWriterFilter@73623d80, org.springframework.security.web.csrf.CsrfFilter@243f2ecc, org.springframework.security.web.authentication.logout.LogoutFilter@22690f1e, org.springframework.security.web.authentication.UsernamePasswordAuthenticationFilter@29abe8cc, org.springframework.security.web.authentication.ui.DefaultLoginPageGeneratingFilter@63e36572, org.springframework.security.web.authentication.ui.DefaultLogoutPageGeneratingFilter@594a82c1, org.springframework.security.web.authentication.www.BasicAuthenticationFilter@1ae1f78f, org.springframework.security.web.savedrequest.RequestCacheAwareFilter@59c7ae98, org.springframework.security.web.servletapi.SecurityContextHolderAwareRequestFilter@3b2b161d, org.springframework.security.web.authentication.AnonymousAuthenticationFilter@4c825be8, org.springframework.security.web.session.SessionManagementFilter@40b3146e, org.springframework.security.web.access.ExceptionTranslationFilter@71b6b244, org.springframework.security.web.access.intercept.FilterSecurityInterceptor@63856ef2]
2023-05-19 17:33:11.208  INFO 30880 --- [    Test worker] o.s.b.t.m.w.SpringBootMockServletContext : Initializing Spring TestDispatcherServlet ''
2023-05-19 17:33:11.208  INFO 30880 --- [    Test worker] o.s.t.web.servlet.TestDispatcherServlet  : Initializing Servlet ''
2023-05-19 17:33:11.208  INFO 30880 --- [    Test worker] o.s.t.web.servlet.TestDispatcherServlet  : Completed initialization in 0 ms
2023-05-19 17:33:11.219  INFO 30880 --- [    Test worker] c.e.u.w.s.c.StaffApiControllerTest       : Started StaffApiControllerTest in 1.06 seconds (JVM running for 26.855)

MockHttpServletRequest:
      HTTP Method = GET
      Request URI = /api/v1/staff/agp-report/userName
       Parameters = {startDay=[27], endDay=[30], _csrf=[7fee0475-2180-4f9f-80e6-78854163f3cb]}
          Headers = []
             Body = null
    Session Attrs = {SPRING_SECURITY_CONTEXT=SecurityContextImpl [Authentication=UsernamePasswordAuthenticationToken [Principal=org.springframework.security.core.userdetails.User [Username=user, Password=[PROTECTED], Enabled=true, AccountNonExpired=true, credentialsNonExpired=true, AccountNonLocked=true, Granted Authorities=[ROLE_USER]], Credentials=[PROTECTED], Authenticated=true, Details=null, Granted Authorities=[ROLE_USER]]]}

Handler:
             Type = com.example.uxn_api.web.staff.controller.StaffApiController
           Method = com.example.uxn_api.web.staff.controller.StaffApiController#agpReport(String, String, String)

Async:
    Async started = false
     Async result = null

Resolved Exception:
             Type = null

ModelAndView:
        View name = null
             View = null
            Model = null

FlashMap:
       Attributes = null

MockHttpServletResponse:
           Status = 200
    Error message = null
          Headers = [Content-Type:"application/json", X-Content-Type-Options:"nosniff", X-XSS-Protection:"1; mode=block", Cache-Control:"no-cache, no-store, max-age=0, must-revalidate", Pragma:"no-cache", Expires:"0", X-Frame-Options:"DENY"]
     Content type = application/json
             Body = {"user_name":"userName","device_info_list":null,"five_percent":0,"twenty_five_percent":0,"fifty_percent":0,"seventy_five_percent":0,"ninety_five_percent":0}
    Forwarded URL = null
   Redirected URL = null
          Cookies = []

MockHttpServletRequest:
      HTTP Method = POST
      Request URI = /api/v1/staff/update
       Parameters = {_csrf=[3767909c-6107-43ab-a646-4d4d7f31d979]}
          Headers = [Content-Type:"application/json;charset=UTF-8", Content-Length:"78"]
             Body = {"staffName":"staff","email":"staff123@gmail.com","phoneNumber":"02-123-4597"}
    Session Attrs = {SPRING_SECURITY_CONTEXT=SecurityContextImpl [Authentication=UsernamePasswordAuthenticationToken [Principal=org.springframework.security.core.userdetails.User [Username=user, Password=[PROTECTED], Enabled=true, AccountNonExpired=true, credentialsNonExpired=true, AccountNonLocked=true, Granted Authorities=[ROLE_USER]], Credentials=[PROTECTED], Authenticated=true, Details=null, Granted Authorities=[ROLE_USER]]]}

Handler:
             Type = com.example.uxn_api.web.staff.controller.StaffApiController
           Method = com.example.uxn_api.web.staff.controller.StaffApiController#signUp(StaffUpdateReqDto)

Async:
    Async started = false
     Async result = null

Resolved Exception:
             Type = null

ModelAndView:
        View name = null
             View = null
            Model = null

FlashMap:
       Attributes = null

MockHttpServletResponse:
           Status = 200
    Error message = null
          Headers = [Content-Type:"application/json", X-Content-Type-Options:"nosniff", X-XSS-Protection:"1; mode=block", Cache-Control:"no-cache, no-store, max-age=0, must-revalidate", Pragma:"no-cache", Expires:"0", X-Frame-Options:"DENY"]
     Content type = application/json
             Body = 111
    Forwarded URL = null
   Redirected URL = null
          Cookies = []

MockHttpServletRequest:
      HTTP Method = GET
      Request URI = /api/v1/staff/detail/33
       Parameters = {_csrf=[4e7ddba7-51d1-4119-a601-5476c846159a]}
          Headers = []
             Body = null
    Session Attrs = {SPRING_SECURITY_CONTEXT=SecurityContextImpl [Authentication=UsernamePasswordAuthenticationToken [Principal=org.springframework.security.core.userdetails.User [Username=user, Password=[PROTECTED], Enabled=true, AccountNonExpired=true, credentialsNonExpired=true, AccountNonLocked=true, Granted Authorities=[ROLE_USER]], Credentials=[PROTECTED], Authenticated=true, Details=null, Granted Authorities=[ROLE_USER]]]}

Handler:
             Type = com.example.uxn_api.web.staff.controller.StaffApiController
           Method = com.example.uxn_api.web.staff.controller.StaffApiController#staffDetail(Long)

Async:
    Async started = false
     Async result = null

Resolved Exception:
             Type = null

ModelAndView:
        View name = null
             View = null
            Model = null

FlashMap:
       Attributes = null

MockHttpServletResponse:
           Status = 200
    Error message = null
          Headers = [Content-Type:"application/json", X-Content-Type-Options:"nosniff", X-XSS-Protection:"1; mode=block", Cache-Control:"no-cache, no-store, max-age=0, must-revalidate", Pragma:"no-cache", Expires:"0", X-Frame-Options:"DENY"]
     Content type = application/json
             Body = {"idx":111,"hospital":null,"birth":null,"email":"staff123@gmail.com","recognize":false,"staff_name":"staff","phone_number":null,"approval_code":null}
    Forwarded URL = null
   Redirected URL = null
          Cookies = []

MockHttpServletRequest:
      HTTP Method = GET
      Request URI = /api/v1/staff/snap-shot/userName
       Parameters = {_csrf=[73d38fbc-5bbd-45ce-90d5-e6284f1479dd]}
          Headers = []
             Body = null
    Session Attrs = {SPRING_SECURITY_CONTEXT=SecurityContextImpl [Authentication=UsernamePasswordAuthenticationToken [Principal=org.springframework.security.core.userdetails.User [Username=user, Password=[PROTECTED], Enabled=true, AccountNonExpired=true, credentialsNonExpired=true, AccountNonLocked=true, Granted Authorities=[ROLE_USER]], Credentials=[PROTECTED], Authenticated=true, Details=null, Granted Authorities=[ROLE_USER]]]}

Handler:
             Type = com.example.uxn_api.web.staff.controller.StaffApiController
           Method = com.example.uxn_api.web.staff.controller.StaffApiController#snapShot(String)

Async:
    Async started = false
     Async result = null

Resolved Exception:
             Type = null

ModelAndView:
        View name = null
             View = null
            Model = null

FlashMap:
       Attributes = null

MockHttpServletResponse:
           Status = 200
    Error message = null
          Headers = [Content-Type:"application/json", X-Content-Type-Options:"nosniff", X-XSS-Protection:"1; mode=block", Cache-Control:"no-cache, no-store, max-age=0, must-revalidate", Pragma:"no-cache", Expires:"0", X-Frame-Options:"DENY"]
     Content type = application/json
             Body = {"average":null,"lowBloodSugarDtoList":null,"timeActivateList":null,"timeActivate":null,"activateGraphDtoList":null,"user_idx":33,"user_name":"userName","user_email":null,"user_birth":null,"user_gender":null,"email_verify_date":null,"last_data_time":null,"device_id":null,"scan_average":0,"time_sensor_activate":0.0,"under_percent":0.0,"goal_percent":0.0,"excess_percent":0.0,"low_blood_sugar_count":null,"low_blood_sugar_duration":null}
    Forwarded URL = null
   Redirected URL = null
          Cookies = []

MockHttpServletRequest:
      HTTP Method = GET
      Request URI = /api/v1/staff/user-list/unreconize/33
       Parameters = {_csrf=[b3bf5e06-879b-4b91-adfc-2b2f06dcc675]}
          Headers = []
             Body = null
    Session Attrs = {SPRING_SECURITY_CONTEXT=SecurityContextImpl [Authentication=UsernamePasswordAuthenticationToken [Principal=org.springframework.security.core.userdetails.User [Username=user, Password=[PROTECTED], Enabled=true, AccountNonExpired=true, credentialsNonExpired=true, AccountNonLocked=true, Granted Authorities=[ROLE_USER]], Credentials=[PROTECTED], Authenticated=true, Details=null, Granted Authorities=[ROLE_USER]]]}

Handler:
             Type = com.example.uxn_api.web.staff.controller.StaffApiController
           Method = com.example.uxn_api.web.staff.controller.StaffApiController#unReconizeUserList(Long)

Async:
    Async started = false
     Async result = null

Resolved Exception:
             Type = null

ModelAndView:
        View name = null
             View = null
            Model = null

FlashMap:
       Attributes = null

MockHttpServletResponse:
           Status = 200
    Error message = null
          Headers = [Content-Type:"application/json", X-Content-Type-Options:"nosniff", X-XSS-Protection:"1; mode=block", Cache-Control:"no-cache, no-store, max-age=0, must-revalidate", Pragma:"no-cache", Expires:"0", X-Frame-Options:"DENY"]
     Content type = application/json
             Body = []
    Forwarded URL = null
   Redirected URL = null
          Cookies = []

MockHttpServletRequest:
      HTTP Method = GET
      Request URI = /api/v1/staff/user-detail/user
       Parameters = {_csrf=[30bba1fd-a2cd-4f2f-955d-4c35f53da86d]}
          Headers = []
             Body = null
    Session Attrs = {SPRING_SECURITY_CONTEXT=SecurityContextImpl [Authentication=UsernamePasswordAuthenticationToken [Principal=org.springframework.security.core.userdetails.User [Username=user, Password=[PROTECTED], Enabled=true, AccountNonExpired=true, credentialsNonExpired=true, AccountNonLocked=true, Granted Authorities=[ROLE_USER]], Credentials=[PROTECTED], Authenticated=true, Details=null, Granted Authorities=[ROLE_USER]]]}

Handler:
             Type = com.example.uxn_api.web.staff.controller.StaffApiController
           Method = com.example.uxn_api.web.staff.controller.StaffApiController#userDetail(String)

Async:
    Async started = false
     Async result = null

Resolved Exception:
             Type = null

ModelAndView:
        View name = null
             View = null
            Model = null

FlashMap:
       Attributes = null

MockHttpServletResponse:
           Status = 200
    Error message = null
          Headers = [Content-Type:"application/json", X-Content-Type-Options:"nosniff", X-XSS-Protection:"1; mode=block", Cache-Control:"no-cache, no-store, max-age=0, must-revalidate", Pragma:"no-cache", Expires:"0", X-Frame-Options:"DENY"]
     Content type = application/json
             Body = {"user_name":"user","diabetes_level":[99.99]}
    Forwarded URL = null
   Redirected URL = null
          Cookies = []
2023-05-19 17:33:11.331 DEBUG 30880 --- [    Test worker] c.e.u.w.s.controller.StaffApiController  : registration user start:null
2023-05-19 17:33:11.331 DEBUG 30880 --- [    Test worker] c.e.u.w.s.controller.StaffApiController  : staffRegistrationUser: code empty
2023-05-19 17:33:11.332 ERROR 30880 --- [    Test worker] c.e.u.web.error.CustomExceptionHandler   : LoginException :410

MockHttpServletRequest:
      HTTP Method = PUT
      Request URI = /api/v1/staff/registration/user
       Parameters = {_csrf=[4c10e20e-5fe1-4fc4-be97-ce76d1ebfde8]}
          Headers = [Content-Type:"application/json;charset=UTF-8", Content-Length:"82"]
             Body = {"staffName":"staff","userEmail":"staff123@gmail.com","staffIdx":111,"userIdx":33}
    Session Attrs = {SPRING_SECURITY_CONTEXT=SecurityContextImpl [Authentication=UsernamePasswordAuthenticationToken [Principal=org.springframework.security.core.userdetails.User [Username=user, Password=[PROTECTED], Enabled=true, AccountNonExpired=true, credentialsNonExpired=true, AccountNonLocked=true, Granted Authorities=[ROLE_USER]], Credentials=[PROTECTED], Authenticated=true, Details=null, Granted Authorities=[ROLE_USER]]]}

Handler:
             Type = com.example.uxn_api.web.staff.controller.StaffApiController
           Method = com.example.uxn_api.web.staff.controller.StaffApiController#staffRegistrationUser(UserRegistrationDto)

Async:
    Async started = false
     Async result = null

Resolved Exception:
             Type = com.example.uxn_api.web.error.LoginException

ModelAndView:
        View name = null
             View = null
            Model = null

FlashMap:
       Attributes = null

MockHttpServletResponse:
           Status = 410
    Error message = null
          Headers = [Content-Type:"application/json", X-Content-Type-Options:"nosniff", X-XSS-Protection:"1; mode=block", Cache-Control:"no-cache, no-store, max-age=0, must-revalidate", Pragma:"no-cache", Expires:"0", X-Frame-Options:"DENY"]
     Content type = application/json
             Body = {"status":410,"message":"INPUT_CODE_EMPTY","code":"INPUT_CODE_EMPTY"}
    Forwarded URL = null
   Redirected URL = null
          Cookies = []
2023-05-19 17:33:11.338 DEBUG 30880 --- [    Test worker] c.e.u.w.s.controller.StaffApiController  : registration user start:testCode
2023-05-19 17:33:11.338 DEBUG 30880 --- [    Test worker] c.e.u.w.s.controller.StaffApiController  : staffRegistrationUser: staff not found
2023-05-19 17:33:11.339 ERROR 30880 --- [    Test worker] c.e.u.web.error.CustomExceptionHandler   : LoginException :411

MockHttpServletRequest:
      HTTP Method = PUT
      Request URI = /api/v1/staff/registration/user
       Parameters = {_csrf=[172b5335-def6-416e-bef5-3909eadd4172]}
          Headers = [Content-Type:"application/json;charset=UTF-8", Content-Length:"100"]
             Body = {"staffName":"staff","userEmail":"staff123@gmail.com","staffIdx":111,"userIdx":33,"code":"testCode"}
    Session Attrs = {SPRING_SECURITY_CONTEXT=SecurityContextImpl [Authentication=UsernamePasswordAuthenticationToken [Principal=org.springframework.security.core.userdetails.User [Username=user, Password=[PROTECTED], Enabled=true, AccountNonExpired=true, credentialsNonExpired=true, AccountNonLocked=true, Granted Authorities=[ROLE_USER]], Credentials=[PROTECTED], Authenticated=true, Details=null, Granted Authorities=[ROLE_USER]]]}

Handler:
             Type = com.example.uxn_api.web.staff.controller.StaffApiController
           Method = com.example.uxn_api.web.staff.controller.StaffApiController#staffRegistrationUser(UserRegistrationDto)

Async:
    Async started = false
     Async result = null

Resolved Exception:
             Type = com.example.uxn_api.web.error.LoginException

ModelAndView:
        View name = null
             View = null
            Model = null

FlashMap:
       Attributes = null

MockHttpServletResponse:
           Status = 411
    Error message = null
          Headers = [Content-Type:"application/json", X-Content-Type-Options:"nosniff", X-XSS-Protection:"1; mode=block", Cache-Control:"no-cache, no-store, max-age=0, must-revalidate", Pragma:"no-cache", Expires:"0", X-Frame-Options:"DENY"]
     Content type = application/json
             Body = {"status":411,"message":"STAFF_NOT_FOUND","code":"STAFF_NOT_FOUND"}
    Forwarded URL = null
   Redirected URL = null
          Cookies = []
2023-05-19 17:33:11.342 DEBUG 30880 --- [    Test worker] c.e.u.w.s.controller.StaffApiController  : registration user start:testCode123
2023-05-19 17:33:11.343 DEBUG 30880 --- [    Test worker] c.e.u.w.s.controller.StaffApiController  : staffRegistrationUser: not equal approval code
2023-05-19 17:33:11.343 ERROR 30880 --- [    Test worker] c.e.u.web.error.CustomExceptionHandler   : LoginException :412

MockHttpServletRequest:
      HTTP Method = PUT
      Request URI = /api/v1/staff/registration/user
       Parameters = {_csrf=[53768586-7e0a-4189-abdd-666642b1d8c2]}
          Headers = [Content-Type:"application/json;charset=UTF-8", Content-Length:"22"]
             Body = {"code":"testCode123"}
    Session Attrs = {SPRING_SECURITY_CONTEXT=SecurityContextImpl [Authentication=UsernamePasswordAuthenticationToken [Principal=org.springframework.security.core.userdetails.User [Username=user, Password=[PROTECTED], Enabled=true, AccountNonExpired=true, credentialsNonExpired=true, AccountNonLocked=true, Granted Authorities=[ROLE_USER]], Credentials=[PROTECTED], Authenticated=true, Details=null, Granted Authorities=[ROLE_USER]]]}

Handler:
             Type = com.example.uxn_api.web.staff.controller.StaffApiController
           Method = com.example.uxn_api.web.staff.controller.StaffApiController#staffRegistrationUser(UserRegistrationDto)

Async:
    Async started = false
     Async result = null

Resolved Exception:
             Type = com.example.uxn_api.web.error.LoginException

ModelAndView:
        View name = null
             View = null
            Model = null

FlashMap:
       Attributes = null

MockHttpServletResponse:
           Status = 412
    Error message = null
          Headers = [Content-Type:"application/json", X-Content-Type-Options:"nosniff", X-XSS-Protection:"1; mode=block", Cache-Control:"no-cache, no-store, max-age=0, must-revalidate", Pragma:"no-cache", Expires:"0", X-Frame-Options:"DENY"]
     Content type = application/json
             Body = {"status":412,"message":"INPUT_CODE_EMPTY","code":"INPUT_CODE_EMPTY"}
    Forwarded URL = null
   Redirected URL = null
          Cookies = []
2023-05-19 17:33:11.348 DEBUG 30880 --- [    Test worker] c.e.u.w.s.controller.StaffApiController  : registration user start:testCode

MockHttpServletRequest:
      HTTP Method = PUT
      Request URI = /api/v1/staff/registration/user
       Parameters = {_csrf=[0c17cdb6-8ef2-47a1-91da-9e6a78f39c32]}
          Headers = [Content-Type:"application/json;charset=UTF-8", Content-Length:"19"]
             Body = {"code":"testCode"}
    Session Attrs = {SPRING_SECURITY_CONTEXT=SecurityContextImpl [Authentication=UsernamePasswordAuthenticationToken [Principal=org.springframework.security.core.userdetails.User [Username=user, Password=[PROTECTED], Enabled=true, AccountNonExpired=true, credentialsNonExpired=true, AccountNonLocked=true, Granted Authorities=[ROLE_USER]], Credentials=[PROTECTED], Authenticated=true, Details=null, Granted Authorities=[ROLE_USER]]]}

Handler:
             Type = com.example.uxn_api.web.staff.controller.StaffApiController
           Method = com.example.uxn_api.web.staff.controller.StaffApiController#staffRegistrationUser(UserRegistrationDto)

Async:
    Async started = false
     Async result = null

Resolved Exception:
             Type = null

ModelAndView:
        View name = null
             View = null
            Model = null

FlashMap:
       Attributes = null

MockHttpServletResponse:
           Status = 200
    Error message = null
          Headers = [X-Content-Type-Options:"nosniff", X-XSS-Protection:"1; mode=block", Cache-Control:"no-cache, no-store, max-age=0, must-revalidate", Pragma:"no-cache", Expires:"0", X-Frame-Options:"DENY"]
     Content type = null
             Body = 
    Forwarded URL = null
   Redirected URL = null
          Cookies = []
2023-05-19 17:33:11.363  INFO 30880 --- [    Test worker] c.e.u.w.s.controller.StaffApiController  : list date : null

MockHttpServletRequest:
      HTTP Method = GET
      Request URI = /api/v1/staff/user-list/33
       Parameters = {_csrf=[80e27dfb-5043-4f9e-b645-dac21dd2c0cf]}
          Headers = []
             Body = null
    Session Attrs = {SPRING_SECURITY_CONTEXT=SecurityContextImpl [Authentication=UsernamePasswordAuthenticationToken [Principal=org.springframework.security.core.userdetails.User [Username=user, Password=[PROTECTED], Enabled=true, AccountNonExpired=true, credentialsNonExpired=true, AccountNonLocked=true, Granted Authorities=[ROLE_USER]], Credentials=[PROTECTED], Authenticated=true, Details=null, Granted Authorities=[ROLE_USER]]]}

Handler:
             Type = com.example.uxn_api.web.staff.controller.StaffApiController
           Method = com.example.uxn_api.web.staff.controller.StaffApiController#userList(Long, String, String)

Async:
    Async started = false
     Async result = null

Resolved Exception:
             Type = null

ModelAndView:
        View name = null
             View = null
            Model = null

FlashMap:
       Attributes = null

MockHttpServletResponse:
           Status = 200
    Error message = null
          Headers = [Content-Type:"application/json", X-Content-Type-Options:"nosniff", X-XSS-Protection:"1; mode=block", Cache-Control:"no-cache, no-store, max-age=0, must-revalidate", Pragma:"no-cache", Expires:"0", X-Frame-Options:"DENY"]
     Content type = application/json
             Body = []
    Forwarded URL = null
   Redirected URL = null
          Cookies = []

MockHttpServletRequest:
      HTTP Method = GET
      Request URI = /api/v1/staff/search/userName
       Parameters = {_csrf=[a6fefd1c-0ef2-469b-8042-bd5fd1c3f86c]}
          Headers = []
             Body = null
    Session Attrs = {SPRING_SECURITY_CONTEXT=SecurityContextImpl [Authentication=UsernamePasswordAuthenticationToken [Principal=org.springframework.security.core.userdetails.User [Username=user, Password=[PROTECTED], Enabled=true, AccountNonExpired=true, credentialsNonExpired=true, AccountNonLocked=true, Granted Authorities=[ROLE_USER]], Credentials=[PROTECTED], Authenticated=true, Details=null, Granted Authorities=[ROLE_USER]]]}

Handler:
             Type = com.example.uxn_api.web.staff.controller.StaffApiController
           Method = com.example.uxn_api.web.staff.controller.StaffApiController#searchUserName(String)

Async:
    Async started = false
     Async result = null

Resolved Exception:
             Type = null

ModelAndView:
        View name = null
             View = null
            Model = null

FlashMap:
       Attributes = null

MockHttpServletResponse:
           Status = 200
    Error message = null
          Headers = [Content-Type:"application/json", X-Content-Type-Options:"nosniff", X-XSS-Protection:"1; mode=block", Cache-Control:"no-cache, no-store, max-age=0, must-revalidate", Pragma:"no-cache", Expires:"0", X-Frame-Options:"DENY"]
     Content type = application/json
             Body = {"average":null,"lowBloodSugarDtoList":null,"timeActivateList":null,"timeActivate":null,"activateGraphDtoList":null,"user_idx":33,"user_name":"userName","user_email":null,"user_birth":null,"user_gender":null,"email_verify_date":null,"last_data_time":null,"device_id":null,"scan_average":0,"time_sensor_activate":0.0,"under_percent":0.0,"goal_percent":0.0,"excess_percent":0.0,"low_blood_sugar_count":null,"low_blood_sugar_duration":null}
    Forwarded URL = null
   Redirected URL = null
          Cookies = []
]]></system-out>
  <system-err><![CDATA[]]></system-err>
</testsuite>
