<?xml version="1.0" encoding="UTF-8"?>
<testsuite name="com.example.uxn_api.web.invite.InviteControllerTest" tests="1" skipped="0" failures="0" errors="0" timestamp="2023-05-19T08:33:07" hostname="NOTEBOOK-KWYEOM" time="0.022">
  <properties/>
  <testcase name="infoFromUser test" classname="com.example.uxn_api.web.invite.InviteControllerTest" time="0.022"/>
  <system-out><![CDATA[2023-05-19 17:33:06.051  INFO 30880 --- [    Test worker] .b.t.a.w.s.WebMvcTestContextBootstrapper : Neither @ContextConfiguration nor @ContextHierarchy found for test class [com.example.uxn_api.web.invite.InviteControllerTest], using SpringBootContextLoader
2023-05-19 17:33:06.051  INFO 30880 --- [    Test worker] o.s.t.c.support.AbstractContextLoader    : Could not detect default resource locations for test class [com.example.uxn_api.web.invite.InviteControllerTest]: no resource found for suffixes {-context.xml, Context.groovy}.
2023-05-19 17:33:06.052  INFO 30880 --- [    Test worker] t.c.s.AnnotationConfigContextLoaderUtils : Could not detect default configuration classes for test class [com.example.uxn_api.web.invite.InviteControllerTest]: InviteControllerTest does not declare any static, non-private, non-final, nested classes annotated with @Configuration.
2023-05-19 17:33:06.066  INFO 30880 --- [    Test worker] .b.t.c.SpringBootTestContextBootstrapper : Found @SpringBootConfiguration com.example.uxn_api.UxnApiApplication for test class com.example.uxn_api.web.invite.InviteControllerTest
2023-05-19 17:33:06.067  INFO 30880 --- [    Test worker] .b.t.a.w.s.WebMvcTestContextBootstrapper : Loaded default TestExecutionListener class names from location [META-INF/spring.factories]: [org.springframework.security.test.context.support.WithSecurityContextTestExecutionListener, org.springframework.security.test.context.support.ReactorContextTestExecutionListener, org.springframework.boot.test.autoconfigure.restdocs.RestDocsTestExecutionListener, org.springframework.boot.test.autoconfigure.web.client.MockRestServiceServerResetTestExecutionListener, org.springframework.boot.test.autoconfigure.web.servlet.MockMvcPrintOnlyOnFailureTestExecutionListener, org.springframework.boot.test.autoconfigure.web.servlet.WebDriverTestExecutionListener, org.springframework.boot.test.autoconfigure.webservices.client.MockWebServiceServerTestExecutionListener, org.springframework.boot.test.mock.mockito.MockitoTestExecutionListener, org.springframework.boot.test.mock.mockito.ResetMocksTestExecutionListener, org.springframework.test.context.web.ServletTestExecutionListener, org.springframework.test.context.support.DirtiesContextBeforeModesTestExecutionListener, org.springframework.test.context.event.ApplicationEventsTestExecutionListener, org.springframework.test.context.support.DependencyInjectionTestExecutionListener, org.springframework.test.context.support.DirtiesContextTestExecutionListener, org.springframework.test.context.transaction.TransactionalTestExecutionListener, org.springframework.test.context.jdbc.SqlScriptsTestExecutionListener, org.springframework.test.context.event.EventPublishingTestExecutionListener]
2023-05-19 17:33:06.069  INFO 30880 --- [    Test worker] .b.t.a.w.s.WebMvcTestContextBootstrapper : Using TestExecutionListeners: [org.springframework.test.context.web.ServletTestExecutionListener@2c708eed, org.springframework.test.context.support.DirtiesContextBeforeModesTestExecutionListener@38bc267f, org.springframework.test.context.event.ApplicationEventsTestExecutionListener@64a94c26, org.springframework.boot.test.mock.mockito.MockitoTestExecutionListener@6675189a, org.springframework.boot.test.autoconfigure.SpringBootDependencyInjectionTestExecutionListener@4edae55f, org.springframework.test.context.support.DirtiesContextTestExecutionListener@170cbd25, org.springframework.test.context.transaction.TransactionalTestExecutionListener@396a0b9e, org.springframework.test.context.jdbc.SqlScriptsTestExecutionListener@779565e1, org.springframework.security.test.context.support.WithSecurityContextTestExecutionListener@6efc9651, org.springframework.test.context.event.EventPublishingTestExecutionListener@1c6beb3e, org.springframework.security.test.context.support.ReactorContextTestExecutionListener@75b425d6, org.springframework.boot.test.autoconfigure.restdocs.RestDocsTestExecutionListener@2952ecec, org.springframework.boot.test.autoconfigure.web.client.MockRestServiceServerResetTestExecutionListener@2396a989, org.springframework.boot.test.autoconfigure.web.servlet.MockMvcPrintOnlyOnFailureTestExecutionListener@60e784de, org.springframework.boot.test.autoconfigure.web.servlet.WebDriverTestExecutionListener@34298781, org.springframework.boot.test.autoconfigure.webservices.client.MockWebServiceServerTestExecutionListener@a223864, org.springframework.boot.test.mock.mockito.ResetMocksTestExecutionListener@1c6e0248]

  .   ____          _            __ _ _
 /\\ / ___'_ __ _ _(_)_ __  __ _ \ \ \ \
( ( )\___ | '_ | '_| | '_ \/ _` | \ \ \ \
 \\/  ___)| |_)| | | | | || (_| |  ) ) ) )
  '  |____| .__|_| |_|_| |_\__, | / / / /
 =========|_|==============|___/=/_/_/_/
 :: Spring Boot ::                (v2.7.1)

2023-05-19 17:33:06.110  INFO 30880 --- [    Test worker] c.e.u.web.invite.InviteControllerTest    : Starting InviteControllerTest using Java 11.0.16 on notebook-kwyeom with PID 30880 (started by tochi in D:\GIT_Source\T1x_agms_server\uxn_api)
2023-05-19 17:33:06.110 DEBUG 30880 --- [    Test worker] c.e.u.web.invite.InviteControllerTest    : Running with Spring Boot v2.7.1, Spring v5.3.21
2023-05-19 17:33:06.111  INFO 30880 --- [    Test worker] c.e.u.web.invite.InviteControllerTest    : No active profile set, falling back to 1 default profile: "default"
2023-05-19 17:33:06.705  WARN 30880 --- [    Test worker] ion$DefaultTemplateResolverConfiguration : Cannot find template location: classpath:/templates/ (please add some templates or check your Thymeleaf configuration)
2023-05-19 17:33:06.826  WARN 30880 --- [    Test worker] .s.s.UserDetailsServiceAutoConfiguration : 

Using generated security password: 51c08576-a5b3-4f5a-b0cf-61d09d45d9a2

This generated password is for development use only. Your security configuration must be updated before running your application in production.

2023-05-19 17:33:06.967  INFO 30880 --- [    Test worker] o.s.s.web.DefaultSecurityFilterChain     : Will secure any request with [org.springframework.security.web.session.DisableEncodeUrlFilter@de20a4, org.springframework.security.web.context.request.async.WebAsyncManagerIntegrationFilter@4576f822, org.springframework.security.web.context.SecurityContextPersistenceFilter@69c31b6c, org.springframework.security.web.header.HeaderWriterFilter@6043a43f, org.springframework.security.web.csrf.CsrfFilter@1037a234, org.springframework.security.web.authentication.logout.LogoutFilter@553b9c69, org.springframework.security.web.authentication.UsernamePasswordAuthenticationFilter@45d619c2, org.springframework.security.web.authentication.ui.DefaultLoginPageGeneratingFilter@20276f61, org.springframework.security.web.authentication.ui.DefaultLogoutPageGeneratingFilter@301be147, org.springframework.security.web.authentication.www.BasicAuthenticationFilter@442c421a, org.springframework.security.web.savedrequest.RequestCacheAwareFilter@584b975d, org.springframework.security.web.servletapi.SecurityContextHolderAwareRequestFilter@2554a237, org.springframework.security.web.authentication.AnonymousAuthenticationFilter@160149cc, org.springframework.security.web.session.SessionManagementFilter@44c827c3, org.springframework.security.web.access.ExceptionTranslationFilter@543ca0a1, org.springframework.security.web.access.intercept.FilterSecurityInterceptor@66446538]
2023-05-19 17:33:07.027  INFO 30880 --- [    Test worker] o.s.b.t.m.w.SpringBootMockServletContext : Initializing Spring TestDispatcherServlet ''
2023-05-19 17:33:07.027  INFO 30880 --- [    Test worker] o.s.t.web.servlet.TestDispatcherServlet  : Initializing Servlet ''
2023-05-19 17:33:07.028  INFO 30880 --- [    Test worker] o.s.t.web.servlet.TestDispatcherServlet  : Completed initialization in 1 ms
2023-05-19 17:33:07.045  INFO 30880 --- [    Test worker] c.e.u.web.invite.InviteControllerTest    : Started InviteControllerTest in 0.974 seconds (JVM running for 22.682)
2023-05-19 17:33:07.059 DEBUG 30880 --- [    Test worker] c.e.uxn_api.web.invite.InviteController  : code:sVfW7hCs
2023-05-19 17:33:07.059 DEBUG 30880 --- [    Test worker] c.e.uxn_api.web.invite.InviteController  : code exist:sVfW7hCs
2023-05-19 17:33:07.060 DEBUG 30880 --- [    Test worker] c.e.uxn_api.web.invite.InviteController  : invite not null
2023-05-19 17:33:07.060 DEBUG 30880 --- [    Test worker] c.e.uxn_api.web.invite.InviteController  : staff not null
2023-05-19 17:33:07.060 DEBUG 30880 --- [    Test worker] c.e.uxn_api.web.invite.InviteController  : user not null

MockHttpServletRequest:
      HTTP Method = GET
      Request URI = /invited/sVfW7hCs
       Parameters = {_csrf=[dffa8910-8d68-40e8-8512-21ad4676b94b]}
          Headers = []
             Body = null
    Session Attrs = {SPRING_SECURITY_CONTEXT=SecurityContextImpl [Authentication=UsernamePasswordAuthenticationToken [Principal=org.springframework.security.core.userdetails.User [Username=user, Password=[PROTECTED], Enabled=true, AccountNonExpired=true, credentialsNonExpired=true, AccountNonLocked=true, Granted Authorities=[ROLE_USER]], Credentials=[PROTECTED], Authenticated=true, Details=null, Granted Authorities=[ROLE_USER]]]}

Handler:
             Type = com.example.uxn_api.web.invite.InviteController
           Method = com.example.uxn_api.web.invite.InviteController#infoFromUser(String)

Async:
    Async started = false
     Async result = null

Resolved Exception:
             Type = null

ModelAndView:
        View name = redirect:https://agmscare.kr/alert?message=%EC%9D%98%EC%82%AC%EB%A5%BC+%EB%93%B1%EB%A1%9D%ED%95%98%EC%98%80%EC%8A%B5%EB%8B%88%EB%8B%A4.
             View = null
            Model = null

FlashMap:
       Attributes = null

MockHttpServletResponse:
           Status = 302
    Error message = null
          Headers = [Content-Language:"en", X-Content-Type-Options:"nosniff", X-XSS-Protection:"1; mode=block", Cache-Control:"no-cache, no-store, max-age=0, must-revalidate", Pragma:"no-cache", Expires:"0", X-Frame-Options:"DENY", Location:"https://agmscare.kr/alert?message=%EC%9D%98%EC%82%AC%EB%A5%BC+%EB%93%B1%EB%A1%9D%ED%95%98%EC%98%80%EC%8A%B5%EB%8B%88%EB%8B%A4."]
     Content type = null
             Body = 
    Forwarded URL = null
   Redirected URL = https://agmscare.kr/alert?message=%EC%9D%98%EC%82%AC%EB%A5%BC+%EB%93%B1%EB%A1%9D%ED%95%98%EC%98%80%EC%8A%B5%EB%8B%88%EB%8B%A4.
          Cookies = []
2023-05-19 17:33:07.064 DEBUG 30880 --- [    Test worker] c.e.uxn_api.web.invite.InviteController  : code:null
2023-05-19 17:33:07.065 DEBUG 30880 --- [    Test worker] c.e.uxn_api.web.invite.InviteController  : code exist:null

MockHttpServletRequest:
      HTTP Method = GET
      Request URI = /invited/null
       Parameters = {_csrf=[152d17f2-dd57-41c2-aac6-e9c97c656a35]}
          Headers = []
             Body = null
    Session Attrs = {SPRING_SECURITY_CONTEXT=SecurityContextImpl [Authentication=UsernamePasswordAuthenticationToken [Principal=org.springframework.security.core.userdetails.User [Username=user, Password=[PROTECTED], Enabled=true, AccountNonExpired=true, credentialsNonExpired=true, AccountNonLocked=true, Granted Authorities=[ROLE_USER]], Credentials=[PROTECTED], Authenticated=true, Details=null, Granted Authorities=[ROLE_USER]]]}

Handler:
             Type = com.example.uxn_api.web.invite.InviteController
           Method = com.example.uxn_api.web.invite.InviteController#infoFromUser(String)

Async:
    Async started = false
     Async result = null

Resolved Exception:
             Type = null

ModelAndView:
        View name = redirect:https://agmscare.kr/alert?message=%EC%9C%A0%ED%9A%A8%ED%95%98%EC%A7%80+%EC%95%8A%EC%9D%80+%EC%BD%94%EB%93%9C%EC%9E%85%EB%8B%88%EB%8B%A4.
             View = null
            Model = null

FlashMap:
       Attributes = null

MockHttpServletResponse:
           Status = 302
    Error message = null
          Headers = [Content-Language:"en", X-Content-Type-Options:"nosniff", X-XSS-Protection:"1; mode=block", Cache-Control:"no-cache, no-store, max-age=0, must-revalidate", Pragma:"no-cache", Expires:"0", X-Frame-Options:"DENY", Location:"https://agmscare.kr/alert?message=%EC%9C%A0%ED%9A%A8%ED%95%98%EC%A7%80+%EC%95%8A%EC%9D%80+%EC%BD%94%EB%93%9C%EC%9E%85%EB%8B%88%EB%8B%A4."]
     Content type = null
             Body = 
    Forwarded URL = null
   Redirected URL = https://agmscare.kr/alert?message=%EC%9C%A0%ED%9A%A8%ED%95%98%EC%A7%80+%EC%95%8A%EC%9D%80+%EC%BD%94%EB%93%9C%EC%9E%85%EB%8B%88%EB%8B%A4.
          Cookies = []
]]></system-out>
  <system-err><![CDATA[]]></system-err>
</testsuite>
